ERROR - 2017-07-22 11:49:23 --> $config['composer_autoload'] is set to TRUE but /Code/PHP/zd_app/code/ExamPlat/app/vendor/autoload.php was not found.
ERROR - 2017-07-22 11:49:24 --> $config['composer_autoload'] is set to TRUE but /Code/PHP/zd_app/code/ExamPlat/app/vendor/autoload.php was not found.
ERROR - 2017-07-22 11:49:24 --> 404 Page Not Found: Mock/images
ERROR - 2017-07-22 11:49:26 --> $config['composer_autoload'] is set to TRUE but /Code/PHP/zd_app/code/ExamPlat/app/vendor/autoload.php was not found.
ERROR - 2017-07-22 11:50:04 --> $config['composer_autoload'] is set to TRUE but /Code/PHP/zd_app/code/ExamPlat/app/vendor/autoload.php was not found.
ERROR - 2017-07-22 11:50:04 --> $config['composer_autoload'] is set to TRUE but /Code/PHP/zd_app/code/ExamPlat/app/vendor/autoload.php was not found.
ERROR - 2017-07-22 11:50:04 --> Severity: error --> Exception: Session parameter is error in prespeaking /Code/PHP/zd_app/code/ExamPlat/app/models/student/Mock.php 283
ERROR - 2017-07-22 11:50:04 --> $config['composer_autoload'] is set to TRUE but /Code/PHP/zd_app/code/ExamPlat/app/vendor/autoload.php was not found.
ERROR - 2017-07-22 11:50:04 --> 404 Page Not Found: Faviconico/index
ERROR - 2017-07-22 11:51:18 --> $config['composer_autoload'] is set to TRUE but /Code/PHP/zd_app/code/ExamPlat/app/vendor/autoload.php was not found.
ERROR - 2017-07-22 11:51:19 --> $config['composer_autoload'] is set to TRUE but /Code/PHP/zd_app/code/ExamPlat/app/vendor/autoload.php was not found.
ERROR - 2017-07-22 11:51:19 --> $config['composer_autoload'] is set to TRUE but /Code/PHP/zd_app/code/ExamPlat/app/vendor/autoload.php was not found.
ERROR - 2017-07-22 11:51:22 --> $config['composer_autoload'] is set to TRUE but /Code/PHP/zd_app/code/ExamPlat/app/vendor/autoload.php was not found.
ERROR - 2017-07-22 11:51:26 --> $config['composer_autoload'] is set to TRUE but /Code/PHP/zd_app/code/ExamPlat/app/vendor/autoload.php was not found.
ERROR - 2017-07-22 11:51:28 --> $config['composer_autoload'] is set to TRUE but /Code/PHP/zd_app/code/ExamPlat/app/vendor/autoload.php was not found.
ERROR - 2017-07-22 11:51:29 --> $config['composer_autoload'] is set to TRUE but /Code/PHP/zd_app/code/ExamPlat/app/vendor/autoload.php was not found.
ERROR - 2017-07-22 11:51:30 --> $config['composer_autoload'] is set to TRUE but /Code/PHP/zd_app/code/ExamPlat/app/vendor/autoload.php was not found.
ERROR - 2017-07-22 18:10:36 --> $config['composer_autoload'] is set to TRUE but /Code/PHP/zd_app/code/ExamPlat/app/vendor/autoload.php was not found.
ERROR - 2017-07-22 18:10:38 --> $config['composer_autoload'] is set to TRUE but /Code/PHP/zd_app/code/ExamPlat/app/vendor/autoload.php was not found.
ERROR - 2017-07-22 18:10:38 --> $config['composer_autoload'] is set to TRUE but /Code/PHP/zd_app/code/ExamPlat/app/vendor/autoload.php was not found.
ERROR - 2017-07-22 18:10:39 --> $config['composer_autoload'] is set to TRUE but /Code/PHP/zd_app/code/ExamPlat/app/vendor/autoload.php was not found.
ERROR - 2017-07-22 18:10:39 --> $config['composer_autoload'] is set to TRUE but /Code/PHP/zd_app/code/ExamPlat/app/vendor/autoload.php was not found.
ERROR - 2017-07-22 18:10:39 --> 404 Page Not Found: Mkadc/images
ERROR - 2017-07-22 18:10:42 --> $config['composer_autoload'] is set to TRUE but /Code/PHP/zd_app/code/ExamPlat/app/vendor/autoload.php was not found.
ERROR - 2017-07-22 18:10:42 --> $config['composer_autoload'] is set to TRUE but /Code/PHP/zd_app/code/ExamPlat/app/vendor/autoload.php was not found.
ERROR - 2017-07-22 18:10:42 --> $config['composer_autoload'] is set to TRUE but /Code/PHP/zd_app/code/ExamPlat/app/vendor/autoload.php was not found.
ERROR - 2017-07-22 18:10:45 --> $config['composer_autoload'] is set to TRUE but /Code/PHP/zd_app/code/ExamPlat/app/vendor/autoload.php was not found.
ERROR - 2017-07-22 18:10:47 --> $config['composer_autoload'] is set to TRUE but /Code/PHP/zd_app/code/ExamPlat/app/vendor/autoload.php was not found.
ERROR - 2017-07-22 18:10:49 --> $config['composer_autoload'] is set to TRUE but /Code/PHP/zd_app/code/ExamPlat/app/vendor/autoload.php was not found.
ERROR - 2017-07-22 18:12:29 --> $config['composer_autoload'] is set to TRUE but /Code/PHP/zd_app/code/ExamPlat/app/vendor/autoload.php was not found.
ERROR - 2017-07-22 18:12:39 --> $config['composer_autoload'] is set to TRUE but /Code/PHP/zd_app/code/ExamPlat/app/vendor/autoload.php was not found.
ERROR - 2017-07-22 18:12:40 --> $config['composer_autoload'] is set to TRUE but /Code/PHP/zd_app/code/ExamPlat/app/vendor/autoload.php was not found.
ERROR - 2017-07-22 18:13:02 --> $config['composer_autoload'] is set to TRUE but /Code/PHP/zd_app/code/ExamPlat/app/vendor/autoload.php was not found.
ERROR - 2017-07-22 18:13:03 --> $config['composer_autoload'] is set to TRUE but /Code/PHP/zd_app/code/ExamPlat/app/vendor/autoload.php was not found.
ERROR - 2017-07-22 18:13:07 --> $config['composer_autoload'] is set to TRUE but /Code/PHP/zd_app/code/ExamPlat/app/vendor/autoload.php was not found.
ERROR - 2017-07-22 18:15:40 --> $config['composer_autoload'] is set to TRUE but /Code/PHP/zd_app/code/ExamPlat/app/vendor/autoload.php was not found.
ERROR - 2017-07-22 18:15:41 --> $config['composer_autoload'] is set to TRUE but /Code/PHP/zd_app/code/ExamPlat/app/vendor/autoload.php was not found.
ERROR - 2017-07-22 18:15:58 --> $config['composer_autoload'] is set to TRUE but /Code/PHP/zd_app/code/ExamPlat/app/vendor/autoload.php was not found.
ERROR - 2017-07-22 18:15:58 --> $config['composer_autoload'] is set to TRUE but /Code/PHP/zd_app/code/ExamPlat/app/vendor/autoload.php was not found.
ERROR - 2017-07-22 18:15:58 --> $config['composer_autoload'] is set to TRUE but /Code/PHP/zd_app/code/ExamPlat/app/vendor/autoload.php was not found.
ERROR - 2017-07-22 18:17:20 --> $config['composer_autoload'] is set to TRUE but /Code/PHP/zd_app/code/ExamPlat/app/vendor/autoload.php was not found.
ERROR - 2017-07-22 18:17:21 --> $config['composer_autoload'] is set to TRUE but /Code/PHP/zd_app/code/ExamPlat/app/vendor/autoload.php was not found.
ERROR - 2017-07-22 18:17:33 --> $config['composer_autoload'] is set to TRUE but /Code/PHP/zd_app/code/ExamPlat/app/vendor/autoload.php was not found.
ERROR - 2017-07-22 18:17:34 --> $config['composer_autoload'] is set to TRUE but /Code/PHP/zd_app/code/ExamPlat/app/vendor/autoload.php was not found.
ERROR - 2017-07-22 18:17:50 --> $config['composer_autoload'] is set to TRUE but /Code/PHP/zd_app/code/ExamPlat/app/vendor/autoload.php was not found.
ERROR - 2017-07-22 18:17:51 --> $config['composer_autoload'] is set to TRUE but /Code/PHP/zd_app/code/ExamPlat/app/vendor/autoload.php was not found.
ERROR - 2017-07-22 18:17:51 --> $config['composer_autoload'] is set to TRUE but /Code/PHP/zd_app/code/ExamPlat/app/vendor/autoload.php was not found.
ERROR - 2017-07-22 18:17:51 --> 404 Page Not Found: Images/favicon.ico
ERROR - 2017-07-22 18:17:52 --> $config['composer_autoload'] is set to TRUE but /Code/PHP/zd_app/code/ExamPlat/app/vendor/autoload.php was not found.
ERROR - 2017-07-22 18:17:52 --> $config['composer_autoload'] is set to TRUE but /Code/PHP/zd_app/code/ExamPlat/app/vendor/autoload.php was not found.
ERROR - 2017-07-22 18:17:53 --> $config['composer_autoload'] is set to TRUE but /Code/PHP/zd_app/code/ExamPlat/app/vendor/autoload.php was not found.
ERROR - 2017-07-22 18:17:53 --> 404 Page Not Found: Mkadc/images
ERROR - 2017-07-22 18:17:57 --> $config['composer_autoload'] is set to TRUE but /Code/PHP/zd_app/code/ExamPlat/app/vendor/autoload.php was not found.
ERROR - 2017-07-22 18:17:58 --> $config['composer_autoload'] is set to TRUE but /Code/PHP/zd_app/code/ExamPlat/app/vendor/autoload.php was not found.
ERROR - 2017-07-22 18:17:59 --> $config['composer_autoload'] is set to TRUE but /Code/PHP/zd_app/code/ExamPlat/app/vendor/autoload.php was not found.
ERROR - 2017-07-22 18:18:34 --> $config['composer_autoload'] is set to TRUE but /Code/PHP/zd_app/code/ExamPlat/app/vendor/autoload.php was not found.
ERROR - 2017-07-22 18:22:04 --> $config['composer_autoload'] is set to TRUE but /Code/PHP/zd_app/code/ExamPlat/app/vendor/autoload.php was not found.
ERROR - 2017-07-22 18:22:04 --> $config['composer_autoload'] is set to TRUE but /Code/PHP/zd_app/code/ExamPlat/app/vendor/autoload.php was not found.
ERROR - 2017-07-22 18:22:13 --> $config['composer_autoload'] is set to TRUE but /Code/PHP/zd_app/code/ExamPlat/app/vendor/autoload.php was not found.
ERROR - 2017-07-22 18:22:14 --> $config['composer_autoload'] is set to TRUE but /Code/PHP/zd_app/code/ExamPlat/app/vendor/autoload.php was not found.
ERROR - 2017-07-22 18:22:46 --> $config['composer_autoload'] is set to TRUE but /Code/PHP/zd_app/code/ExamPlat/app/vendor/autoload.php was not found.
ERROR - 2017-07-22 18:22:51 --> $config['composer_autoload'] is set to TRUE but /Code/PHP/zd_app/code/ExamPlat/app/vendor/autoload.php was not found.
ERROR - 2017-07-22 18:22:59 --> $config['composer_autoload'] is set to TRUE but /Code/PHP/zd_app/code/ExamPlat/app/vendor/autoload.php was not found.
ERROR - 2017-07-22 18:23:02 --> $config['composer_autoload'] is set to TRUE but /Code/PHP/zd_app/code/ExamPlat/app/vendor/autoload.php was not found.
ERROR - 2017-07-22 18:23:02 --> $config['composer_autoload'] is set to TRUE but /Code/PHP/zd_app/code/ExamPlat/app/vendor/autoload.php was not found.
ERROR - 2017-07-22 18:23:54 --> $config['composer_autoload'] is set to TRUE but /Code/PHP/zd_app/code/ExamPlat/app/vendor/autoload.php was not found.
ERROR - 2017-07-22 18:23:54 --> $config['composer_autoload'] is set to TRUE but /Code/PHP/zd_app/code/ExamPlat/app/vendor/autoload.php was not found.
ERROR - 2017-07-22 18:24:11 --> $config['composer_autoload'] is set to TRUE but /Code/PHP/zd_app/code/ExamPlat/app/vendor/autoload.php was not found.
ERROR - 2017-07-22 18:24:13 --> $config['composer_autoload'] is set to TRUE but /Code/PHP/zd_app/code/ExamPlat/app/vendor/autoload.php was not found.
ERROR - 2017-07-22 18:24:16 --> $config['composer_autoload'] is set to TRUE but /Code/PHP/zd_app/code/ExamPlat/app/vendor/autoload.php was not found.
ERROR - 2017-07-22 18:24:16 --> $config['composer_autoload'] is set to TRUE but /Code/PHP/zd_app/code/ExamPlat/app/vendor/autoload.php was not found.
ERROR - 2017-07-22 18:24:24 --> $config['composer_autoload'] is set to TRUE but /Code/PHP/zd_app/code/ExamPlat/app/vendor/autoload.php was not found.
ERROR - 2017-07-22 18:24:25 --> $config['composer_autoload'] is set to TRUE but /Code/PHP/zd_app/code/ExamPlat/app/vendor/autoload.php was not found.
ERROR - 2017-07-22 18:24:26 --> $config['composer_autoload'] is set to TRUE but /Code/PHP/zd_app/code/ExamPlat/app/vendor/autoload.php was not found.
ERROR - 2017-07-22 18:24:36 --> $config['composer_autoload'] is set to TRUE but /Code/PHP/zd_app/code/ExamPlat/app/vendor/autoload.php was not found.
ERROR - 2017-07-22 18:24:36 --> $config['composer_autoload'] is set to TRUE but /Code/PHP/zd_app/code/ExamPlat/app/vendor/autoload.php was not found.
ERROR - 2017-07-22 18:24:36 --> $config['composer_autoload'] is set to TRUE but /Code/PHP/zd_app/code/ExamPlat/app/vendor/autoload.php was not found.
ERROR - 2017-07-22 18:24:45 --> $config['composer_autoload'] is set to TRUE but /Code/PHP/zd_app/code/ExamPlat/app/vendor/autoload.php was not found.
ERROR - 2017-07-22 18:24:45 --> $config['composer_autoload'] is set to TRUE but /Code/PHP/zd_app/code/ExamPlat/app/vendor/autoload.php was not found.
ERROR - 2017-07-22 18:24:45 --> $config['composer_autoload'] is set to TRUE but /Code/PHP/zd_app/code/ExamPlat/app/vendor/autoload.php was not found.
ERROR - 2017-07-22 18:24:48 --> $config['composer_autoload'] is set to TRUE but /Code/PHP/zd_app/code/ExamPlat/app/vendor/autoload.php was not found.
ERROR - 2017-07-22 18:24:49 --> $config['composer_autoload'] is set to TRUE but /Code/PHP/zd_app/code/ExamPlat/app/vendor/autoload.php was not found.
ERROR - 2017-07-22 18:24:51 --> $config['composer_autoload'] is set to TRUE but /Code/PHP/zd_app/code/ExamPlat/app/vendor/autoload.php was not found.
ERROR - 2017-07-22 18:24:58 --> $config['composer_autoload'] is set to TRUE but /Code/PHP/zd_app/code/ExamPlat/app/vendor/autoload.php was not found.
ERROR - 2017-07-22 18:24:58 --> $config['composer_autoload'] is set to TRUE but /Code/PHP/zd_app/code/ExamPlat/app/vendor/autoload.php was not found.
ERROR - 2017-07-22 18:24:59 --> $config['composer_autoload'] is set to TRUE but /Code/PHP/zd_app/code/ExamPlat/app/vendor/autoload.php was not found.
ERROR - 2017-07-22 18:25:08 --> $config['composer_autoload'] is set to TRUE but /Code/PHP/zd_app/code/ExamPlat/app/vendor/autoload.php was not found.
ERROR - 2017-07-22 18:25:09 --> $config['composer_autoload'] is set to TRUE but /Code/PHP/zd_app/code/ExamPlat/app/vendor/autoload.php was not found.
ERROR - 2017-07-22 18:25:10 --> $config['composer_autoload'] is set to TRUE but /Code/PHP/zd_app/code/ExamPlat/app/vendor/autoload.php was not found.
ERROR - 2017-07-22 18:25:13 --> $config['composer_autoload'] is set to TRUE but /Code/PHP/zd_app/code/ExamPlat/app/vendor/autoload.php was not found.
ERROR - 2017-07-22 18:25:15 --> $config['composer_autoload'] is set to TRUE but /Code/PHP/zd_app/code/ExamPlat/app/vendor/autoload.php was not found.
ERROR - 2017-07-22 18:25:18 --> $config['composer_autoload'] is set to TRUE but /Code/PHP/zd_app/code/ExamPlat/app/vendor/autoload.php was not found.
ERROR - 2017-07-22 18:25:20 --> $config['composer_autoload'] is set to TRUE but /Code/PHP/zd_app/code/ExamPlat/app/vendor/autoload.php was not found.
ERROR - 2017-07-22 18:25:20 --> $config['composer_autoload'] is set to TRUE but /Code/PHP/zd_app/code/ExamPlat/app/vendor/autoload.php was not found.
ERROR - 2017-07-22 18:25:22 --> $config['composer_autoload'] is set to TRUE but /Code/PHP/zd_app/code/ExamPlat/app/vendor/autoload.php was not found.
ERROR - 2017-07-22 18:25:23 --> $config['composer_autoload'] is set to TRUE but /Code/PHP/zd_app/code/ExamPlat/app/vendor/autoload.php was not found.
ERROR - 2017-07-22 18:25:24 --> $config['composer_autoload'] is set to TRUE but /Code/PHP/zd_app/code/ExamPlat/app/vendor/autoload.php was not found.
ERROR - 2017-07-22 18:26:05 --> $config['composer_autoload'] is set to TRUE but /Code/PHP/zd_app/code/ExamPlat/app/vendor/autoload.php was not found.
ERROR - 2017-07-22 18:26:08 --> $config['composer_autoload'] is set to TRUE but /Code/PHP/zd_app/code/ExamPlat/app/vendor/autoload.php was not found.
ERROR - 2017-07-22 18:26:08 --> $config['composer_autoload'] is set to TRUE but /Code/PHP/zd_app/code/ExamPlat/app/vendor/autoload.php was not found.
ERROR - 2017-07-22 18:26:47 --> $config['composer_autoload'] is set to TRUE but /Code/PHP/zd_app/code/ExamPlat/app/vendor/autoload.php was not found.
ERROR - 2017-07-22 18:26:47 --> $config['composer_autoload'] is set to TRUE but /Code/PHP/zd_app/code/ExamPlat/app/vendor/autoload.php was not found.
ERROR - 2017-07-22 18:27:04 --> $config['composer_autoload'] is set to TRUE but /Code/PHP/zd_app/code/ExamPlat/app/vendor/autoload.php was not found.
ERROR - 2017-07-22 18:27:04 --> $config['composer_autoload'] is set to TRUE but /Code/PHP/zd_app/code/ExamPlat/app/vendor/autoload.php was not found.
ERROR - 2017-07-22 18:27:06 --> $config['composer_autoload'] is set to TRUE but /Code/PHP/zd_app/code/ExamPlat/app/vendor/autoload.php was not found.
ERROR - 2017-07-22 18:27:09 --> $config['composer_autoload'] is set to TRUE but /Code/PHP/zd_app/code/ExamPlat/app/vendor/autoload.php was not found.
ERROR - 2017-07-22 18:27:13 --> $config['composer_autoload'] is set to TRUE but /Code/PHP/zd_app/code/ExamPlat/app/vendor/autoload.php was not found.
ERROR - 2017-07-22 18:27:13 --> $config['composer_autoload'] is set to TRUE but /Code/PHP/zd_app/code/ExamPlat/app/vendor/autoload.php was not found.
ERROR - 2017-07-22 18:27:14 --> $config['composer_autoload'] is set to TRUE but /Code/PHP/zd_app/code/ExamPlat/app/vendor/autoload.php was not found.
ERROR - 2017-07-22 18:27:14 --> $config['composer_autoload'] is set to TRUE but /Code/PHP/zd_app/code/ExamPlat/app/vendor/autoload.php was not found.
ERROR - 2017-07-22 18:27:36 --> $config['composer_autoload'] is set to TRUE but /Code/PHP/zd_app/code/ExamPlat/app/vendor/autoload.php was not found.
ERROR - 2017-07-22 18:27:36 --> $config['composer_autoload'] is set to TRUE but /Code/PHP/zd_app/code/ExamPlat/app/vendor/autoload.php was not found.
ERROR - 2017-07-22 18:27:37 --> $config['composer_autoload'] is set to TRUE but /Code/PHP/zd_app/code/ExamPlat/app/vendor/autoload.php was not found.
ERROR - 2017-07-22 18:27:41 --> $config['composer_autoload'] is set to TRUE but /Code/PHP/zd_app/code/ExamPlat/app/vendor/autoload.php was not found.
ERROR - 2017-07-22 18:27:43 --> $config['composer_autoload'] is set to TRUE but /Code/PHP/zd_app/code/ExamPlat/app/vendor/autoload.php was not found.
ERROR - 2017-07-22 18:27:43 --> $config['composer_autoload'] is set to TRUE but /Code/PHP/zd_app/code/ExamPlat/app/vendor/autoload.php was not found.
ERROR - 2017-07-22 18:27:46 --> $config['composer_autoload'] is set to TRUE but /Code/PHP/zd_app/code/ExamPlat/app/vendor/autoload.php was not found.
ERROR - 2017-07-22 18:27:46 --> $config['composer_autoload'] is set to TRUE but /Code/PHP/zd_app/code/ExamPlat/app/vendor/autoload.php was not found.
ERROR - 2017-07-22 18:27:46 --> $config['composer_autoload'] is set to TRUE but /Code/PHP/zd_app/code/ExamPlat/app/vendor/autoload.php was not found.
ERROR - 2017-07-22 18:28:17 --> $config['composer_autoload'] is set to TRUE but /Code/PHP/zd_app/code/ExamPlat/app/vendor/autoload.php was not found.
ERROR - 2017-07-22 18:29:09 --> $config['composer_autoload'] is set to TRUE but /Code/PHP/zd_app/code/ExamPlat/app/vendor/autoload.php was not found.
ERROR - 2017-07-22 18:29:36 --> $config['composer_autoload'] is set to TRUE but /Code/PHP/zd_app/code/ExamPlat/app/vendor/autoload.php was not found.
ERROR - 2017-07-22 18:32:16 --> $config['composer_autoload'] is set to TRUE but /Code/PHP/zd_app/code/ExamPlat/app/vendor/autoload.php was not found.
ERROR - 2017-07-22 18:32:16 --> $config['composer_autoload'] is set to TRUE but /Code/PHP/zd_app/code/ExamPlat/app/vendor/autoload.php was not found.
ERROR - 2017-07-22 18:35:39 --> $config['composer_autoload'] is set to TRUE but /Code/PHP/zd_app/code/ExamPlat/app/vendor/autoload.php was not found.
ERROR - 2017-07-22 18:35:39 --> $config['composer_autoload'] is set to TRUE but /Code/PHP/zd_app/code/ExamPlat/app/vendor/autoload.php was not found.
ERROR - 2017-07-22 18:36:19 --> $config['composer_autoload'] is set to TRUE but /Code/PHP/zd_app/code/ExamPlat/app/vendor/autoload.php was not found.
ERROR - 2017-07-22 18:36:51 --> $config['composer_autoload'] is set to TRUE but /Code/PHP/zd_app/code/ExamPlat/app/vendor/autoload.php was not found.
ERROR - 2017-07-22 18:37:00 --> $config['composer_autoload'] is set to TRUE but /Code/PHP/zd_app/code/ExamPlat/app/vendor/autoload.php was not found.
ERROR - 2017-07-22 18:38:11 --> $config['composer_autoload'] is set to TRUE but /Code/PHP/zd_app/code/ExamPlat/app/vendor/autoload.php was not found.
ERROR - 2017-07-22 18:38:12 --> $config['composer_autoload'] is set to TRUE but /Code/PHP/zd_app/code/ExamPlat/app/vendor/autoload.php was not found.
ERROR - 2017-07-22 18:38:15 --> $config['composer_autoload'] is set to TRUE but /Code/PHP/zd_app/code/ExamPlat/app/vendor/autoload.php was not found.
ERROR - 2017-07-22 18:39:25 --> $config['composer_autoload'] is set to TRUE but /Code/PHP/zd_app/code/ExamPlat/app/vendor/autoload.php was not found.
ERROR - 2017-07-22 18:40:02 --> $config['composer_autoload'] is set to TRUE but /Code/PHP/zd_app/code/ExamPlat/app/vendor/autoload.php was not found.
ERROR - 2017-07-22 18:40:38 --> $config['composer_autoload'] is set to TRUE but /Code/PHP/zd_app/code/ExamPlat/app/vendor/autoload.php was not found.
ERROR - 2017-07-22 18:55:18 --> $config['composer_autoload'] is set to TRUE but /Code/PHP/zd_app/code/ExamPlat/app/vendor/autoload.php was not found.
ERROR - 2017-07-22 18:55:19 --> $config['composer_autoload'] is set to TRUE but /Code/PHP/zd_app/code/ExamPlat/app/vendor/autoload.php was not found.
ERROR - 2017-07-22 18:56:16 --> $config['composer_autoload'] is set to TRUE but /Code/PHP/zd_app/code/ExamPlat/app/vendor/autoload.php was not found.
ERROR - 2017-07-22 18:56:20 --> $config['composer_autoload'] is set to TRUE but /Code/PHP/zd_app/code/ExamPlat/app/vendor/autoload.php was not found.
ERROR - 2017-07-22 18:56:23 --> $config['composer_autoload'] is set to TRUE but /Code/PHP/zd_app/code/ExamPlat/app/vendor/autoload.php was not found.
ERROR - 2017-07-22 18:57:19 --> $config['composer_autoload'] is set to TRUE but /Code/PHP/zd_app/code/ExamPlat/app/vendor/autoload.php was not found.
ERROR - 2017-07-22 18:57:19 --> $config['composer_autoload'] is set to TRUE but /Code/PHP/zd_app/code/ExamPlat/app/vendor/autoload.php was not found.
ERROR - 2017-07-22 18:57:34 --> $config['composer_autoload'] is set to TRUE but /Code/PHP/zd_app/code/ExamPlat/app/vendor/autoload.php was not found.
ERROR - 2017-07-22 18:59:39 --> $config['composer_autoload'] is set to TRUE but /Code/PHP/zd_app/code/ExamPlat/app/vendor/autoload.php was not found.
ERROR - 2017-07-22 18:59:39 --> $config['composer_autoload'] is set to TRUE but /Code/PHP/zd_app/code/ExamPlat/app/vendor/autoload.php was not found.
ERROR - 2017-07-22 18:59:51 --> $config['composer_autoload'] is set to TRUE but /Code/PHP/zd_app/code/ExamPlat/app/vendor/autoload.php was not found.
ERROR - 2017-07-22 19:00:08 --> $config['composer_autoload'] is set to TRUE but /Code/PHP/zd_app/code/ExamPlat/app/vendor/autoload.php was not found.
ERROR - 2017-07-22 19:00:09 --> $config['composer_autoload'] is set to TRUE but /Code/PHP/zd_app/code/ExamPlat/app/vendor/autoload.php was not found.
ERROR - 2017-07-22 19:00:18 --> $config['composer_autoload'] is set to TRUE but /Code/PHP/zd_app/code/ExamPlat/app/vendor/autoload.php was not found.
ERROR - 2017-07-22 19:00:52 --> $config['composer_autoload'] is set to TRUE but /Code/PHP/zd_app/code/ExamPlat/app/vendor/autoload.php was not found.
ERROR - 2017-07-22 19:00:52 --> $config['composer_autoload'] is set to TRUE but /Code/PHP/zd_app/code/ExamPlat/app/vendor/autoload.php was not found.
ERROR - 2017-07-22 19:01:04 --> $config['composer_autoload'] is set to TRUE but /Code/PHP/zd_app/code/ExamPlat/app/vendor/autoload.php was not found.
ERROR - 2017-07-22 19:01:24 --> $config['composer_autoload'] is set to TRUE but /Code/PHP/zd_app/code/ExamPlat/app/vendor/autoload.php was not found.
ERROR - 2017-07-22 19:03:07 --> $config['composer_autoload'] is set to TRUE but /Code/PHP/zd_app/code/ExamPlat/app/vendor/autoload.php was not found.
ERROR - 2017-07-22 19:03:07 --> $config['composer_autoload'] is set to TRUE but /Code/PHP/zd_app/code/ExamPlat/app/vendor/autoload.php was not found.
ERROR - 2017-07-22 19:03:19 --> $config['composer_autoload'] is set to TRUE but /Code/PHP/zd_app/code/ExamPlat/app/vendor/autoload.php was not found.
ERROR - 2017-07-22 19:03:37 --> $config['composer_autoload'] is set to TRUE but /Code/PHP/zd_app/code/ExamPlat/app/vendor/autoload.php was not found.
ERROR - 2017-07-22 19:03:37 --> $config['composer_autoload'] is set to TRUE but /Code/PHP/zd_app/code/ExamPlat/app/vendor/autoload.php was not found.
ERROR - 2017-07-22 19:03:38 --> $config['composer_autoload'] is set to TRUE but /Code/PHP/zd_app/code/ExamPlat/app/vendor/autoload.php was not found.
ERROR - 2017-07-22 19:03:38 --> $config['composer_autoload'] is set to TRUE but /Code/PHP/zd_app/code/ExamPlat/app/vendor/autoload.php was not found.
ERROR - 2017-07-22 19:03:39 --> $config['composer_autoload'] is set to TRUE but /Code/PHP/zd_app/code/ExamPlat/app/vendor/autoload.php was not found.
ERROR - 2017-07-22 19:03:39 --> $config['composer_autoload'] is set to TRUE but /Code/PHP/zd_app/code/ExamPlat/app/vendor/autoload.php was not found.
ERROR - 2017-07-22 19:03:59 --> $config['composer_autoload'] is set to TRUE but /Code/PHP/zd_app/code/ExamPlat/app/vendor/autoload.php was not found.
ERROR - 2017-07-22 19:04:04 --> $config['composer_autoload'] is set to TRUE but /Code/PHP/zd_app/code/ExamPlat/app/vendor/autoload.php was not found.
ERROR - 2017-07-22 19:04:09 --> $config['composer_autoload'] is set to TRUE but /Code/PHP/zd_app/code/ExamPlat/app/vendor/autoload.php was not found.
ERROR - 2017-07-22 19:04:09 --> $config['composer_autoload'] is set to TRUE but /Code/PHP/zd_app/code/ExamPlat/app/vendor/autoload.php was not found.
ERROR - 2017-07-22 19:04:10 --> $config['composer_autoload'] is set to TRUE but /Code/PHP/zd_app/code/ExamPlat/app/vendor/autoload.php was not found.
ERROR - 2017-07-22 19:34:28 --> $config['composer_autoload'] is set to TRUE but /Code/PHP/zd_app/code/ExamPlat/app/vendor/autoload.php was not found.
ERROR - 2017-07-22 19:34:29 --> $config['composer_autoload'] is set to TRUE but /Code/PHP/zd_app/code/ExamPlat/app/vendor/autoload.php was not found.
