ERROR - 2017-07-31 14:18:34 --> $config['composer_autoload'] is set to TRUE but /Code/php/workspace/zd_app/ExamPlat/app/vendor/autoload.php was not found.
ERROR - 2017-07-31 14:18:34 --> 404 Page Not Found: /index
ERROR - 2017-07-31 14:18:34 --> $config['composer_autoload'] is set to TRUE but /Code/php/workspace/zd_app/ExamPlat/app/vendor/autoload.php was not found.
ERROR - 2017-07-31 14:18:34 --> 404 Page Not Found: Faviconico/index
ERROR - 2017-07-31 14:26:26 --> $config['composer_autoload'] is set to TRUE but /Code/php/workspace/zd_app/ExamPlat/app/vendor/autoload.php was not found.
ERROR - 2017-07-31 14:26:26 --> 404 Page Not Found: C/api
ERROR - 2017-07-31 14:26:26 --> $config['composer_autoload'] is set to TRUE but /Code/php/workspace/zd_app/ExamPlat/app/vendor/autoload.php was not found.
ERROR - 2017-07-31 14:26:26 --> 404 Page Not Found: C/api
ERROR - 2017-07-31 14:26:26 --> $config['composer_autoload'] is set to TRUE but /Code/php/workspace/zd_app/ExamPlat/app/vendor/autoload.php was not found.
ERROR - 2017-07-31 14:26:26 --> 404 Page Not Found: C/api
ERROR - 2017-07-31 14:26:26 --> $config['composer_autoload'] is set to TRUE but /Code/php/workspace/zd_app/ExamPlat/app/vendor/autoload.php was not found.
ERROR - 2017-07-31 14:26:26 --> 404 Page Not Found: C/api
ERROR - 2017-07-31 14:27:25 --> $config['composer_autoload'] is set to TRUE but /Code/php/workspace/zd_app/ExamPlat/app/vendor/autoload.php was not found.
ERROR - 2017-07-31 14:27:25 --> 404 Page Not Found: C/api
ERROR - 2017-07-31 14:27:28 --> $config['composer_autoload'] is set to TRUE but /Code/php/workspace/zd_app/ExamPlat/app/vendor/autoload.php was not found.
ERROR - 2017-07-31 14:27:28 --> 404 Page Not Found: C/api
ERROR - 2017-07-31 14:28:06 --> $config['composer_autoload'] is set to TRUE but /Code/php/workspace/zd_app/ExamPlat/app/vendor/autoload.php was not found.
ERROR - 2017-07-31 14:28:06 --> 404 Page Not Found: C/api
ERROR - 2017-07-31 14:28:07 --> $config['composer_autoload'] is set to TRUE but /Code/php/workspace/zd_app/ExamPlat/app/vendor/autoload.php was not found.
ERROR - 2017-07-31 14:28:07 --> 404 Page Not Found: C/api
ERROR - 2017-07-31 14:28:15 --> $config['composer_autoload'] is set to TRUE but /Code/php/workspace/zd_app/ExamPlat/app/vendor/autoload.php was not found.
ERROR - 2017-07-31 14:28:15 --> 404 Page Not Found: C/api
ERROR - 2017-07-31 14:28:15 --> $config['composer_autoload'] is set to TRUE but /Code/php/workspace/zd_app/ExamPlat/app/vendor/autoload.php was not found.
ERROR - 2017-07-31 14:28:15 --> 404 Page Not Found: C/api
ERROR - 2017-07-31 14:28:16 --> $config['composer_autoload'] is set to TRUE but /Code/php/workspace/zd_app/ExamPlat/app/vendor/autoload.php was not found.
ERROR - 2017-07-31 14:28:16 --> 404 Page Not Found: C/api
ERROR - 2017-07-31 14:28:59 --> $config['composer_autoload'] is set to TRUE but /Code/php/workspace/zd_app/ExamPlat/app/vendor/autoload.php was not found.
ERROR - 2017-07-31 14:28:59 --> 404 Page Not Found: C/api
ERROR - 2017-07-31 15:13:15 --> $config['composer_autoload'] is set to TRUE but /Code/php/workspace/zd_app/ExamPlat/app/vendor/autoload.php was not found.
ERROR - 2017-07-31 15:13:15 --> 404 Page Not Found: /index
ERROR - 2017-07-31 15:13:15 --> $config['composer_autoload'] is set to TRUE but /Code/php/workspace/zd_app/ExamPlat/app/vendor/autoload.php was not found.
ERROR - 2017-07-31 15:13:15 --> 404 Page Not Found: Faviconico/index
ERROR - 2017-07-31 16:08:05 --> $config['composer_autoload'] is set to TRUE but /Code/php/workspace/zd_app/ExamPlat/app/vendor/autoload.php was not found.
ERROR - 2017-07-31 16:08:06 --> $config['composer_autoload'] is set to TRUE but /Code/php/workspace/zd_app/ExamPlat/app/vendor/autoload.php was not found.
ERROR - 2017-07-31 16:08:06 --> $config['composer_autoload'] is set to TRUE but /Code/php/workspace/zd_app/ExamPlat/app/vendor/autoload.php was not found.
ERROR - 2017-07-31 16:08:06 --> 404 Page Not Found: Images/favicon.ico
ERROR - 2017-07-31 16:08:07 --> $config['composer_autoload'] is set to TRUE but /Code/php/workspace/zd_app/ExamPlat/app/vendor/autoload.php was not found.
ERROR - 2017-07-31 16:08:07 --> $config['composer_autoload'] is set to TRUE but /Code/php/workspace/zd_app/ExamPlat/app/vendor/autoload.php was not found.
ERROR - 2017-07-31 16:08:07 --> $config['composer_autoload'] is set to TRUE but /Code/php/workspace/zd_app/ExamPlat/app/vendor/autoload.php was not found.
ERROR - 2017-07-31 16:08:07 --> 404 Page Not Found: Mkadc/images
ERROR - 2017-07-31 16:08:08 --> $config['composer_autoload'] is set to TRUE but /Code/php/workspace/zd_app/ExamPlat/app/vendor/autoload.php was not found.
ERROR - 2017-07-31 16:08:08 --> $config['composer_autoload'] is set to TRUE but /Code/php/workspace/zd_app/ExamPlat/app/vendor/autoload.php was not found.
ERROR - 2017-07-31 16:08:09 --> $config['composer_autoload'] is set to TRUE but /Code/php/workspace/zd_app/ExamPlat/app/vendor/autoload.php was not found.
ERROR - 2017-07-31 16:08:10 --> $config['composer_autoload'] is set to TRUE but /Code/php/workspace/zd_app/ExamPlat/app/vendor/autoload.php was not found.
ERROR - 2017-07-31 16:08:10 --> $config['composer_autoload'] is set to TRUE but /Code/php/workspace/zd_app/ExamPlat/app/vendor/autoload.php was not found.
ERROR - 2017-07-31 16:08:11 --> $config['composer_autoload'] is set to TRUE but /Code/php/workspace/zd_app/ExamPlat/app/vendor/autoload.php was not found.
ERROR - 2017-07-31 16:08:11 --> $config['composer_autoload'] is set to TRUE but /Code/php/workspace/zd_app/ExamPlat/app/vendor/autoload.php was not found.
ERROR - 2017-07-31 16:08:11 --> $config['composer_autoload'] is set to TRUE but /Code/php/workspace/zd_app/ExamPlat/app/vendor/autoload.php was not found.
ERROR - 2017-07-31 16:08:12 --> $config['composer_autoload'] is set to TRUE but /Code/php/workspace/zd_app/ExamPlat/app/vendor/autoload.php was not found.
ERROR - 2017-07-31 16:08:13 --> $config['composer_autoload'] is set to TRUE but /Code/php/workspace/zd_app/ExamPlat/app/vendor/autoload.php was not found.
ERROR - 2017-07-31 16:08:19 --> $config['composer_autoload'] is set to TRUE but /Code/php/workspace/zd_app/ExamPlat/app/vendor/autoload.php was not found.
ERROR - 2017-07-31 16:08:21 --> $config['composer_autoload'] is set to TRUE but /Code/php/workspace/zd_app/ExamPlat/app/vendor/autoload.php was not found.
ERROR - 2017-07-31 16:08:29 --> $config['composer_autoload'] is set to TRUE but /Code/php/workspace/zd_app/ExamPlat/app/vendor/autoload.php was not found.
ERROR - 2017-07-31 16:08:31 --> $config['composer_autoload'] is set to TRUE but /Code/php/workspace/zd_app/ExamPlat/app/vendor/autoload.php was not found.
ERROR - 2017-07-31 16:08:54 --> $config['composer_autoload'] is set to TRUE but /Code/php/workspace/zd_app/ExamPlat/app/vendor/autoload.php was not found.
ERROR - 2017-07-31 16:08:59 --> $config['composer_autoload'] is set to TRUE but /Code/php/workspace/zd_app/ExamPlat/app/vendor/autoload.php was not found.
ERROR - 2017-07-31 16:08:59 --> $config['composer_autoload'] is set to TRUE but /Code/php/workspace/zd_app/ExamPlat/app/vendor/autoload.php was not found.
ERROR - 2017-07-31 16:08:59 --> $config['composer_autoload'] is set to TRUE but /Code/php/workspace/zd_app/ExamPlat/app/vendor/autoload.php was not found.
ERROR - 2017-07-31 16:11:24 --> $config['composer_autoload'] is set to TRUE but /Code/php/workspace/zd_app/ExamPlat/app/vendor/autoload.php was not found.
ERROR - 2017-07-31 16:11:24 --> 404 Page Not Found: /index
ERROR - 2017-07-31 16:11:24 --> $config['composer_autoload'] is set to TRUE but /Code/php/workspace/zd_app/ExamPlat/app/vendor/autoload.php was not found.
ERROR - 2017-07-31 16:11:24 --> 404 Page Not Found: Faviconico/index
ERROR - 2017-07-31 16:11:38 --> $config['composer_autoload'] is set to TRUE but /Code/php/workspace/zd_app/ExamPlat/app/vendor/autoload.php was not found.
ERROR - 2017-07-31 16:11:38 --> 404 Page Not Found: /index
ERROR - 2017-07-31 16:11:43 --> $config['composer_autoload'] is set to TRUE but /Code/php/workspace/zd_app/ExamPlat/app/vendor/autoload.php was not found.
ERROR - 2017-07-31 16:11:43 --> $config['composer_autoload'] is set to TRUE but /Code/php/workspace/zd_app/ExamPlat/app/vendor/autoload.php was not found.
ERROR - 2017-07-31 16:11:43 --> 404 Page Not Found: Mock/images
ERROR - 2017-07-31 16:11:44 --> $config['composer_autoload'] is set to TRUE but /Code/php/workspace/zd_app/ExamPlat/app/vendor/autoload.php was not found.
ERROR - 2017-07-31 16:12:06 --> $config['composer_autoload'] is set to TRUE but /Code/php/workspace/zd_app/ExamPlat/app/vendor/autoload.php was not found.
ERROR - 2017-07-31 16:12:07 --> $config['composer_autoload'] is set to TRUE but /Code/php/workspace/zd_app/ExamPlat/app/vendor/autoload.php was not found.
ERROR - 2017-07-31 16:12:07 --> $config['composer_autoload'] is set to TRUE but /Code/php/workspace/zd_app/ExamPlat/app/vendor/autoload.php was not found.
ERROR - 2017-07-31 16:12:18 --> $config['composer_autoload'] is set to TRUE but /Code/php/workspace/zd_app/ExamPlat/app/vendor/autoload.php was not found.
ERROR - 2017-07-31 16:12:21 --> $config['composer_autoload'] is set to TRUE but /Code/php/workspace/zd_app/ExamPlat/app/vendor/autoload.php was not found.
ERROR - 2017-07-31 16:12:25 --> $config['composer_autoload'] is set to TRUE but /Code/php/workspace/zd_app/ExamPlat/app/vendor/autoload.php was not found.
ERROR - 2017-07-31 16:12:26 --> $config['composer_autoload'] is set to TRUE but /Code/php/workspace/zd_app/ExamPlat/app/vendor/autoload.php was not found.
ERROR - 2017-07-31 16:12:36 --> $config['composer_autoload'] is set to TRUE but /Code/php/workspace/zd_app/ExamPlat/app/vendor/autoload.php was not found.
ERROR - 2017-07-31 16:12:37 --> $config['composer_autoload'] is set to TRUE but /Code/php/workspace/zd_app/ExamPlat/app/vendor/autoload.php was not found.
ERROR - 2017-07-31 16:12:42 --> $config['composer_autoload'] is set to TRUE but /Code/php/workspace/zd_app/ExamPlat/app/vendor/autoload.php was not found.
ERROR - 2017-07-31 16:12:42 --> $config['composer_autoload'] is set to TRUE but /Code/php/workspace/zd_app/ExamPlat/app/vendor/autoload.php was not found.
ERROR - 2017-07-31 16:12:50 --> $config['composer_autoload'] is set to TRUE but /Code/php/workspace/zd_app/ExamPlat/app/vendor/autoload.php was not found.
ERROR - 2017-07-31 16:12:51 --> $config['composer_autoload'] is set to TRUE but /Code/php/workspace/zd_app/ExamPlat/app/vendor/autoload.php was not found.
ERROR - 2017-07-31 16:12:53 --> $config['composer_autoload'] is set to TRUE but /Code/php/workspace/zd_app/ExamPlat/app/vendor/autoload.php was not found.
ERROR - 2017-07-31 16:12:53 --> $config['composer_autoload'] is set to TRUE but /Code/php/workspace/zd_app/ExamPlat/app/vendor/autoload.php was not found.
ERROR - 2017-07-31 16:12:54 --> $config['composer_autoload'] is set to TRUE but /Code/php/workspace/zd_app/ExamPlat/app/vendor/autoload.php was not found.
ERROR - 2017-07-31 16:12:55 --> $config['composer_autoload'] is set to TRUE but /Code/php/workspace/zd_app/ExamPlat/app/vendor/autoload.php was not found.
ERROR - 2017-07-31 16:12:55 --> $config['composer_autoload'] is set to TRUE but /Code/php/workspace/zd_app/ExamPlat/app/vendor/autoload.php was not found.
ERROR - 2017-07-31 16:12:56 --> $config['composer_autoload'] is set to TRUE but /Code/php/workspace/zd_app/ExamPlat/app/vendor/autoload.php was not found.
ERROR - 2017-07-31 16:12:58 --> $config['composer_autoload'] is set to TRUE but /Code/php/workspace/zd_app/ExamPlat/app/vendor/autoload.php was not found.
ERROR - 2017-07-31 16:13:10 --> $config['composer_autoload'] is set to TRUE but /Code/php/workspace/zd_app/ExamPlat/app/vendor/autoload.php was not found.
ERROR - 2017-07-31 16:13:59 --> $config['composer_autoload'] is set to TRUE but /Code/php/workspace/zd_app/ExamPlat/app/vendor/autoload.php was not found.
ERROR - 2017-07-31 16:14:03 --> $config['composer_autoload'] is set to TRUE but /Code/php/workspace/zd_app/ExamPlat/app/vendor/autoload.php was not found.
ERROR - 2017-07-31 16:15:22 --> $config['composer_autoload'] is set to TRUE but /Code/php/workspace/zd_app/ExamPlat/app/vendor/autoload.php was not found.
ERROR - 2017-07-31 16:15:26 --> $config['composer_autoload'] is set to TRUE but /Code/php/workspace/zd_app/ExamPlat/app/vendor/autoload.php was not found.
ERROR - 2017-07-31 16:15:35 --> $config['composer_autoload'] is set to TRUE but /Code/php/workspace/zd_app/ExamPlat/app/vendor/autoload.php was not found.
ERROR - 2017-07-31 16:15:40 --> $config['composer_autoload'] is set to TRUE but /Code/php/workspace/zd_app/ExamPlat/app/vendor/autoload.php was not found.
ERROR - 2017-07-31 16:15:45 --> $config['composer_autoload'] is set to TRUE but /Code/php/workspace/zd_app/ExamPlat/app/vendor/autoload.php was not found.
ERROR - 2017-07-31 16:16:19 --> $config['composer_autoload'] is set to TRUE but /Code/php/workspace/zd_app/ExamPlat/app/vendor/autoload.php was not found.
ERROR - 2017-07-31 16:16:28 --> $config['composer_autoload'] is set to TRUE but /Code/php/workspace/zd_app/ExamPlat/app/vendor/autoload.php was not found.
ERROR - 2017-07-31 16:16:31 --> $config['composer_autoload'] is set to TRUE but /Code/php/workspace/zd_app/ExamPlat/app/vendor/autoload.php was not found.
ERROR - 2017-07-31 16:17:59 --> $config['composer_autoload'] is set to TRUE but /Code/php/workspace/zd_app/ExamPlat/app/vendor/autoload.php was not found.
ERROR - 2017-07-31 16:18:06 --> $config['composer_autoload'] is set to TRUE but /Code/php/workspace/zd_app/ExamPlat/app/vendor/autoload.php was not found.
ERROR - 2017-07-31 16:19:20 --> $config['composer_autoload'] is set to TRUE but /Code/php/workspace/zd_app/ExamPlat/app/vendor/autoload.php was not found.
ERROR - 2017-07-31 16:20:49 --> $config['composer_autoload'] is set to TRUE but /Code/php/workspace/zd_app/ExamPlat/app/vendor/autoload.php was not found.
ERROR - 2017-07-31 16:20:52 --> $config['composer_autoload'] is set to TRUE but /Code/php/workspace/zd_app/ExamPlat/app/vendor/autoload.php was not found.
ERROR - 2017-07-31 16:21:11 --> $config['composer_autoload'] is set to TRUE but /Code/php/workspace/zd_app/ExamPlat/app/vendor/autoload.php was not found.
ERROR - 2017-07-31 16:21:29 --> $config['composer_autoload'] is set to TRUE but /Code/php/workspace/zd_app/ExamPlat/app/vendor/autoload.php was not found.
ERROR - 2017-07-31 16:23:35 --> $config['composer_autoload'] is set to TRUE but /Code/php/workspace/zd_app/ExamPlat/app/vendor/autoload.php was not found.
ERROR - 2017-07-31 16:24:24 --> $config['composer_autoload'] is set to TRUE but /Code/php/workspace/zd_app/ExamPlat/app/vendor/autoload.php was not found.
ERROR - 2017-07-31 16:24:24 --> $config['composer_autoload'] is set to TRUE but /Code/php/workspace/zd_app/ExamPlat/app/vendor/autoload.php was not found.
ERROR - 2017-07-31 16:24:25 --> $config['composer_autoload'] is set to TRUE but /Code/php/workspace/zd_app/ExamPlat/app/vendor/autoload.php was not found.
ERROR - 2017-07-31 16:24:27 --> $config['composer_autoload'] is set to TRUE but /Code/php/workspace/zd_app/ExamPlat/app/vendor/autoload.php was not found.
ERROR - 2017-07-31 16:24:27 --> 404 Page Not Found: Faviconico/index
ERROR - 2017-07-31 16:26:10 --> $config['composer_autoload'] is set to TRUE but /Code/php/workspace/zd_app/ExamPlat/app/vendor/autoload.php was not found.
ERROR - 2017-07-31 16:27:19 --> $config['composer_autoload'] is set to TRUE but /Code/php/workspace/zd_app/ExamPlat/app/vendor/autoload.php was not found.
ERROR - 2017-07-31 16:27:33 --> $config['composer_autoload'] is set to TRUE but /Code/php/workspace/zd_app/ExamPlat/app/vendor/autoload.php was not found.
ERROR - 2017-07-31 16:28:06 --> $config['composer_autoload'] is set to TRUE but /Code/php/workspace/zd_app/ExamPlat/app/vendor/autoload.php was not found.
ERROR - 2017-07-31 16:29:12 --> $config['composer_autoload'] is set to TRUE but /Code/php/workspace/zd_app/ExamPlat/app/vendor/autoload.php was not found.
ERROR - 2017-07-31 16:30:18 --> $config['composer_autoload'] is set to TRUE but /Code/php/workspace/zd_app/ExamPlat/app/vendor/autoload.php was not found.
ERROR - 2017-07-31 16:30:18 --> $config['composer_autoload'] is set to TRUE but /Code/php/workspace/zd_app/ExamPlat/app/vendor/autoload.php was not found.
ERROR - 2017-07-31 16:30:19 --> $config['composer_autoload'] is set to TRUE but /Code/php/workspace/zd_app/ExamPlat/app/vendor/autoload.php was not found.
ERROR - 2017-07-31 16:30:19 --> $config['composer_autoload'] is set to TRUE but /Code/php/workspace/zd_app/ExamPlat/app/vendor/autoload.php was not found.
ERROR - 2017-07-31 16:30:21 --> $config['composer_autoload'] is set to TRUE but /Code/php/workspace/zd_app/ExamPlat/app/vendor/autoload.php was not found.
ERROR - 2017-07-31 16:30:23 --> $config['composer_autoload'] is set to TRUE but /Code/php/workspace/zd_app/ExamPlat/app/vendor/autoload.php was not found.
ERROR - 2017-07-31 16:41:52 --> $config['composer_autoload'] is set to TRUE but /Code/php/workspace/zd_app/ExamPlat/app/vendor/autoload.php was not found.
ERROR - 2017-07-31 16:42:02 --> $config['composer_autoload'] is set to TRUE but /Code/php/workspace/zd_app/ExamPlat/app/vendor/autoload.php was not found.
ERROR - 2017-07-31 16:42:07 --> $config['composer_autoload'] is set to TRUE but /Code/php/workspace/zd_app/ExamPlat/app/vendor/autoload.php was not found.
ERROR - 2017-07-31 16:42:10 --> $config['composer_autoload'] is set to TRUE but /Code/php/workspace/zd_app/ExamPlat/app/vendor/autoload.php was not found.
ERROR - 2017-07-31 16:42:10 --> $config['composer_autoload'] is set to TRUE but /Code/php/workspace/zd_app/ExamPlat/app/vendor/autoload.php was not found.
ERROR - 2017-07-31 16:42:12 --> $config['composer_autoload'] is set to TRUE but /Code/php/workspace/zd_app/ExamPlat/app/vendor/autoload.php was not found.
ERROR - 2017-07-31 16:42:15 --> $config['composer_autoload'] is set to TRUE but /Code/php/workspace/zd_app/ExamPlat/app/vendor/autoload.php was not found.
ERROR - 2017-07-31 16:42:19 --> $config['composer_autoload'] is set to TRUE but /Code/php/workspace/zd_app/ExamPlat/app/vendor/autoload.php was not found.
ERROR - 2017-07-31 16:42:29 --> $config['composer_autoload'] is set to TRUE but /Code/php/workspace/zd_app/ExamPlat/app/vendor/autoload.php was not found.
ERROR - 2017-07-31 16:42:40 --> $config['composer_autoload'] is set to TRUE but /Code/php/workspace/zd_app/ExamPlat/app/vendor/autoload.php was not found.
ERROR - 2017-07-31 16:45:10 --> $config['composer_autoload'] is set to TRUE but /Code/php/workspace/zd_app/ExamPlat/app/vendor/autoload.php was not found.
ERROR - 2017-07-31 17:24:56 --> $config['composer_autoload'] is set to TRUE but /Code/php/workspace/zd_app/ExamPlat/app/vendor/autoload.php was not found.
ERROR - 2017-07-31 17:24:57 --> $config['composer_autoload'] is set to TRUE but /Code/php/workspace/zd_app/ExamPlat/app/vendor/autoload.php was not found.
ERROR - 2017-07-31 17:24:57 --> $config['composer_autoload'] is set to TRUE but /Code/php/workspace/zd_app/ExamPlat/app/vendor/autoload.php was not found.
ERROR - 2017-07-31 17:24:57 --> 404 Page Not Found: Images/favicon.ico
ERROR - 2017-07-31 17:24:59 --> $config['composer_autoload'] is set to TRUE but /Code/php/workspace/zd_app/ExamPlat/app/vendor/autoload.php was not found.
ERROR - 2017-07-31 17:24:59 --> $config['composer_autoload'] is set to TRUE but /Code/php/workspace/zd_app/ExamPlat/app/vendor/autoload.php was not found.
ERROR - 2017-07-31 17:24:59 --> $config['composer_autoload'] is set to TRUE but /Code/php/workspace/zd_app/ExamPlat/app/vendor/autoload.php was not found.
ERROR - 2017-07-31 17:24:59 --> 404 Page Not Found: Mkadc/images
ERROR - 2017-07-31 17:25:00 --> $config['composer_autoload'] is set to TRUE but /Code/php/workspace/zd_app/ExamPlat/app/vendor/autoload.php was not found.
ERROR - 2017-07-31 17:25:00 --> $config['composer_autoload'] is set to TRUE but /Code/php/workspace/zd_app/ExamPlat/app/vendor/autoload.php was not found.
ERROR - 2017-07-31 17:25:01 --> $config['composer_autoload'] is set to TRUE but /Code/php/workspace/zd_app/ExamPlat/app/vendor/autoload.php was not found.
ERROR - 2017-07-31 17:25:03 --> $config['composer_autoload'] is set to TRUE but /Code/php/workspace/zd_app/ExamPlat/app/vendor/autoload.php was not found.
ERROR - 2017-07-31 17:25:25 --> $config['composer_autoload'] is set to TRUE but /Code/php/workspace/zd_app/ExamPlat/app/vendor/autoload.php was not found.
ERROR - 2017-07-31 17:25:26 --> $config['composer_autoload'] is set to TRUE but /Code/php/workspace/zd_app/ExamPlat/app/vendor/autoload.php was not found.
ERROR - 2017-07-31 17:25:26 --> 404 Page Not Found: Job/Test
ERROR - 2017-07-31 17:26:13 --> $config['composer_autoload'] is set to TRUE but /Code/php/workspace/zd_app/ExamPlat/app/vendor/autoload.php was not found.
ERROR - 2017-07-31 17:26:54 --> $config['composer_autoload'] is set to TRUE but /Code/php/workspace/zd_app/ExamPlat/app/vendor/autoload.php was not found.
ERROR - 2017-07-31 17:26:54 --> $config['composer_autoload'] is set to TRUE but /Code/php/workspace/zd_app/ExamPlat/app/vendor/autoload.php was not found.
ERROR - 2017-07-31 17:26:54 --> 404 Page Not Found: Job/Test
ERROR - 2017-07-31 17:27:00 --> $config['composer_autoload'] is set to TRUE but /Code/php/workspace/zd_app/ExamPlat/app/vendor/autoload.php was not found.
ERROR - 2017-07-31 17:27:13 --> $config['composer_autoload'] is set to TRUE but /Code/php/workspace/zd_app/ExamPlat/app/vendor/autoload.php was not found.
ERROR - 2017-07-31 17:27:51 --> $config['composer_autoload'] is set to TRUE but /Code/php/workspace/zd_app/ExamPlat/app/vendor/autoload.php was not found.
ERROR - 2017-07-31 17:27:51 --> $config['composer_autoload'] is set to TRUE but /Code/php/workspace/zd_app/ExamPlat/app/vendor/autoload.php was not found.
ERROR - 2017-07-31 17:27:51 --> 404 Page Not Found: Job/Test
ERROR - 2017-07-31 17:27:56 --> $config['composer_autoload'] is set to TRUE but /Code/php/workspace/zd_app/ExamPlat/app/vendor/autoload.php was not found.
ERROR - 2017-07-31 17:27:56 --> $config['composer_autoload'] is set to TRUE but /Code/php/workspace/zd_app/ExamPlat/app/vendor/autoload.php was not found.
ERROR - 2017-07-31 17:28:01 --> $config['composer_autoload'] is set to TRUE but /Code/php/workspace/zd_app/ExamPlat/app/vendor/autoload.php was not found.
ERROR - 2017-07-31 17:28:03 --> $config['composer_autoload'] is set to TRUE but /Code/php/workspace/zd_app/ExamPlat/app/vendor/autoload.php was not found.
ERROR - 2017-07-31 17:28:03 --> 404 Page Not Found: Faviconico/index
ERROR - 2017-07-31 17:28:47 --> $config['composer_autoload'] is set to TRUE but /Code/php/workspace/zd_app/ExamPlat/app/vendor/autoload.php was not found.
