ERROR - 2017-07-15 09:54:25 --> $config['composer_autoload'] is set to TRUE but /Code/PHP/zd_app/code/ExamPlat/app/vendor/autoload.php was not found.
ERROR - 2017-07-15 09:54:30 --> $config['composer_autoload'] is set to TRUE but /Code/PHP/zd_app/code/ExamPlat/app/vendor/autoload.php was not found.
ERROR - 2017-07-15 09:54:30 --> $config['composer_autoload'] is set to TRUE but /Code/PHP/zd_app/code/ExamPlat/app/vendor/autoload.php was not found.
ERROR - 2017-07-15 09:54:49 --> $config['composer_autoload'] is set to TRUE but /Code/PHP/zd_app/code/ExamPlat/app/vendor/autoload.php was not found.
ERROR - 2017-07-15 09:55:57 --> $config['composer_autoload'] is set to TRUE but /Code/PHP/zd_app/code/ExamPlat/app/vendor/autoload.php was not found.
ERROR - 2017-07-15 09:55:57 --> Severity: Notice --> Undefined offset: 6 /Code/PHP/zd_app/code/ExamPlat/gui/student/reading/read_type_radio.php 16
ERROR - 2017-07-15 09:56:34 --> $config['composer_autoload'] is set to TRUE but /Code/PHP/zd_app/code/ExamPlat/app/vendor/autoload.php was not found.
ERROR - 2017-07-15 09:56:34 --> Severity: error --> Exception: can not beyound: TPO 04 Passage 1 Question 1 /Code/PHP/zd_app/code/ExamPlat/app/models/student/Mock.php 133
ERROR - 2017-07-15 09:59:02 --> $config['composer_autoload'] is set to TRUE but /Code/PHP/zd_app/code/ExamPlat/app/vendor/autoload.php was not found.
ERROR - 2017-07-15 09:59:03 --> $config['composer_autoload'] is set to TRUE but /Code/PHP/zd_app/code/ExamPlat/app/vendor/autoload.php was not found.
ERROR - 2017-07-15 09:59:03 --> 404 Page Not Found: Mock/images
ERROR - 2017-07-15 09:59:03 --> $config['composer_autoload'] is set to TRUE but /Code/PHP/zd_app/code/ExamPlat/app/vendor/autoload.php was not found.
ERROR - 2017-07-15 09:59:03 --> $config['composer_autoload'] is set to TRUE but /Code/PHP/zd_app/code/ExamPlat/app/vendor/autoload.php was not found.
ERROR - 2017-07-15 09:59:05 --> $config['composer_autoload'] is set to TRUE but /Code/PHP/zd_app/code/ExamPlat/app/vendor/autoload.php was not found.
ERROR - 2017-07-15 09:59:54 --> $config['composer_autoload'] is set to TRUE but /Code/PHP/zd_app/code/ExamPlat/app/vendor/autoload.php was not found.
ERROR - 2017-07-15 09:59:54 --> Severity: Notice --> Undefined offset: 6 /Code/PHP/zd_app/code/ExamPlat/gui/student/reading/read_type_radio.php 16
ERROR - 2017-07-15 10:01:25 --> $config['composer_autoload'] is set to TRUE but /Code/PHP/zd_app/code/ExamPlat/app/vendor/autoload.php was not found.
ERROR - 2017-07-15 10:01:25 --> $config['composer_autoload'] is set to TRUE but /Code/PHP/zd_app/code/ExamPlat/app/vendor/autoload.php was not found.
ERROR - 2017-07-15 10:01:25 --> 404 Page Not Found: Faviconico/index
ERROR - 2017-07-15 10:01:45 --> $config['composer_autoload'] is set to TRUE but /Code/PHP/zd_app/code/ExamPlat/app/vendor/autoload.php was not found.
ERROR - 2017-07-15 10:01:52 --> $config['composer_autoload'] is set to TRUE but /Code/PHP/zd_app/code/ExamPlat/app/vendor/autoload.php was not found.
ERROR - 2017-07-15 10:01:54 --> $config['composer_autoload'] is set to TRUE but /Code/PHP/zd_app/code/ExamPlat/app/vendor/autoload.php was not found.
ERROR - 2017-07-15 10:03:59 --> $config['composer_autoload'] is set to TRUE but /Code/PHP/zd_app/code/ExamPlat/app/vendor/autoload.php was not found.
ERROR - 2017-07-15 10:03:59 --> 404 Page Not Found: MkStudent/preading
ERROR - 2017-07-15 10:04:05 --> $config['composer_autoload'] is set to TRUE but /Code/PHP/zd_app/code/ExamPlat/app/vendor/autoload.php was not found.
ERROR - 2017-07-15 10:04:08 --> $config['composer_autoload'] is set to TRUE but /Code/PHP/zd_app/code/ExamPlat/app/vendor/autoload.php was not found.
ERROR - 2017-07-15 10:04:37 --> $config['composer_autoload'] is set to TRUE but /Code/PHP/zd_app/code/ExamPlat/app/vendor/autoload.php was not found.
ERROR - 2017-07-15 10:04:39 --> $config['composer_autoload'] is set to TRUE but /Code/PHP/zd_app/code/ExamPlat/app/vendor/autoload.php was not found.
ERROR - 2017-07-15 10:04:43 --> $config['composer_autoload'] is set to TRUE but /Code/PHP/zd_app/code/ExamPlat/app/vendor/autoload.php was not found.
ERROR - 2017-07-15 10:07:46 --> $config['composer_autoload'] is set to TRUE but /Code/PHP/zd_app/code/ExamPlat/app/vendor/autoload.php was not found.
ERROR - 2017-07-15 10:07:51 --> $config['composer_autoload'] is set to TRUE but /Code/PHP/zd_app/code/ExamPlat/app/vendor/autoload.php was not found.
ERROR - 2017-07-15 10:08:34 --> $config['composer_autoload'] is set to TRUE but /Code/PHP/zd_app/code/ExamPlat/app/vendor/autoload.php was not found.
ERROR - 2017-07-15 10:08:35 --> $config['composer_autoload'] is set to TRUE but /Code/PHP/zd_app/code/ExamPlat/app/vendor/autoload.php was not found.
ERROR - 2017-07-15 10:13:00 --> $config['composer_autoload'] is set to TRUE but /Code/PHP/zd_app/code/ExamPlat/app/vendor/autoload.php was not found.
ERROR - 2017-07-15 10:13:03 --> $config['composer_autoload'] is set to TRUE but /Code/PHP/zd_app/code/ExamPlat/app/vendor/autoload.php was not found.
ERROR - 2017-07-15 10:13:23 --> $config['composer_autoload'] is set to TRUE but /Code/PHP/zd_app/code/ExamPlat/app/vendor/autoload.php was not found.
ERROR - 2017-07-15 10:13:24 --> $config['composer_autoload'] is set to TRUE but /Code/PHP/zd_app/code/ExamPlat/app/vendor/autoload.php was not found.
ERROR - 2017-07-15 10:14:10 --> $config['composer_autoload'] is set to TRUE but /Code/PHP/zd_app/code/ExamPlat/app/vendor/autoload.php was not found.
ERROR - 2017-07-15 10:14:17 --> $config['composer_autoload'] is set to TRUE but /Code/PHP/zd_app/code/ExamPlat/app/vendor/autoload.php was not found.
ERROR - 2017-07-15 10:14:19 --> $config['composer_autoload'] is set to TRUE but /Code/PHP/zd_app/code/ExamPlat/app/vendor/autoload.php was not found.
ERROR - 2017-07-15 10:14:23 --> $config['composer_autoload'] is set to TRUE but /Code/PHP/zd_app/code/ExamPlat/app/vendor/autoload.php was not found.
ERROR - 2017-07-15 10:14:54 --> $config['composer_autoload'] is set to TRUE but /Code/PHP/zd_app/code/ExamPlat/app/vendor/autoload.php was not found.
ERROR - 2017-07-15 10:16:05 --> $config['composer_autoload'] is set to TRUE but /Code/PHP/zd_app/code/ExamPlat/app/vendor/autoload.php was not found.
ERROR - 2017-07-15 10:16:09 --> $config['composer_autoload'] is set to TRUE but /Code/PHP/zd_app/code/ExamPlat/app/vendor/autoload.php was not found.
ERROR - 2017-07-15 10:16:12 --> $config['composer_autoload'] is set to TRUE but /Code/PHP/zd_app/code/ExamPlat/app/vendor/autoload.php was not found.
ERROR - 2017-07-15 10:16:15 --> $config['composer_autoload'] is set to TRUE but /Code/PHP/zd_app/code/ExamPlat/app/vendor/autoload.php was not found.
ERROR - 2017-07-15 10:19:14 --> $config['composer_autoload'] is set to TRUE but /Code/PHP/zd_app/code/ExamPlat/app/vendor/autoload.php was not found.
ERROR - 2017-07-15 10:19:16 --> $config['composer_autoload'] is set to TRUE but /Code/PHP/zd_app/code/ExamPlat/app/vendor/autoload.php was not found.
ERROR - 2017-07-15 10:27:25 --> $config['composer_autoload'] is set to TRUE but /Code/PHP/zd_app/code/ExamPlat/app/vendor/autoload.php was not found.
ERROR - 2017-07-15 10:27:27 --> $config['composer_autoload'] is set to TRUE but /Code/PHP/zd_app/code/ExamPlat/app/vendor/autoload.php was not found.
ERROR - 2017-07-15 10:28:49 --> $config['composer_autoload'] is set to TRUE but /Code/PHP/zd_app/code/ExamPlat/app/vendor/autoload.php was not found.
ERROR - 2017-07-15 10:28:50 --> $config['composer_autoload'] is set to TRUE but /Code/PHP/zd_app/code/ExamPlat/app/vendor/autoload.php was not found.
ERROR - 2017-07-15 10:29:05 --> $config['composer_autoload'] is set to TRUE but /Code/PHP/zd_app/code/ExamPlat/app/vendor/autoload.php was not found.
ERROR - 2017-07-15 10:29:06 --> $config['composer_autoload'] is set to TRUE but /Code/PHP/zd_app/code/ExamPlat/app/vendor/autoload.php was not found.
ERROR - 2017-07-15 10:29:21 --> $config['composer_autoload'] is set to TRUE but /Code/PHP/zd_app/code/ExamPlat/app/vendor/autoload.php was not found.
ERROR - 2017-07-15 10:29:22 --> $config['composer_autoload'] is set to TRUE but /Code/PHP/zd_app/code/ExamPlat/app/vendor/autoload.php was not found.
ERROR - 2017-07-15 10:29:49 --> $config['composer_autoload'] is set to TRUE but /Code/PHP/zd_app/code/ExamPlat/app/vendor/autoload.php was not found.
ERROR - 2017-07-15 10:29:50 --> $config['composer_autoload'] is set to TRUE but /Code/PHP/zd_app/code/ExamPlat/app/vendor/autoload.php was not found.
ERROR - 2017-07-15 10:30:08 --> $config['composer_autoload'] is set to TRUE but /Code/PHP/zd_app/code/ExamPlat/app/vendor/autoload.php was not found.
ERROR - 2017-07-15 10:31:12 --> $config['composer_autoload'] is set to TRUE but /Code/PHP/zd_app/code/ExamPlat/app/vendor/autoload.php was not found.
ERROR - 2017-07-15 10:31:13 --> $config['composer_autoload'] is set to TRUE but /Code/PHP/zd_app/code/ExamPlat/app/vendor/autoload.php was not found.
ERROR - 2017-07-15 10:31:14 --> $config['composer_autoload'] is set to TRUE but /Code/PHP/zd_app/code/ExamPlat/app/vendor/autoload.php was not found.
ERROR - 2017-07-15 10:31:28 --> $config['composer_autoload'] is set to TRUE but /Code/PHP/zd_app/code/ExamPlat/app/vendor/autoload.php was not found.
ERROR - 2017-07-15 10:31:33 --> $config['composer_autoload'] is set to TRUE but /Code/PHP/zd_app/code/ExamPlat/app/vendor/autoload.php was not found.
ERROR - 2017-07-15 10:31:37 --> $config['composer_autoload'] is set to TRUE but /Code/PHP/zd_app/code/ExamPlat/app/vendor/autoload.php was not found.
ERROR - 2017-07-15 10:31:42 --> $config['composer_autoload'] is set to TRUE but /Code/PHP/zd_app/code/ExamPlat/app/vendor/autoload.php was not found.
ERROR - 2017-07-15 10:31:47 --> $config['composer_autoload'] is set to TRUE but /Code/PHP/zd_app/code/ExamPlat/app/vendor/autoload.php was not found.
ERROR - 2017-07-15 10:31:51 --> $config['composer_autoload'] is set to TRUE but /Code/PHP/zd_app/code/ExamPlat/app/vendor/autoload.php was not found.
ERROR - 2017-07-15 10:34:34 --> $config['composer_autoload'] is set to TRUE but /Code/PHP/zd_app/code/ExamPlat/app/vendor/autoload.php was not found.
ERROR - 2017-07-15 10:34:36 --> $config['composer_autoload'] is set to TRUE but /Code/PHP/zd_app/code/ExamPlat/app/vendor/autoload.php was not found.
ERROR - 2017-07-15 10:34:42 --> $config['composer_autoload'] is set to TRUE but /Code/PHP/zd_app/code/ExamPlat/app/vendor/autoload.php was not found.
ERROR - 2017-07-15 10:34:47 --> $config['composer_autoload'] is set to TRUE but /Code/PHP/zd_app/code/ExamPlat/app/vendor/autoload.php was not found.
ERROR - 2017-07-15 10:34:51 --> $config['composer_autoload'] is set to TRUE but /Code/PHP/zd_app/code/ExamPlat/app/vendor/autoload.php was not found.
ERROR - 2017-07-15 10:34:54 --> $config['composer_autoload'] is set to TRUE but /Code/PHP/zd_app/code/ExamPlat/app/vendor/autoload.php was not found.
ERROR - 2017-07-15 10:34:54 --> Severity: Notice --> Undefined offset: 6 /Code/PHP/zd_app/code/ExamPlat/gui/student/reading/read_type_label.php 16
ERROR - 2017-07-15 10:35:18 --> $config['composer_autoload'] is set to TRUE but /Code/PHP/zd_app/code/ExamPlat/app/vendor/autoload.php was not found.
ERROR - 2017-07-15 10:35:23 --> $config['composer_autoload'] is set to TRUE but /Code/PHP/zd_app/code/ExamPlat/app/vendor/autoload.php was not found.
ERROR - 2017-07-15 10:36:18 --> $config['composer_autoload'] is set to TRUE but /Code/PHP/zd_app/code/ExamPlat/app/vendor/autoload.php was not found.
ERROR - 2017-07-15 10:36:20 --> $config['composer_autoload'] is set to TRUE but /Code/PHP/zd_app/code/ExamPlat/app/vendor/autoload.php was not found.
ERROR - 2017-07-15 10:36:24 --> $config['composer_autoload'] is set to TRUE but /Code/PHP/zd_app/code/ExamPlat/app/vendor/autoload.php was not found.
ERROR - 2017-07-15 10:38:00 --> $config['composer_autoload'] is set to TRUE but /Code/PHP/zd_app/code/ExamPlat/app/vendor/autoload.php was not found.
ERROR - 2017-07-15 10:38:01 --> $config['composer_autoload'] is set to TRUE but /Code/PHP/zd_app/code/ExamPlat/app/vendor/autoload.php was not found.
ERROR - 2017-07-15 10:38:12 --> $config['composer_autoload'] is set to TRUE but /Code/PHP/zd_app/code/ExamPlat/app/vendor/autoload.php was not found.
ERROR - 2017-07-15 10:38:28 --> $config['composer_autoload'] is set to TRUE but /Code/PHP/zd_app/code/ExamPlat/app/vendor/autoload.php was not found.
ERROR - 2017-07-15 10:38:29 --> $config['composer_autoload'] is set to TRUE but /Code/PHP/zd_app/code/ExamPlat/app/vendor/autoload.php was not found.
ERROR - 2017-07-15 10:38:50 --> $config['composer_autoload'] is set to TRUE but /Code/PHP/zd_app/code/ExamPlat/app/vendor/autoload.php was not found.
ERROR - 2017-07-15 10:38:51 --> $config['composer_autoload'] is set to TRUE but /Code/PHP/zd_app/code/ExamPlat/app/vendor/autoload.php was not found.
ERROR - 2017-07-15 10:38:54 --> $config['composer_autoload'] is set to TRUE but /Code/PHP/zd_app/code/ExamPlat/app/vendor/autoload.php was not found.
ERROR - 2017-07-15 10:39:34 --> $config['composer_autoload'] is set to TRUE but /Code/PHP/zd_app/code/ExamPlat/app/vendor/autoload.php was not found.
ERROR - 2017-07-15 10:39:38 --> $config['composer_autoload'] is set to TRUE but /Code/PHP/zd_app/code/ExamPlat/app/vendor/autoload.php was not found.
ERROR - 2017-07-15 10:39:40 --> $config['composer_autoload'] is set to TRUE but /Code/PHP/zd_app/code/ExamPlat/app/vendor/autoload.php was not found.
ERROR - 2017-07-15 10:40:28 --> $config['composer_autoload'] is set to TRUE but /Code/PHP/zd_app/code/ExamPlat/app/vendor/autoload.php was not found.
ERROR - 2017-07-15 10:40:28 --> $config['composer_autoload'] is set to TRUE but /Code/PHP/zd_app/code/ExamPlat/app/vendor/autoload.php was not found.
ERROR - 2017-07-15 10:40:29 --> $config['composer_autoload'] is set to TRUE but /Code/PHP/zd_app/code/ExamPlat/app/vendor/autoload.php was not found.
ERROR - 2017-07-15 10:40:29 --> $config['composer_autoload'] is set to TRUE but /Code/PHP/zd_app/code/ExamPlat/app/vendor/autoload.php was not found.
ERROR - 2017-07-15 10:40:30 --> $config['composer_autoload'] is set to TRUE but /Code/PHP/zd_app/code/ExamPlat/app/vendor/autoload.php was not found.
ERROR - 2017-07-15 10:40:34 --> $config['composer_autoload'] is set to TRUE but /Code/PHP/zd_app/code/ExamPlat/app/vendor/autoload.php was not found.
ERROR - 2017-07-15 10:40:36 --> $config['composer_autoload'] is set to TRUE but /Code/PHP/zd_app/code/ExamPlat/app/vendor/autoload.php was not found.
ERROR - 2017-07-15 10:40:40 --> $config['composer_autoload'] is set to TRUE but /Code/PHP/zd_app/code/ExamPlat/app/vendor/autoload.php was not found.
ERROR - 2017-07-15 10:41:21 --> $config['composer_autoload'] is set to TRUE but /Code/PHP/zd_app/code/ExamPlat/app/vendor/autoload.php was not found.
ERROR - 2017-07-15 10:41:58 --> $config['composer_autoload'] is set to TRUE but /Code/PHP/zd_app/code/ExamPlat/app/vendor/autoload.php was not found.
ERROR - 2017-07-15 10:41:59 --> $config['composer_autoload'] is set to TRUE but /Code/PHP/zd_app/code/ExamPlat/app/vendor/autoload.php was not found.
ERROR - 2017-07-15 10:41:59 --> $config['composer_autoload'] is set to TRUE but /Code/PHP/zd_app/code/ExamPlat/app/vendor/autoload.php was not found.
ERROR - 2017-07-15 10:42:01 --> $config['composer_autoload'] is set to TRUE but /Code/PHP/zd_app/code/ExamPlat/app/vendor/autoload.php was not found.
ERROR - 2017-07-15 10:42:08 --> $config['composer_autoload'] is set to TRUE but /Code/PHP/zd_app/code/ExamPlat/app/vendor/autoload.php was not found.
ERROR - 2017-07-15 10:42:36 --> $config['composer_autoload'] is set to TRUE but /Code/PHP/zd_app/code/ExamPlat/app/vendor/autoload.php was not found.
ERROR - 2017-07-15 10:42:42 --> $config['composer_autoload'] is set to TRUE but /Code/PHP/zd_app/code/ExamPlat/app/vendor/autoload.php was not found.
ERROR - 2017-07-15 10:42:45 --> $config['composer_autoload'] is set to TRUE but /Code/PHP/zd_app/code/ExamPlat/app/vendor/autoload.php was not found.
ERROR - 2017-07-15 10:42:51 --> $config['composer_autoload'] is set to TRUE but /Code/PHP/zd_app/code/ExamPlat/app/vendor/autoload.php was not found.
ERROR - 2017-07-15 10:42:54 --> $config['composer_autoload'] is set to TRUE but /Code/PHP/zd_app/code/ExamPlat/app/vendor/autoload.php was not found.
ERROR - 2017-07-15 10:42:56 --> $config['composer_autoload'] is set to TRUE but /Code/PHP/zd_app/code/ExamPlat/app/vendor/autoload.php was not found.
ERROR - 2017-07-15 10:43:00 --> $config['composer_autoload'] is set to TRUE but /Code/PHP/zd_app/code/ExamPlat/app/vendor/autoload.php was not found.
ERROR - 2017-07-15 10:43:02 --> $config['composer_autoload'] is set to TRUE but /Code/PHP/zd_app/code/ExamPlat/app/vendor/autoload.php was not found.
ERROR - 2017-07-15 10:43:03 --> $config['composer_autoload'] is set to TRUE but /Code/PHP/zd_app/code/ExamPlat/app/vendor/autoload.php was not found.
ERROR - 2017-07-15 10:43:05 --> $config['composer_autoload'] is set to TRUE but /Code/PHP/zd_app/code/ExamPlat/app/vendor/autoload.php was not found.
ERROR - 2017-07-15 10:43:07 --> $config['composer_autoload'] is set to TRUE but /Code/PHP/zd_app/code/ExamPlat/app/vendor/autoload.php was not found.
ERROR - 2017-07-15 10:43:09 --> $config['composer_autoload'] is set to TRUE but /Code/PHP/zd_app/code/ExamPlat/app/vendor/autoload.php was not found.
ERROR - 2017-07-15 10:43:10 --> $config['composer_autoload'] is set to TRUE but /Code/PHP/zd_app/code/ExamPlat/app/vendor/autoload.php was not found.
ERROR - 2017-07-15 10:43:12 --> $config['composer_autoload'] is set to TRUE but /Code/PHP/zd_app/code/ExamPlat/app/vendor/autoload.php was not found.
ERROR - 2017-07-15 10:43:18 --> $config['composer_autoload'] is set to TRUE but /Code/PHP/zd_app/code/ExamPlat/app/vendor/autoload.php was not found.
ERROR - 2017-07-15 10:43:34 --> $config['composer_autoload'] is set to TRUE but /Code/PHP/zd_app/code/ExamPlat/app/vendor/autoload.php was not found.
ERROR - 2017-07-15 10:43:35 --> $config['composer_autoload'] is set to TRUE but /Code/PHP/zd_app/code/ExamPlat/app/vendor/autoload.php was not found.
ERROR - 2017-07-15 10:43:37 --> $config['composer_autoload'] is set to TRUE but /Code/PHP/zd_app/code/ExamPlat/app/vendor/autoload.php was not found.
ERROR - 2017-07-15 10:43:38 --> $config['composer_autoload'] is set to TRUE but /Code/PHP/zd_app/code/ExamPlat/app/vendor/autoload.php was not found.
ERROR - 2017-07-15 10:44:12 --> $config['composer_autoload'] is set to TRUE but /Code/PHP/zd_app/code/ExamPlat/app/vendor/autoload.php was not found.
ERROR - 2017-07-15 10:44:14 --> $config['composer_autoload'] is set to TRUE but /Code/PHP/zd_app/code/ExamPlat/app/vendor/autoload.php was not found.
ERROR - 2017-07-15 10:44:43 --> $config['composer_autoload'] is set to TRUE but /Code/PHP/zd_app/code/ExamPlat/app/vendor/autoload.php was not found.
ERROR - 2017-07-15 10:48:39 --> $config['composer_autoload'] is set to TRUE but /Code/PHP/zd_app/code/ExamPlat/app/vendor/autoload.php was not found.
ERROR - 2017-07-15 10:48:40 --> $config['composer_autoload'] is set to TRUE but /Code/PHP/zd_app/code/ExamPlat/app/vendor/autoload.php was not found.
ERROR - 2017-07-15 10:48:40 --> $config['composer_autoload'] is set to TRUE but /Code/PHP/zd_app/code/ExamPlat/app/vendor/autoload.php was not found.
ERROR - 2017-07-15 10:48:41 --> $config['composer_autoload'] is set to TRUE but /Code/PHP/zd_app/code/ExamPlat/app/vendor/autoload.php was not found.
ERROR - 2017-07-15 10:50:44 --> $config['composer_autoload'] is set to TRUE but /Code/PHP/zd_app/code/ExamPlat/app/vendor/autoload.php was not found.
ERROR - 2017-07-15 10:51:02 --> $config['composer_autoload'] is set to TRUE but /Code/PHP/zd_app/code/ExamPlat/app/vendor/autoload.php was not found.
ERROR - 2017-07-15 10:51:03 --> $config['composer_autoload'] is set to TRUE but /Code/PHP/zd_app/code/ExamPlat/app/vendor/autoload.php was not found.
ERROR - 2017-07-15 10:51:08 --> $config['composer_autoload'] is set to TRUE but /Code/PHP/zd_app/code/ExamPlat/app/vendor/autoload.php was not found.
ERROR - 2017-07-15 10:51:09 --> $config['composer_autoload'] is set to TRUE but /Code/PHP/zd_app/code/ExamPlat/app/vendor/autoload.php was not found.
ERROR - 2017-07-15 10:51:19 --> $config['composer_autoload'] is set to TRUE but /Code/PHP/zd_app/code/ExamPlat/app/vendor/autoload.php was not found.
ERROR - 2017-07-15 10:51:21 --> $config['composer_autoload'] is set to TRUE but /Code/PHP/zd_app/code/ExamPlat/app/vendor/autoload.php was not found.
ERROR - 2017-07-15 10:51:42 --> $config['composer_autoload'] is set to TRUE but /Code/PHP/zd_app/code/ExamPlat/app/vendor/autoload.php was not found.
ERROR - 2017-07-15 10:51:43 --> $config['composer_autoload'] is set to TRUE but /Code/PHP/zd_app/code/ExamPlat/app/vendor/autoload.php was not found.
ERROR - 2017-07-15 10:52:31 --> $config['composer_autoload'] is set to TRUE but /Code/PHP/zd_app/code/ExamPlat/app/vendor/autoload.php was not found.
ERROR - 2017-07-15 10:52:32 --> $config['composer_autoload'] is set to TRUE but /Code/PHP/zd_app/code/ExamPlat/app/vendor/autoload.php was not found.
ERROR - 2017-07-15 10:57:24 --> $config['composer_autoload'] is set to TRUE but /Code/PHP/zd_app/code/ExamPlat/app/vendor/autoload.php was not found.
ERROR - 2017-07-15 10:57:25 --> $config['composer_autoload'] is set to TRUE but /Code/PHP/zd_app/code/ExamPlat/app/vendor/autoload.php was not found.
ERROR - 2017-07-15 10:57:38 --> $config['composer_autoload'] is set to TRUE but /Code/PHP/zd_app/code/ExamPlat/app/vendor/autoload.php was not found.
ERROR - 2017-07-15 10:57:39 --> $config['composer_autoload'] is set to TRUE but /Code/PHP/zd_app/code/ExamPlat/app/vendor/autoload.php was not found.
ERROR - 2017-07-15 10:58:10 --> $config['composer_autoload'] is set to TRUE but /Code/PHP/zd_app/code/ExamPlat/app/vendor/autoload.php was not found.
ERROR - 2017-07-15 10:58:11 --> $config['composer_autoload'] is set to TRUE but /Code/PHP/zd_app/code/ExamPlat/app/vendor/autoload.php was not found.
ERROR - 2017-07-15 10:58:43 --> $config['composer_autoload'] is set to TRUE but /Code/PHP/zd_app/code/ExamPlat/app/vendor/autoload.php was not found.
ERROR - 2017-07-15 10:58:44 --> $config['composer_autoload'] is set to TRUE but /Code/PHP/zd_app/code/ExamPlat/app/vendor/autoload.php was not found.
ERROR - 2017-07-15 10:59:22 --> $config['composer_autoload'] is set to TRUE but /Code/PHP/zd_app/code/ExamPlat/app/vendor/autoload.php was not found.
ERROR - 2017-07-15 10:59:23 --> $config['composer_autoload'] is set to TRUE but /Code/PHP/zd_app/code/ExamPlat/app/vendor/autoload.php was not found.
ERROR - 2017-07-15 11:00:12 --> $config['composer_autoload'] is set to TRUE but /Code/PHP/zd_app/code/ExamPlat/app/vendor/autoload.php was not found.
ERROR - 2017-07-15 11:00:13 --> $config['composer_autoload'] is set to TRUE but /Code/PHP/zd_app/code/ExamPlat/app/vendor/autoload.php was not found.
ERROR - 2017-07-15 11:01:08 --> $config['composer_autoload'] is set to TRUE but /Code/PHP/zd_app/code/ExamPlat/app/vendor/autoload.php was not found.
ERROR - 2017-07-15 11:01:09 --> $config['composer_autoload'] is set to TRUE but /Code/PHP/zd_app/code/ExamPlat/app/vendor/autoload.php was not found.
ERROR - 2017-07-15 11:01:35 --> $config['composer_autoload'] is set to TRUE but /Code/PHP/zd_app/code/ExamPlat/app/vendor/autoload.php was not found.
ERROR - 2017-07-15 11:01:36 --> $config['composer_autoload'] is set to TRUE but /Code/PHP/zd_app/code/ExamPlat/app/vendor/autoload.php was not found.
ERROR - 2017-07-15 11:05:51 --> $config['composer_autoload'] is set to TRUE but /Code/PHP/zd_app/code/ExamPlat/app/vendor/autoload.php was not found.
ERROR - 2017-07-15 11:05:54 --> $config['composer_autoload'] is set to TRUE but /Code/PHP/zd_app/code/ExamPlat/app/vendor/autoload.php was not found.
ERROR - 2017-07-15 11:06:06 --> $config['composer_autoload'] is set to TRUE but /Code/PHP/zd_app/code/ExamPlat/app/vendor/autoload.php was not found.
ERROR - 2017-07-15 11:06:07 --> $config['composer_autoload'] is set to TRUE but /Code/PHP/zd_app/code/ExamPlat/app/vendor/autoload.php was not found.
ERROR - 2017-07-15 11:06:08 --> $config['composer_autoload'] is set to TRUE but /Code/PHP/zd_app/code/ExamPlat/app/vendor/autoload.php was not found.
ERROR - 2017-07-15 11:06:09 --> $config['composer_autoload'] is set to TRUE but /Code/PHP/zd_app/code/ExamPlat/app/vendor/autoload.php was not found.
ERROR - 2017-07-15 11:06:11 --> $config['composer_autoload'] is set to TRUE but /Code/PHP/zd_app/code/ExamPlat/app/vendor/autoload.php was not found.
ERROR - 2017-07-15 11:06:13 --> $config['composer_autoload'] is set to TRUE but /Code/PHP/zd_app/code/ExamPlat/app/vendor/autoload.php was not found.
ERROR - 2017-07-15 11:06:15 --> $config['composer_autoload'] is set to TRUE but /Code/PHP/zd_app/code/ExamPlat/app/vendor/autoload.php was not found.
ERROR - 2017-07-15 11:06:17 --> $config['composer_autoload'] is set to TRUE but /Code/PHP/zd_app/code/ExamPlat/app/vendor/autoload.php was not found.
ERROR - 2017-07-15 11:06:19 --> $config['composer_autoload'] is set to TRUE but /Code/PHP/zd_app/code/ExamPlat/app/vendor/autoload.php was not found.
ERROR - 2017-07-15 11:06:21 --> $config['composer_autoload'] is set to TRUE but /Code/PHP/zd_app/code/ExamPlat/app/vendor/autoload.php was not found.
ERROR - 2017-07-15 11:06:22 --> $config['composer_autoload'] is set to TRUE but /Code/PHP/zd_app/code/ExamPlat/app/vendor/autoload.php was not found.
ERROR - 2017-07-15 11:06:23 --> $config['composer_autoload'] is set to TRUE but /Code/PHP/zd_app/code/ExamPlat/app/vendor/autoload.php was not found.
ERROR - 2017-07-15 11:06:24 --> $config['composer_autoload'] is set to TRUE but /Code/PHP/zd_app/code/ExamPlat/app/vendor/autoload.php was not found.
ERROR - 2017-07-15 11:06:25 --> $config['composer_autoload'] is set to TRUE but /Code/PHP/zd_app/code/ExamPlat/app/vendor/autoload.php was not found.
ERROR - 2017-07-15 11:06:26 --> $config['composer_autoload'] is set to TRUE but /Code/PHP/zd_app/code/ExamPlat/app/vendor/autoload.php was not found.
ERROR - 2017-07-15 11:06:27 --> $config['composer_autoload'] is set to TRUE but /Code/PHP/zd_app/code/ExamPlat/app/vendor/autoload.php was not found.
ERROR - 2017-07-15 11:06:30 --> $config['composer_autoload'] is set to TRUE but /Code/PHP/zd_app/code/ExamPlat/app/vendor/autoload.php was not found.
ERROR - 2017-07-15 11:06:33 --> $config['composer_autoload'] is set to TRUE but /Code/PHP/zd_app/code/ExamPlat/app/vendor/autoload.php was not found.
ERROR - 2017-07-15 11:15:56 --> $config['composer_autoload'] is set to TRUE but /Code/PHP/zd_app/code/ExamPlat/app/vendor/autoload.php was not found.
ERROR - 2017-07-15 11:15:57 --> $config['composer_autoload'] is set to TRUE but /Code/PHP/zd_app/code/ExamPlat/app/vendor/autoload.php was not found.
ERROR - 2017-07-15 11:15:57 --> $config['composer_autoload'] is set to TRUE but /Code/PHP/zd_app/code/ExamPlat/app/vendor/autoload.php was not found.
ERROR - 2017-07-15 11:15:58 --> $config['composer_autoload'] is set to TRUE but /Code/PHP/zd_app/code/ExamPlat/app/vendor/autoload.php was not found.
ERROR - 2017-07-15 11:16:03 --> $config['composer_autoload'] is set to TRUE but /Code/PHP/zd_app/code/ExamPlat/app/vendor/autoload.php was not found.
ERROR - 2017-07-15 11:17:56 --> $config['composer_autoload'] is set to TRUE but /Code/PHP/zd_app/code/ExamPlat/app/vendor/autoload.php was not found.
ERROR - 2017-07-15 11:17:57 --> $config['composer_autoload'] is set to TRUE but /Code/PHP/zd_app/code/ExamPlat/app/vendor/autoload.php was not found.
ERROR - 2017-07-15 11:18:00 --> $config['composer_autoload'] is set to TRUE but /Code/PHP/zd_app/code/ExamPlat/app/vendor/autoload.php was not found.
ERROR - 2017-07-15 11:18:01 --> $config['composer_autoload'] is set to TRUE but /Code/PHP/zd_app/code/ExamPlat/app/vendor/autoload.php was not found.
ERROR - 2017-07-15 11:18:02 --> $config['composer_autoload'] is set to TRUE but /Code/PHP/zd_app/code/ExamPlat/app/vendor/autoload.php was not found.
ERROR - 2017-07-15 13:09:45 --> $config['composer_autoload'] is set to TRUE but /Code/PHP/zd_app/code/ExamPlat/app/vendor/autoload.php was not found.
ERROR - 2017-07-15 13:09:45 --> $config['composer_autoload'] is set to TRUE but /Code/PHP/zd_app/code/ExamPlat/app/vendor/autoload.php was not found.
ERROR - 2017-07-15 13:29:54 --> $config['composer_autoload'] is set to TRUE but /Code/PHP/zd_app/code/ExamPlat/app/vendor/autoload.php was not found.
ERROR - 2017-07-15 13:29:55 --> $config['composer_autoload'] is set to TRUE but /Code/PHP/zd_app/code/ExamPlat/app/vendor/autoload.php was not found.
ERROR - 2017-07-15 13:29:56 --> $config['composer_autoload'] is set to TRUE but /Code/PHP/zd_app/code/ExamPlat/app/vendor/autoload.php was not found.
ERROR - 2017-07-15 13:30:05 --> $config['composer_autoload'] is set to TRUE but /Code/PHP/zd_app/code/ExamPlat/app/vendor/autoload.php was not found.
ERROR - 2017-07-15 13:33:32 --> $config['composer_autoload'] is set to TRUE but /Code/PHP/zd_app/code/ExamPlat/app/vendor/autoload.php was not found.
ERROR - 2017-07-15 13:36:34 --> $config['composer_autoload'] is set to TRUE but /Code/PHP/zd_app/code/ExamPlat/app/vendor/autoload.php was not found.
ERROR - 2017-07-15 13:36:37 --> $config['composer_autoload'] is set to TRUE but /Code/PHP/zd_app/code/ExamPlat/app/vendor/autoload.php was not found.
ERROR - 2017-07-15 13:36:37 --> Severity: error --> Exception: Session parameter is error in prelistening /Code/PHP/zd_app/code/ExamPlat/app/models/student/Mock.php 169
ERROR - 2017-07-15 13:36:59 --> $config['composer_autoload'] is set to TRUE but /Code/PHP/zd_app/code/ExamPlat/app/vendor/autoload.php was not found.
ERROR - 2017-07-15 13:37:00 --> $config['composer_autoload'] is set to TRUE but /Code/PHP/zd_app/code/ExamPlat/app/vendor/autoload.php was not found.
ERROR - 2017-07-15 13:37:00 --> $config['composer_autoload'] is set to TRUE but /Code/PHP/zd_app/code/ExamPlat/app/vendor/autoload.php was not found.
ERROR - 2017-07-15 13:37:01 --> $config['composer_autoload'] is set to TRUE but /Code/PHP/zd_app/code/ExamPlat/app/vendor/autoload.php was not found.
ERROR - 2017-07-15 13:37:13 --> $config['composer_autoload'] is set to TRUE but /Code/PHP/zd_app/code/ExamPlat/app/vendor/autoload.php was not found.
ERROR - 2017-07-15 13:37:13 --> Severity: error --> Exception: Session parameter is error in prelistening /Code/PHP/zd_app/code/ExamPlat/app/models/student/Mock.php 169
ERROR - 2017-07-15 13:37:14 --> $config['composer_autoload'] is set to TRUE but /Code/PHP/zd_app/code/ExamPlat/app/vendor/autoload.php was not found.
ERROR - 2017-07-15 13:37:26 --> $config['composer_autoload'] is set to TRUE but /Code/PHP/zd_app/code/ExamPlat/app/vendor/autoload.php was not found.
ERROR - 2017-07-15 13:37:27 --> $config['composer_autoload'] is set to TRUE but /Code/PHP/zd_app/code/ExamPlat/app/vendor/autoload.php was not found.
ERROR - 2017-07-15 13:37:27 --> $config['composer_autoload'] is set to TRUE but /Code/PHP/zd_app/code/ExamPlat/app/vendor/autoload.php was not found.
ERROR - 2017-07-15 13:37:28 --> $config['composer_autoload'] is set to TRUE but /Code/PHP/zd_app/code/ExamPlat/app/vendor/autoload.php was not found.
ERROR - 2017-07-15 13:37:32 --> $config['composer_autoload'] is set to TRUE but /Code/PHP/zd_app/code/ExamPlat/app/vendor/autoload.php was not found.
ERROR - 2017-07-15 13:37:39 --> $config['composer_autoload'] is set to TRUE but /Code/PHP/zd_app/code/ExamPlat/app/vendor/autoload.php was not found.
ERROR - 2017-07-15 13:40:21 --> $config['composer_autoload'] is set to TRUE but /Code/PHP/zd_app/code/ExamPlat/app/vendor/autoload.php was not found.
ERROR - 2017-07-15 13:42:41 --> $config['composer_autoload'] is set to TRUE but /Code/PHP/zd_app/code/ExamPlat/app/vendor/autoload.php was not found.
ERROR - 2017-07-15 13:42:45 --> $config['composer_autoload'] is set to TRUE but /Code/PHP/zd_app/code/ExamPlat/app/vendor/autoload.php was not found.
ERROR - 2017-07-15 13:42:52 --> $config['composer_autoload'] is set to TRUE but /Code/PHP/zd_app/code/ExamPlat/app/vendor/autoload.php was not found.
ERROR - 2017-07-15 13:42:59 --> $config['composer_autoload'] is set to TRUE but /Code/PHP/zd_app/code/ExamPlat/app/vendor/autoload.php was not found.
ERROR - 2017-07-15 13:43:02 --> $config['composer_autoload'] is set to TRUE but /Code/PHP/zd_app/code/ExamPlat/app/vendor/autoload.php was not found.
ERROR - 2017-07-15 13:45:46 --> $config['composer_autoload'] is set to TRUE but /Code/PHP/zd_app/code/ExamPlat/app/vendor/autoload.php was not found.
ERROR - 2017-07-15 13:45:59 --> $config['composer_autoload'] is set to TRUE but /Code/PHP/zd_app/code/ExamPlat/app/vendor/autoload.php was not found.
ERROR - 2017-07-15 13:46:05 --> $config['composer_autoload'] is set to TRUE but /Code/PHP/zd_app/code/ExamPlat/app/vendor/autoload.php was not found.
ERROR - 2017-07-15 13:46:35 --> $config['composer_autoload'] is set to TRUE but /Code/PHP/zd_app/code/ExamPlat/app/vendor/autoload.php was not found.
ERROR - 2017-07-15 13:46:39 --> $config['composer_autoload'] is set to TRUE but /Code/PHP/zd_app/code/ExamPlat/app/vendor/autoload.php was not found.
ERROR - 2017-07-15 13:46:42 --> $config['composer_autoload'] is set to TRUE but /Code/PHP/zd_app/code/ExamPlat/app/vendor/autoload.php was not found.
ERROR - 2017-07-15 13:46:46 --> $config['composer_autoload'] is set to TRUE but /Code/PHP/zd_app/code/ExamPlat/app/vendor/autoload.php was not found.
ERROR - 2017-07-15 13:49:26 --> $config['composer_autoload'] is set to TRUE but /Code/PHP/zd_app/code/ExamPlat/app/vendor/autoload.php was not found.
ERROR - 2017-07-15 13:49:31 --> $config['composer_autoload'] is set to TRUE but /Code/PHP/zd_app/code/ExamPlat/app/vendor/autoload.php was not found.
ERROR - 2017-07-15 13:49:34 --> $config['composer_autoload'] is set to TRUE but /Code/PHP/zd_app/code/ExamPlat/app/vendor/autoload.php was not found.
ERROR - 2017-07-15 13:49:37 --> $config['composer_autoload'] is set to TRUE but /Code/PHP/zd_app/code/ExamPlat/app/vendor/autoload.php was not found.
ERROR - 2017-07-15 13:49:40 --> $config['composer_autoload'] is set to TRUE but /Code/PHP/zd_app/code/ExamPlat/app/vendor/autoload.php was not found.
ERROR - 2017-07-15 13:49:45 --> $config['composer_autoload'] is set to TRUE but /Code/PHP/zd_app/code/ExamPlat/app/vendor/autoload.php was not found.
ERROR - 2017-07-15 13:49:49 --> $config['composer_autoload'] is set to TRUE but /Code/PHP/zd_app/code/ExamPlat/app/vendor/autoload.php was not found.
ERROR - 2017-07-15 13:57:57 --> $config['composer_autoload'] is set to TRUE but /Code/PHP/zd_app/code/ExamPlat/app/vendor/autoload.php was not found.
ERROR - 2017-07-15 13:57:57 --> $config['composer_autoload'] is set to TRUE but /Code/PHP/zd_app/code/ExamPlat/app/vendor/autoload.php was not found.
ERROR - 2017-07-15 13:58:00 --> $config['composer_autoload'] is set to TRUE but /Code/PHP/zd_app/code/ExamPlat/app/vendor/autoload.php was not found.
ERROR - 2017-07-15 13:58:00 --> $config['composer_autoload'] is set to TRUE but /Code/PHP/zd_app/code/ExamPlat/app/vendor/autoload.php was not found.
ERROR - 2017-07-15 13:58:01 --> $config['composer_autoload'] is set to TRUE but /Code/PHP/zd_app/code/ExamPlat/app/vendor/autoload.php was not found.
ERROR - 2017-07-15 13:58:02 --> $config['composer_autoload'] is set to TRUE but /Code/PHP/zd_app/code/ExamPlat/app/vendor/autoload.php was not found.
ERROR - 2017-07-15 13:58:03 --> $config['composer_autoload'] is set to TRUE but /Code/PHP/zd_app/code/ExamPlat/app/vendor/autoload.php was not found.
ERROR - 2017-07-15 13:58:09 --> $config['composer_autoload'] is set to TRUE but /Code/PHP/zd_app/code/ExamPlat/app/vendor/autoload.php was not found.
ERROR - 2017-07-15 14:08:09 --> $config['composer_autoload'] is set to TRUE but /Code/PHP/zd_app/code/ExamPlat/app/vendor/autoload.php was not found.
ERROR - 2017-07-15 14:21:43 --> $config['composer_autoload'] is set to TRUE but /Code/PHP/zd_app/code/ExamPlat/app/vendor/autoload.php was not found.
ERROR - 2017-07-15 14:21:59 --> $config['composer_autoload'] is set to TRUE but /Code/PHP/zd_app/code/ExamPlat/app/vendor/autoload.php was not found.
ERROR - 2017-07-15 14:22:00 --> $config['composer_autoload'] is set to TRUE but /Code/PHP/zd_app/code/ExamPlat/app/vendor/autoload.php was not found.
ERROR - 2017-07-15 14:22:09 --> $config['composer_autoload'] is set to TRUE but /Code/PHP/zd_app/code/ExamPlat/app/vendor/autoload.php was not found.
ERROR - 2017-07-15 14:22:10 --> $config['composer_autoload'] is set to TRUE but /Code/PHP/zd_app/code/ExamPlat/app/vendor/autoload.php was not found.
ERROR - 2017-07-15 14:22:10 --> $config['composer_autoload'] is set to TRUE but /Code/PHP/zd_app/code/ExamPlat/app/vendor/autoload.php was not found.
ERROR - 2017-07-15 14:22:12 --> $config['composer_autoload'] is set to TRUE but /Code/PHP/zd_app/code/ExamPlat/app/vendor/autoload.php was not found.
ERROR - 2017-07-15 14:22:13 --> $config['composer_autoload'] is set to TRUE but /Code/PHP/zd_app/code/ExamPlat/app/vendor/autoload.php was not found.
ERROR - 2017-07-15 14:22:13 --> $config['composer_autoload'] is set to TRUE but /Code/PHP/zd_app/code/ExamPlat/app/vendor/autoload.php was not found.
ERROR - 2017-07-15 14:22:20 --> $config['composer_autoload'] is set to TRUE but /Code/PHP/zd_app/code/ExamPlat/app/vendor/autoload.php was not found.
ERROR - 2017-07-15 14:25:22 --> $config['composer_autoload'] is set to TRUE but /Code/PHP/zd_app/code/ExamPlat/app/vendor/autoload.php was not found.
ERROR - 2017-07-15 14:25:23 --> $config['composer_autoload'] is set to TRUE but /Code/PHP/zd_app/code/ExamPlat/app/vendor/autoload.php was not found.
ERROR - 2017-07-15 14:25:32 --> $config['composer_autoload'] is set to TRUE but /Code/PHP/zd_app/code/ExamPlat/app/vendor/autoload.php was not found.
ERROR - 2017-07-15 14:25:33 --> $config['composer_autoload'] is set to TRUE but /Code/PHP/zd_app/code/ExamPlat/app/vendor/autoload.php was not found.
ERROR - 2017-07-15 14:25:33 --> $config['composer_autoload'] is set to TRUE but /Code/PHP/zd_app/code/ExamPlat/app/vendor/autoload.php was not found.
ERROR - 2017-07-15 14:25:34 --> $config['composer_autoload'] is set to TRUE but /Code/PHP/zd_app/code/ExamPlat/app/vendor/autoload.php was not found.
ERROR - 2017-07-15 14:25:35 --> $config['composer_autoload'] is set to TRUE but /Code/PHP/zd_app/code/ExamPlat/app/vendor/autoload.php was not found.
ERROR - 2017-07-15 14:25:36 --> $config['composer_autoload'] is set to TRUE but /Code/PHP/zd_app/code/ExamPlat/app/vendor/autoload.php was not found.
ERROR - 2017-07-15 14:25:43 --> $config['composer_autoload'] is set to TRUE but /Code/PHP/zd_app/code/ExamPlat/app/vendor/autoload.php was not found.
ERROR - 2017-07-15 14:26:28 --> $config['composer_autoload'] is set to TRUE but /Code/PHP/zd_app/code/ExamPlat/app/vendor/autoload.php was not found.
ERROR - 2017-07-15 14:26:29 --> $config['composer_autoload'] is set to TRUE but /Code/PHP/zd_app/code/ExamPlat/app/vendor/autoload.php was not found.
ERROR - 2017-07-15 14:26:50 --> $config['composer_autoload'] is set to TRUE but /Code/PHP/zd_app/code/ExamPlat/app/vendor/autoload.php was not found.
ERROR - 2017-07-15 14:26:51 --> $config['composer_autoload'] is set to TRUE but /Code/PHP/zd_app/code/ExamPlat/app/vendor/autoload.php was not found.
ERROR - 2017-07-15 14:26:51 --> $config['composer_autoload'] is set to TRUE but /Code/PHP/zd_app/code/ExamPlat/app/vendor/autoload.php was not found.
ERROR - 2017-07-15 14:26:53 --> $config['composer_autoload'] is set to TRUE but /Code/PHP/zd_app/code/ExamPlat/app/vendor/autoload.php was not found.
ERROR - 2017-07-15 14:26:54 --> $config['composer_autoload'] is set to TRUE but /Code/PHP/zd_app/code/ExamPlat/app/vendor/autoload.php was not found.
ERROR - 2017-07-15 14:26:54 --> $config['composer_autoload'] is set to TRUE but /Code/PHP/zd_app/code/ExamPlat/app/vendor/autoload.php was not found.
ERROR - 2017-07-15 14:27:00 --> $config['composer_autoload'] is set to TRUE but /Code/PHP/zd_app/code/ExamPlat/app/vendor/autoload.php was not found.
ERROR - 2017-07-15 14:37:01 --> $config['composer_autoload'] is set to TRUE but /Code/PHP/zd_app/code/ExamPlat/app/vendor/autoload.php was not found.
ERROR - 2017-07-15 14:37:12 --> $config['composer_autoload'] is set to TRUE but /Code/PHP/zd_app/code/ExamPlat/app/vendor/autoload.php was not found.
ERROR - 2017-07-15 14:37:13 --> $config['composer_autoload'] is set to TRUE but /Code/PHP/zd_app/code/ExamPlat/app/vendor/autoload.php was not found.
ERROR - 2017-07-15 14:37:21 --> $config['composer_autoload'] is set to TRUE but /Code/PHP/zd_app/code/ExamPlat/app/vendor/autoload.php was not found.
ERROR - 2017-07-15 14:37:22 --> $config['composer_autoload'] is set to TRUE but /Code/PHP/zd_app/code/ExamPlat/app/vendor/autoload.php was not found.
ERROR - 2017-07-15 14:37:22 --> $config['composer_autoload'] is set to TRUE but /Code/PHP/zd_app/code/ExamPlat/app/vendor/autoload.php was not found.
ERROR - 2017-07-15 14:37:24 --> $config['composer_autoload'] is set to TRUE but /Code/PHP/zd_app/code/ExamPlat/app/vendor/autoload.php was not found.
ERROR - 2017-07-15 14:37:25 --> $config['composer_autoload'] is set to TRUE but /Code/PHP/zd_app/code/ExamPlat/app/vendor/autoload.php was not found.
ERROR - 2017-07-15 14:37:26 --> $config['composer_autoload'] is set to TRUE but /Code/PHP/zd_app/code/ExamPlat/app/vendor/autoload.php was not found.
ERROR - 2017-07-15 14:37:32 --> $config['composer_autoload'] is set to TRUE but /Code/PHP/zd_app/code/ExamPlat/app/vendor/autoload.php was not found.
ERROR - 2017-07-15 14:37:51 --> $config['composer_autoload'] is set to TRUE but /Code/PHP/zd_app/code/ExamPlat/app/vendor/autoload.php was not found.
ERROR - 2017-07-15 14:37:51 --> $config['composer_autoload'] is set to TRUE but /Code/PHP/zd_app/code/ExamPlat/app/vendor/autoload.php was not found.
ERROR - 2017-07-15 14:37:59 --> $config['composer_autoload'] is set to TRUE but /Code/PHP/zd_app/code/ExamPlat/app/vendor/autoload.php was not found.
ERROR - 2017-07-15 14:38:00 --> $config['composer_autoload'] is set to TRUE but /Code/PHP/zd_app/code/ExamPlat/app/vendor/autoload.php was not found.
ERROR - 2017-07-15 14:38:00 --> $config['composer_autoload'] is set to TRUE but /Code/PHP/zd_app/code/ExamPlat/app/vendor/autoload.php was not found.
ERROR - 2017-07-15 14:38:02 --> $config['composer_autoload'] is set to TRUE but /Code/PHP/zd_app/code/ExamPlat/app/vendor/autoload.php was not found.
ERROR - 2017-07-15 14:38:02 --> $config['composer_autoload'] is set to TRUE but /Code/PHP/zd_app/code/ExamPlat/app/vendor/autoload.php was not found.
ERROR - 2017-07-15 14:38:03 --> $config['composer_autoload'] is set to TRUE but /Code/PHP/zd_app/code/ExamPlat/app/vendor/autoload.php was not found.
ERROR - 2017-07-15 14:38:09 --> $config['composer_autoload'] is set to TRUE but /Code/PHP/zd_app/code/ExamPlat/app/vendor/autoload.php was not found.
ERROR - 2017-07-15 14:41:40 --> $config['composer_autoload'] is set to TRUE but /Code/PHP/zd_app/code/ExamPlat/app/vendor/autoload.php was not found.
ERROR - 2017-07-15 14:41:41 --> $config['composer_autoload'] is set to TRUE but /Code/PHP/zd_app/code/ExamPlat/app/vendor/autoload.php was not found.
ERROR - 2017-07-15 14:41:50 --> $config['composer_autoload'] is set to TRUE but /Code/PHP/zd_app/code/ExamPlat/app/vendor/autoload.php was not found.
ERROR - 2017-07-15 14:41:51 --> $config['composer_autoload'] is set to TRUE but /Code/PHP/zd_app/code/ExamPlat/app/vendor/autoload.php was not found.
ERROR - 2017-07-15 14:41:51 --> $config['composer_autoload'] is set to TRUE but /Code/PHP/zd_app/code/ExamPlat/app/vendor/autoload.php was not found.
ERROR - 2017-07-15 14:41:53 --> $config['composer_autoload'] is set to TRUE but /Code/PHP/zd_app/code/ExamPlat/app/vendor/autoload.php was not found.
ERROR - 2017-07-15 14:41:54 --> $config['composer_autoload'] is set to TRUE but /Code/PHP/zd_app/code/ExamPlat/app/vendor/autoload.php was not found.
ERROR - 2017-07-15 14:41:55 --> $config['composer_autoload'] is set to TRUE but /Code/PHP/zd_app/code/ExamPlat/app/vendor/autoload.php was not found.
ERROR - 2017-07-15 14:42:01 --> $config['composer_autoload'] is set to TRUE but /Code/PHP/zd_app/code/ExamPlat/app/vendor/autoload.php was not found.
ERROR - 2017-07-15 14:44:38 --> $config['composer_autoload'] is set to TRUE but /Code/PHP/zd_app/code/ExamPlat/app/vendor/autoload.php was not found.
ERROR - 2017-07-15 14:46:45 --> $config['composer_autoload'] is set to TRUE but /Code/PHP/zd_app/code/ExamPlat/app/vendor/autoload.php was not found.
ERROR - 2017-07-15 14:46:59 --> $config['composer_autoload'] is set to TRUE but /Code/PHP/zd_app/code/ExamPlat/app/vendor/autoload.php was not found.
ERROR - 2017-07-15 14:47:27 --> $config['composer_autoload'] is set to TRUE but /Code/PHP/zd_app/code/ExamPlat/app/vendor/autoload.php was not found.
ERROR - 2017-07-15 14:47:37 --> $config['composer_autoload'] is set to TRUE but /Code/PHP/zd_app/code/ExamPlat/app/vendor/autoload.php was not found.
ERROR - 2017-07-15 14:50:16 --> $config['composer_autoload'] is set to TRUE but /Code/PHP/zd_app/code/ExamPlat/app/vendor/autoload.php was not found.
ERROR - 2017-07-15 14:54:42 --> $config['composer_autoload'] is set to TRUE but /Code/PHP/zd_app/code/ExamPlat/app/vendor/autoload.php was not found.
ERROR - 2017-07-15 14:55:10 --> $config['composer_autoload'] is set to TRUE but /Code/PHP/zd_app/code/ExamPlat/app/vendor/autoload.php was not found.
ERROR - 2017-07-15 14:55:10 --> $config['composer_autoload'] is set to TRUE but /Code/PHP/zd_app/code/ExamPlat/app/vendor/autoload.php was not found.
ERROR - 2017-07-15 14:55:24 --> $config['composer_autoload'] is set to TRUE but /Code/PHP/zd_app/code/ExamPlat/app/vendor/autoload.php was not found.
ERROR - 2017-07-15 14:55:26 --> $config['composer_autoload'] is set to TRUE but /Code/PHP/zd_app/code/ExamPlat/app/vendor/autoload.php was not found.
ERROR - 2017-07-15 14:55:26 --> $config['composer_autoload'] is set to TRUE but /Code/PHP/zd_app/code/ExamPlat/app/vendor/autoload.php was not found.
ERROR - 2017-07-15 14:55:27 --> $config['composer_autoload'] is set to TRUE but /Code/PHP/zd_app/code/ExamPlat/app/vendor/autoload.php was not found.
ERROR - 2017-07-15 14:55:28 --> $config['composer_autoload'] is set to TRUE but /Code/PHP/zd_app/code/ExamPlat/app/vendor/autoload.php was not found.
ERROR - 2017-07-15 14:55:28 --> $config['composer_autoload'] is set to TRUE but /Code/PHP/zd_app/code/ExamPlat/app/vendor/autoload.php was not found.
ERROR - 2017-07-15 14:55:34 --> $config['composer_autoload'] is set to TRUE but /Code/PHP/zd_app/code/ExamPlat/app/vendor/autoload.php was not found.
ERROR - 2017-07-15 14:55:45 --> $config['composer_autoload'] is set to TRUE but /Code/PHP/zd_app/code/ExamPlat/app/vendor/autoload.php was not found.
ERROR - 2017-07-15 14:55:50 --> $config['composer_autoload'] is set to TRUE but /Code/PHP/zd_app/code/ExamPlat/app/vendor/autoload.php was not found.
ERROR - 2017-07-15 14:55:54 --> $config['composer_autoload'] is set to TRUE but /Code/PHP/zd_app/code/ExamPlat/app/vendor/autoload.php was not found.
ERROR - 2017-07-15 14:55:57 --> $config['composer_autoload'] is set to TRUE but /Code/PHP/zd_app/code/ExamPlat/app/vendor/autoload.php was not found.
ERROR - 2017-07-15 14:56:00 --> $config['composer_autoload'] is set to TRUE but /Code/PHP/zd_app/code/ExamPlat/app/vendor/autoload.php was not found.
ERROR - 2017-07-15 14:58:39 --> $config['composer_autoload'] is set to TRUE but /Code/PHP/zd_app/code/ExamPlat/app/vendor/autoload.php was not found.
ERROR - 2017-07-15 14:59:56 --> $config['composer_autoload'] is set to TRUE but /Code/PHP/zd_app/code/ExamPlat/app/vendor/autoload.php was not found.
ERROR - 2017-07-15 14:59:57 --> $config['composer_autoload'] is set to TRUE but /Code/PHP/zd_app/code/ExamPlat/app/vendor/autoload.php was not found.
ERROR - 2017-07-15 15:00:27 --> $config['composer_autoload'] is set to TRUE but /Code/PHP/zd_app/code/ExamPlat/app/vendor/autoload.php was not found.
ERROR - 2017-07-15 15:00:28 --> $config['composer_autoload'] is set to TRUE but /Code/PHP/zd_app/code/ExamPlat/app/vendor/autoload.php was not found.
ERROR - 2017-07-15 15:00:28 --> $config['composer_autoload'] is set to TRUE but /Code/PHP/zd_app/code/ExamPlat/app/vendor/autoload.php was not found.
ERROR - 2017-07-15 15:00:29 --> $config['composer_autoload'] is set to TRUE but /Code/PHP/zd_app/code/ExamPlat/app/vendor/autoload.php was not found.
ERROR - 2017-07-15 15:00:31 --> $config['composer_autoload'] is set to TRUE but /Code/PHP/zd_app/code/ExamPlat/app/vendor/autoload.php was not found.
ERROR - 2017-07-15 15:00:32 --> $config['composer_autoload'] is set to TRUE but /Code/PHP/zd_app/code/ExamPlat/app/vendor/autoload.php was not found.
ERROR - 2017-07-15 15:00:38 --> $config['composer_autoload'] is set to TRUE but /Code/PHP/zd_app/code/ExamPlat/app/vendor/autoload.php was not found.
ERROR - 2017-07-15 15:03:43 --> $config['composer_autoload'] is set to TRUE but /Code/PHP/zd_app/code/ExamPlat/app/vendor/autoload.php was not found.
ERROR - 2017-07-15 15:03:52 --> $config['composer_autoload'] is set to TRUE but /Code/PHP/zd_app/code/ExamPlat/app/vendor/autoload.php was not found.
ERROR - 2017-07-15 15:04:04 --> $config['composer_autoload'] is set to TRUE but /Code/PHP/zd_app/code/ExamPlat/app/vendor/autoload.php was not found.
ERROR - 2017-07-15 15:04:05 --> $config['composer_autoload'] is set to TRUE but /Code/PHP/zd_app/code/ExamPlat/app/vendor/autoload.php was not found.
ERROR - 2017-07-15 15:04:05 --> $config['composer_autoload'] is set to TRUE but /Code/PHP/zd_app/code/ExamPlat/app/vendor/autoload.php was not found.
ERROR - 2017-07-15 15:04:06 --> $config['composer_autoload'] is set to TRUE but /Code/PHP/zd_app/code/ExamPlat/app/vendor/autoload.php was not found.
ERROR - 2017-07-15 15:04:07 --> $config['composer_autoload'] is set to TRUE but /Code/PHP/zd_app/code/ExamPlat/app/vendor/autoload.php was not found.
ERROR - 2017-07-15 15:04:07 --> $config['composer_autoload'] is set to TRUE but /Code/PHP/zd_app/code/ExamPlat/app/vendor/autoload.php was not found.
ERROR - 2017-07-15 15:04:13 --> $config['composer_autoload'] is set to TRUE but /Code/PHP/zd_app/code/ExamPlat/app/vendor/autoload.php was not found.
ERROR - 2017-07-15 15:06:03 --> $config['composer_autoload'] is set to TRUE but /Code/PHP/zd_app/code/ExamPlat/app/vendor/autoload.php was not found.
ERROR - 2017-07-15 15:06:03 --> Severity: error --> Exception: Session parameter is error in prelistening /Code/PHP/zd_app/code/ExamPlat/app/models/student/Mock.php 169
ERROR - 2017-07-15 15:06:04 --> $config['composer_autoload'] is set to TRUE but /Code/PHP/zd_app/code/ExamPlat/app/vendor/autoload.php was not found.
ERROR - 2017-07-15 15:06:14 --> $config['composer_autoload'] is set to TRUE but /Code/PHP/zd_app/code/ExamPlat/app/vendor/autoload.php was not found.
ERROR - 2017-07-15 15:06:15 --> $config['composer_autoload'] is set to TRUE but /Code/PHP/zd_app/code/ExamPlat/app/vendor/autoload.php was not found.
ERROR - 2017-07-15 15:06:15 --> $config['composer_autoload'] is set to TRUE but /Code/PHP/zd_app/code/ExamPlat/app/vendor/autoload.php was not found.
ERROR - 2017-07-15 15:06:16 --> $config['composer_autoload'] is set to TRUE but /Code/PHP/zd_app/code/ExamPlat/app/vendor/autoload.php was not found.
ERROR - 2017-07-15 15:06:18 --> $config['composer_autoload'] is set to TRUE but /Code/PHP/zd_app/code/ExamPlat/app/vendor/autoload.php was not found.
ERROR - 2017-07-15 15:06:18 --> $config['composer_autoload'] is set to TRUE but /Code/PHP/zd_app/code/ExamPlat/app/vendor/autoload.php was not found.
ERROR - 2017-07-15 15:06:24 --> $config['composer_autoload'] is set to TRUE but /Code/PHP/zd_app/code/ExamPlat/app/vendor/autoload.php was not found.
ERROR - 2017-07-15 15:07:48 --> $config['composer_autoload'] is set to TRUE but /Code/PHP/zd_app/code/ExamPlat/app/vendor/autoload.php was not found.
ERROR - 2017-07-15 15:07:48 --> Severity: Notice --> Undefined variable: time /Code/PHP/zd_app/code/ExamPlat/gui/student/listening/listen_type_checkbox.php 18
ERROR - 2017-07-15 15:07:48 --> Severity: Notice --> Undefined variable: time /Code/PHP/zd_app/code/ExamPlat/gui/student/listening/listen_type_checkbox.php 52
ERROR - 2017-07-15 15:07:55 --> $config['composer_autoload'] is set to TRUE but /Code/PHP/zd_app/code/ExamPlat/app/vendor/autoload.php was not found.
ERROR - 2017-07-15 15:07:55 --> Severity: Notice --> Undefined variable: time /Code/PHP/zd_app/code/ExamPlat/gui/student/listening/listen_type_checkbox.php 18
ERROR - 2017-07-15 15:07:55 --> Severity: Notice --> Undefined variable: time /Code/PHP/zd_app/code/ExamPlat/gui/student/listening/listen_type_checkbox.php 52
ERROR - 2017-07-15 15:08:02 --> $config['composer_autoload'] is set to TRUE but /Code/PHP/zd_app/code/ExamPlat/app/vendor/autoload.php was not found.
ERROR - 2017-07-15 15:08:14 --> $config['composer_autoload'] is set to TRUE but /Code/PHP/zd_app/code/ExamPlat/app/vendor/autoload.php was not found.
ERROR - 2017-07-15 15:08:15 --> $config['composer_autoload'] is set to TRUE but /Code/PHP/zd_app/code/ExamPlat/app/vendor/autoload.php was not found.
ERROR - 2017-07-15 15:08:15 --> $config['composer_autoload'] is set to TRUE but /Code/PHP/zd_app/code/ExamPlat/app/vendor/autoload.php was not found.
ERROR - 2017-07-15 15:08:17 --> $config['composer_autoload'] is set to TRUE but /Code/PHP/zd_app/code/ExamPlat/app/vendor/autoload.php was not found.
ERROR - 2017-07-15 15:08:17 --> $config['composer_autoload'] is set to TRUE but /Code/PHP/zd_app/code/ExamPlat/app/vendor/autoload.php was not found.
ERROR - 2017-07-15 15:08:18 --> $config['composer_autoload'] is set to TRUE but /Code/PHP/zd_app/code/ExamPlat/app/vendor/autoload.php was not found.
ERROR - 2017-07-15 15:08:25 --> $config['composer_autoload'] is set to TRUE but /Code/PHP/zd_app/code/ExamPlat/app/vendor/autoload.php was not found.
ERROR - 2017-07-15 15:10:51 --> $config['composer_autoload'] is set to TRUE but /Code/PHP/zd_app/code/ExamPlat/app/vendor/autoload.php was not found.
ERROR - 2017-07-15 15:10:51 --> $config['composer_autoload'] is set to TRUE but /Code/PHP/zd_app/code/ExamPlat/app/vendor/autoload.php was not found.
ERROR - 2017-07-15 15:10:59 --> $config['composer_autoload'] is set to TRUE but /Code/PHP/zd_app/code/ExamPlat/app/vendor/autoload.php was not found.
ERROR - 2017-07-15 15:11:01 --> $config['composer_autoload'] is set to TRUE but /Code/PHP/zd_app/code/ExamPlat/app/vendor/autoload.php was not found.
ERROR - 2017-07-15 15:11:01 --> $config['composer_autoload'] is set to TRUE but /Code/PHP/zd_app/code/ExamPlat/app/vendor/autoload.php was not found.
ERROR - 2017-07-15 15:11:02 --> $config['composer_autoload'] is set to TRUE but /Code/PHP/zd_app/code/ExamPlat/app/vendor/autoload.php was not found.
ERROR - 2017-07-15 15:11:03 --> $config['composer_autoload'] is set to TRUE but /Code/PHP/zd_app/code/ExamPlat/app/vendor/autoload.php was not found.
ERROR - 2017-07-15 15:11:04 --> $config['composer_autoload'] is set to TRUE but /Code/PHP/zd_app/code/ExamPlat/app/vendor/autoload.php was not found.
ERROR - 2017-07-15 15:11:11 --> $config['composer_autoload'] is set to TRUE but /Code/PHP/zd_app/code/ExamPlat/app/vendor/autoload.php was not found.
ERROR - 2017-07-15 15:11:11 --> Severity: Parsing Error --> parse error, expecting `','' or `';'' /Code/PHP/zd_app/code/ExamPlat/gui/student/listening/listen_type_checkbox.php 35
ERROR - 2017-07-15 15:11:26 --> $config['composer_autoload'] is set to TRUE but /Code/PHP/zd_app/code/ExamPlat/app/vendor/autoload.php was not found.
ERROR - 2017-07-15 15:11:30 --> $config['composer_autoload'] is set to TRUE but /Code/PHP/zd_app/code/ExamPlat/app/vendor/autoload.php was not found.
ERROR - 2017-07-15 15:11:41 --> $config['composer_autoload'] is set to TRUE but /Code/PHP/zd_app/code/ExamPlat/app/vendor/autoload.php was not found.
ERROR - 2017-07-15 15:11:42 --> $config['composer_autoload'] is set to TRUE but /Code/PHP/zd_app/code/ExamPlat/app/vendor/autoload.php was not found.
ERROR - 2017-07-15 15:11:42 --> $config['composer_autoload'] is set to TRUE but /Code/PHP/zd_app/code/ExamPlat/app/vendor/autoload.php was not found.
ERROR - 2017-07-15 15:11:44 --> $config['composer_autoload'] is set to TRUE but /Code/PHP/zd_app/code/ExamPlat/app/vendor/autoload.php was not found.
ERROR - 2017-07-15 15:11:45 --> $config['composer_autoload'] is set to TRUE but /Code/PHP/zd_app/code/ExamPlat/app/vendor/autoload.php was not found.
ERROR - 2017-07-15 15:11:46 --> $config['composer_autoload'] is set to TRUE but /Code/PHP/zd_app/code/ExamPlat/app/vendor/autoload.php was not found.
ERROR - 2017-07-15 15:11:53 --> $config['composer_autoload'] is set to TRUE but /Code/PHP/zd_app/code/ExamPlat/app/vendor/autoload.php was not found.
ERROR - 2017-07-15 15:14:50 --> $config['composer_autoload'] is set to TRUE but /Code/PHP/zd_app/code/ExamPlat/app/vendor/autoload.php was not found.
ERROR - 2017-07-15 15:14:51 --> $config['composer_autoload'] is set to TRUE but /Code/PHP/zd_app/code/ExamPlat/app/vendor/autoload.php was not found.
ERROR - 2017-07-15 15:14:51 --> $config['composer_autoload'] is set to TRUE but /Code/PHP/zd_app/code/ExamPlat/app/vendor/autoload.php was not found.
ERROR - 2017-07-15 15:14:56 --> $config['composer_autoload'] is set to TRUE but /Code/PHP/zd_app/code/ExamPlat/app/vendor/autoload.php was not found.
ERROR - 2017-07-15 15:15:08 --> $config['composer_autoload'] is set to TRUE but /Code/PHP/zd_app/code/ExamPlat/app/vendor/autoload.php was not found.
ERROR - 2017-07-15 15:15:10 --> $config['composer_autoload'] is set to TRUE but /Code/PHP/zd_app/code/ExamPlat/app/vendor/autoload.php was not found.
ERROR - 2017-07-15 15:15:15 --> $config['composer_autoload'] is set to TRUE but /Code/PHP/zd_app/code/ExamPlat/app/vendor/autoload.php was not found.
ERROR - 2017-07-15 15:15:42 --> $config['composer_autoload'] is set to TRUE but /Code/PHP/zd_app/code/ExamPlat/app/vendor/autoload.php was not found.
ERROR - 2017-07-15 15:15:43 --> $config['composer_autoload'] is set to TRUE but /Code/PHP/zd_app/code/ExamPlat/app/vendor/autoload.php was not found.
ERROR - 2017-07-15 15:15:43 --> $config['composer_autoload'] is set to TRUE but /Code/PHP/zd_app/code/ExamPlat/app/vendor/autoload.php was not found.
ERROR - 2017-07-15 15:15:44 --> $config['composer_autoload'] is set to TRUE but /Code/PHP/zd_app/code/ExamPlat/app/vendor/autoload.php was not found.
ERROR - 2017-07-15 15:15:45 --> $config['composer_autoload'] is set to TRUE but /Code/PHP/zd_app/code/ExamPlat/app/vendor/autoload.php was not found.
ERROR - 2017-07-15 15:15:46 --> $config['composer_autoload'] is set to TRUE but /Code/PHP/zd_app/code/ExamPlat/app/vendor/autoload.php was not found.
ERROR - 2017-07-15 15:15:51 --> $config['composer_autoload'] is set to TRUE but /Code/PHP/zd_app/code/ExamPlat/app/vendor/autoload.php was not found.
ERROR - 2017-07-15 15:15:58 --> $config['composer_autoload'] is set to TRUE but /Code/PHP/zd_app/code/ExamPlat/app/vendor/autoload.php was not found.
ERROR - 2017-07-15 15:16:01 --> $config['composer_autoload'] is set to TRUE but /Code/PHP/zd_app/code/ExamPlat/app/vendor/autoload.php was not found.
ERROR - 2017-07-15 15:16:03 --> $config['composer_autoload'] is set to TRUE but /Code/PHP/zd_app/code/ExamPlat/app/vendor/autoload.php was not found.
ERROR - 2017-07-15 15:16:08 --> $config['composer_autoload'] is set to TRUE but /Code/PHP/zd_app/code/ExamPlat/app/vendor/autoload.php was not found.
ERROR - 2017-07-15 15:16:13 --> $config['composer_autoload'] is set to TRUE but /Code/PHP/zd_app/code/ExamPlat/app/vendor/autoload.php was not found.
ERROR - 2017-07-15 15:18:52 --> $config['composer_autoload'] is set to TRUE but /Code/PHP/zd_app/code/ExamPlat/app/vendor/autoload.php was not found.
ERROR - 2017-07-15 15:59:00 --> $config['composer_autoload'] is set to TRUE but /Code/PHP/zd_app/code/ExamPlat/app/vendor/autoload.php was not found.
ERROR - 2017-07-15 15:59:01 --> $config['composer_autoload'] is set to TRUE but /Code/PHP/zd_app/code/ExamPlat/app/vendor/autoload.php was not found.
ERROR - 2017-07-15 15:59:01 --> $config['composer_autoload'] is set to TRUE but /Code/PHP/zd_app/code/ExamPlat/app/vendor/autoload.php was not found.
ERROR - 2017-07-15 15:59:01 --> 404 Page Not Found: MkStudent/prewrting
ERROR - 2017-07-15 15:59:17 --> $config['composer_autoload'] is set to TRUE but /Code/PHP/zd_app/code/ExamPlat/app/vendor/autoload.php was not found.
ERROR - 2017-07-15 15:59:42 --> $config['composer_autoload'] is set to TRUE but /Code/PHP/zd_app/code/ExamPlat/app/vendor/autoload.php was not found.
ERROR - 2017-07-15 15:59:45 --> $config['composer_autoload'] is set to TRUE but /Code/PHP/zd_app/code/ExamPlat/app/vendor/autoload.php was not found.
ERROR - 2017-07-15 16:00:19 --> $config['composer_autoload'] is set to TRUE but /Code/PHP/zd_app/code/ExamPlat/app/vendor/autoload.php was not found.
ERROR - 2017-07-15 16:00:36 --> $config['composer_autoload'] is set to TRUE but /Code/PHP/zd_app/code/ExamPlat/app/vendor/autoload.php was not found.
ERROR - 2017-07-15 16:01:36 --> $config['composer_autoload'] is set to TRUE but /Code/PHP/zd_app/code/ExamPlat/app/vendor/autoload.php was not found.
ERROR - 2017-07-15 16:01:59 --> $config['composer_autoload'] is set to TRUE but /Code/PHP/zd_app/code/ExamPlat/app/vendor/autoload.php was not found.
ERROR - 2017-07-15 16:02:06 --> $config['composer_autoload'] is set to TRUE but /Code/PHP/zd_app/code/ExamPlat/app/vendor/autoload.php was not found.
ERROR - 2017-07-15 16:02:06 --> $config['composer_autoload'] is set to TRUE but /Code/PHP/zd_app/code/ExamPlat/app/vendor/autoload.php was not found.
ERROR - 2017-07-15 16:03:15 --> $config['composer_autoload'] is set to TRUE but /Code/PHP/zd_app/code/ExamPlat/app/vendor/autoload.php was not found.
ERROR - 2017-07-15 16:03:16 --> $config['composer_autoload'] is set to TRUE but /Code/PHP/zd_app/code/ExamPlat/app/vendor/autoload.php was not found.
ERROR - 2017-07-15 16:03:16 --> $config['composer_autoload'] is set to TRUE but /Code/PHP/zd_app/code/ExamPlat/app/vendor/autoload.php was not found.
ERROR - 2017-07-15 16:04:01 --> $config['composer_autoload'] is set to TRUE but /Code/PHP/zd_app/code/ExamPlat/app/vendor/autoload.php was not found.
ERROR - 2017-07-15 16:04:12 --> $config['composer_autoload'] is set to TRUE but /Code/PHP/zd_app/code/ExamPlat/app/vendor/autoload.php was not found.
ERROR - 2017-07-15 16:06:26 --> $config['composer_autoload'] is set to TRUE but /Code/PHP/zd_app/code/ExamPlat/app/vendor/autoload.php was not found.
ERROR - 2017-07-15 16:06:26 --> $config['composer_autoload'] is set to TRUE but /Code/PHP/zd_app/code/ExamPlat/app/vendor/autoload.php was not found.
ERROR - 2017-07-15 16:08:02 --> $config['composer_autoload'] is set to TRUE but /Code/PHP/zd_app/code/ExamPlat/app/vendor/autoload.php was not found.
ERROR - 2017-07-15 16:08:02 --> $config['composer_autoload'] is set to TRUE but /Code/PHP/zd_app/code/ExamPlat/app/vendor/autoload.php was not found.
ERROR - 2017-07-15 16:08:02 --> 404 Page Not Found: Res/images
ERROR - 2017-07-15 16:08:02 --> $config['composer_autoload'] is set to TRUE but /Code/PHP/zd_app/code/ExamPlat/app/vendor/autoload.php was not found.
ERROR - 2017-07-15 16:08:02 --> 404 Page Not Found: Res/audio
ERROR - 2017-07-15 16:08:03 --> $config['composer_autoload'] is set to TRUE but /Code/PHP/zd_app/code/ExamPlat/app/vendor/autoload.php was not found.
ERROR - 2017-07-15 16:11:05 --> $config['composer_autoload'] is set to TRUE but /Code/PHP/zd_app/code/ExamPlat/app/vendor/autoload.php was not found.
ERROR - 2017-07-15 16:11:05 --> $config['composer_autoload'] is set to TRUE but /Code/PHP/zd_app/code/ExamPlat/app/vendor/autoload.php was not found.
ERROR - 2017-07-15 16:11:06 --> 404 Page Not Found: Res/audio
ERROR - 2017-07-15 16:11:06 --> $config['composer_autoload'] is set to TRUE but /Code/PHP/zd_app/code/ExamPlat/app/vendor/autoload.php was not found.
ERROR - 2017-07-15 16:13:27 --> $config['composer_autoload'] is set to TRUE but /Code/PHP/zd_app/code/ExamPlat/app/vendor/autoload.php was not found.
ERROR - 2017-07-15 16:13:27 --> $config['composer_autoload'] is set to TRUE but /Code/PHP/zd_app/code/ExamPlat/app/vendor/autoload.php was not found.
ERROR - 2017-07-15 16:13:27 --> 404 Page Not Found: Res/audio
ERROR - 2017-07-15 16:13:28 --> $config['composer_autoload'] is set to TRUE but /Code/PHP/zd_app/code/ExamPlat/app/vendor/autoload.php was not found.
ERROR - 2017-07-15 16:15:40 --> $config['composer_autoload'] is set to TRUE but /Code/PHP/zd_app/code/ExamPlat/app/vendor/autoload.php was not found.
ERROR - 2017-07-15 16:15:40 --> $config['composer_autoload'] is set to TRUE but /Code/PHP/zd_app/code/ExamPlat/app/vendor/autoload.php was not found.
ERROR - 2017-07-15 16:17:53 --> $config['composer_autoload'] is set to TRUE but /Code/PHP/zd_app/code/ExamPlat/app/vendor/autoload.php was not found.
ERROR - 2017-07-15 16:17:54 --> $config['composer_autoload'] is set to TRUE but /Code/PHP/zd_app/code/ExamPlat/app/vendor/autoload.php was not found.
ERROR - 2017-07-15 16:22:08 --> $config['composer_autoload'] is set to TRUE but /Code/PHP/zd_app/code/ExamPlat/app/vendor/autoload.php was not found.
ERROR - 2017-07-15 16:22:08 --> $config['composer_autoload'] is set to TRUE but /Code/PHP/zd_app/code/ExamPlat/app/vendor/autoload.php was not found.
ERROR - 2017-07-15 16:22:08 --> $config['composer_autoload'] is set to TRUE but /Code/PHP/zd_app/code/ExamPlat/app/vendor/autoload.php was not found.
ERROR - 2017-07-15 16:22:12 --> $config['composer_autoload'] is set to TRUE but /Code/PHP/zd_app/code/ExamPlat/app/vendor/autoload.php was not found.
ERROR - 2017-07-15 16:22:18 --> $config['composer_autoload'] is set to TRUE but /Code/PHP/zd_app/code/ExamPlat/app/vendor/autoload.php was not found.
ERROR - 2017-07-15 16:22:23 --> $config['composer_autoload'] is set to TRUE but /Code/PHP/zd_app/code/ExamPlat/app/vendor/autoload.php was not found.
ERROR - 2017-07-15 16:22:26 --> $config['composer_autoload'] is set to TRUE but /Code/PHP/zd_app/code/ExamPlat/app/vendor/autoload.php was not found.
ERROR - 2017-07-15 16:22:28 --> $config['composer_autoload'] is set to TRUE but /Code/PHP/zd_app/code/ExamPlat/app/vendor/autoload.php was not found.
ERROR - 2017-07-15 16:22:31 --> $config['composer_autoload'] is set to TRUE but /Code/PHP/zd_app/code/ExamPlat/app/vendor/autoload.php was not found.
ERROR - 2017-07-15 16:22:33 --> $config['composer_autoload'] is set to TRUE but /Code/PHP/zd_app/code/ExamPlat/app/vendor/autoload.php was not found.
ERROR - 2017-07-15 16:22:36 --> $config['composer_autoload'] is set to TRUE but /Code/PHP/zd_app/code/ExamPlat/app/vendor/autoload.php was not found.
ERROR - 2017-07-15 16:22:39 --> $config['composer_autoload'] is set to TRUE but /Code/PHP/zd_app/code/ExamPlat/app/vendor/autoload.php was not found.
ERROR - 2017-07-15 16:22:41 --> $config['composer_autoload'] is set to TRUE but /Code/PHP/zd_app/code/ExamPlat/app/vendor/autoload.php was not found.
ERROR - 2017-07-15 16:22:43 --> $config['composer_autoload'] is set to TRUE but /Code/PHP/zd_app/code/ExamPlat/app/vendor/autoload.php was not found.
ERROR - 2017-07-15 16:22:44 --> $config['composer_autoload'] is set to TRUE but /Code/PHP/zd_app/code/ExamPlat/app/vendor/autoload.php was not found.
ERROR - 2017-07-15 16:22:46 --> $config['composer_autoload'] is set to TRUE but /Code/PHP/zd_app/code/ExamPlat/app/vendor/autoload.php was not found.
ERROR - 2017-07-15 16:22:48 --> $config['composer_autoload'] is set to TRUE but /Code/PHP/zd_app/code/ExamPlat/app/vendor/autoload.php was not found.
ERROR - 2017-07-15 16:22:50 --> $config['composer_autoload'] is set to TRUE but /Code/PHP/zd_app/code/ExamPlat/app/vendor/autoload.php was not found.
ERROR - 2017-07-15 16:22:52 --> $config['composer_autoload'] is set to TRUE but /Code/PHP/zd_app/code/ExamPlat/app/vendor/autoload.php was not found.
ERROR - 2017-07-15 16:22:56 --> $config['composer_autoload'] is set to TRUE but /Code/PHP/zd_app/code/ExamPlat/app/vendor/autoload.php was not found.
ERROR - 2017-07-15 16:22:59 --> $config['composer_autoload'] is set to TRUE but /Code/PHP/zd_app/code/ExamPlat/app/vendor/autoload.php was not found.
ERROR - 2017-07-15 16:23:02 --> $config['composer_autoload'] is set to TRUE but /Code/PHP/zd_app/code/ExamPlat/app/vendor/autoload.php was not found.
ERROR - 2017-07-15 16:23:05 --> $config['composer_autoload'] is set to TRUE but /Code/PHP/zd_app/code/ExamPlat/app/vendor/autoload.php was not found.
ERROR - 2017-07-15 16:23:07 --> $config['composer_autoload'] is set to TRUE but /Code/PHP/zd_app/code/ExamPlat/app/vendor/autoload.php was not found.
ERROR - 2017-07-15 16:23:09 --> $config['composer_autoload'] is set to TRUE but /Code/PHP/zd_app/code/ExamPlat/app/vendor/autoload.php was not found.
ERROR - 2017-07-15 16:23:11 --> $config['composer_autoload'] is set to TRUE but /Code/PHP/zd_app/code/ExamPlat/app/vendor/autoload.php was not found.
ERROR - 2017-07-15 16:23:11 --> Severity: Warning --> Invalid argument supplied for foreach() /Code/PHP/zd_app/code/ExamPlat/gui/student/reading/read_type_radio.php 38
ERROR - 2017-07-15 16:25:41 --> $config['composer_autoload'] is set to TRUE but /Code/PHP/zd_app/code/ExamPlat/app/vendor/autoload.php was not found.
ERROR - 2017-07-15 16:25:52 --> $config['composer_autoload'] is set to TRUE but /Code/PHP/zd_app/code/ExamPlat/app/vendor/autoload.php was not found.
ERROR - 2017-07-15 16:25:55 --> $config['composer_autoload'] is set to TRUE but /Code/PHP/zd_app/code/ExamPlat/app/vendor/autoload.php was not found.
ERROR - 2017-07-15 16:25:55 --> Severity: Warning --> Invalid argument supplied for foreach() /Code/PHP/zd_app/code/ExamPlat/gui/student/reading/read_type_radio.php 38
ERROR - 2017-07-15 16:25:56 --> $config['composer_autoload'] is set to TRUE but /Code/PHP/zd_app/code/ExamPlat/app/vendor/autoload.php was not found.
ERROR - 2017-07-15 16:26:02 --> $config['composer_autoload'] is set to TRUE but /Code/PHP/zd_app/code/ExamPlat/app/vendor/autoload.php was not found.
ERROR - 2017-07-15 16:26:02 --> Severity: Warning --> Invalid argument supplied for foreach() /Code/PHP/zd_app/code/ExamPlat/gui/student/reading/read_type_radio.php 38
ERROR - 2017-07-15 16:26:04 --> $config['composer_autoload'] is set to TRUE but /Code/PHP/zd_app/code/ExamPlat/app/vendor/autoload.php was not found.
ERROR - 2017-07-15 16:27:41 --> $config['composer_autoload'] is set to TRUE but /Code/PHP/zd_app/code/ExamPlat/app/vendor/autoload.php was not found.
ERROR - 2017-07-15 16:27:41 --> Severity: Warning --> Invalid argument supplied for foreach() /Code/PHP/zd_app/code/ExamPlat/gui/student/reading/read_type_radio.php 38
ERROR - 2017-07-15 16:28:05 --> $config['composer_autoload'] is set to TRUE but /Code/PHP/zd_app/code/ExamPlat/app/vendor/autoload.php was not found.
ERROR - 2017-07-15 16:28:08 --> $config['composer_autoload'] is set to TRUE but /Code/PHP/zd_app/code/ExamPlat/app/vendor/autoload.php was not found.
ERROR - 2017-07-15 16:28:10 --> $config['composer_autoload'] is set to TRUE but /Code/PHP/zd_app/code/ExamPlat/app/vendor/autoload.php was not found.
ERROR - 2017-07-15 16:28:14 --> $config['composer_autoload'] is set to TRUE but /Code/PHP/zd_app/code/ExamPlat/app/vendor/autoload.php was not found.
ERROR - 2017-07-15 16:28:14 --> Severity: Warning --> Invalid argument supplied for foreach() /Code/PHP/zd_app/code/ExamPlat/gui/student/reading/read_type_radio.php 38
ERROR - 2017-07-15 16:29:50 --> $config['composer_autoload'] is set to TRUE but /Code/PHP/zd_app/code/ExamPlat/app/vendor/autoload.php was not found.
ERROR - 2017-07-15 16:29:53 --> $config['composer_autoload'] is set to TRUE but /Code/PHP/zd_app/code/ExamPlat/app/vendor/autoload.php was not found.
ERROR - 2017-07-15 16:29:56 --> $config['composer_autoload'] is set to TRUE but /Code/PHP/zd_app/code/ExamPlat/app/vendor/autoload.php was not found.
ERROR - 2017-07-15 16:29:58 --> $config['composer_autoload'] is set to TRUE but /Code/PHP/zd_app/code/ExamPlat/app/vendor/autoload.php was not found.
ERROR - 2017-07-15 16:30:00 --> $config['composer_autoload'] is set to TRUE but /Code/PHP/zd_app/code/ExamPlat/app/vendor/autoload.php was not found.
ERROR - 2017-07-15 16:30:02 --> $config['composer_autoload'] is set to TRUE but /Code/PHP/zd_app/code/ExamPlat/app/vendor/autoload.php was not found.
ERROR - 2017-07-15 16:30:04 --> $config['composer_autoload'] is set to TRUE but /Code/PHP/zd_app/code/ExamPlat/app/vendor/autoload.php was not found.
ERROR - 2017-07-15 16:30:06 --> $config['composer_autoload'] is set to TRUE but /Code/PHP/zd_app/code/ExamPlat/app/vendor/autoload.php was not found.
ERROR - 2017-07-15 16:30:08 --> $config['composer_autoload'] is set to TRUE but /Code/PHP/zd_app/code/ExamPlat/app/vendor/autoload.php was not found.
ERROR - 2017-07-15 16:30:11 --> $config['composer_autoload'] is set to TRUE but /Code/PHP/zd_app/code/ExamPlat/app/vendor/autoload.php was not found.
ERROR - 2017-07-15 16:30:12 --> $config['composer_autoload'] is set to TRUE but /Code/PHP/zd_app/code/ExamPlat/app/vendor/autoload.php was not found.
ERROR - 2017-07-15 16:31:07 --> $config['composer_autoload'] is set to TRUE but /Code/PHP/zd_app/code/ExamPlat/app/vendor/autoload.php was not found.
ERROR - 2017-07-15 16:31:09 --> $config['composer_autoload'] is set to TRUE but /Code/PHP/zd_app/code/ExamPlat/app/vendor/autoload.php was not found.
ERROR - 2017-07-15 16:31:11 --> $config['composer_autoload'] is set to TRUE but /Code/PHP/zd_app/code/ExamPlat/app/vendor/autoload.php was not found.
ERROR - 2017-07-15 16:31:12 --> $config['composer_autoload'] is set to TRUE but /Code/PHP/zd_app/code/ExamPlat/app/vendor/autoload.php was not found.
ERROR - 2017-07-15 16:31:13 --> $config['composer_autoload'] is set to TRUE but /Code/PHP/zd_app/code/ExamPlat/app/vendor/autoload.php was not found.
ERROR - 2017-07-15 16:31:15 --> $config['composer_autoload'] is set to TRUE but /Code/PHP/zd_app/code/ExamPlat/app/vendor/autoload.php was not found.
ERROR - 2017-07-15 16:31:16 --> $config['composer_autoload'] is set to TRUE but /Code/PHP/zd_app/code/ExamPlat/app/vendor/autoload.php was not found.
ERROR - 2017-07-15 16:31:17 --> $config['composer_autoload'] is set to TRUE but /Code/PHP/zd_app/code/ExamPlat/app/vendor/autoload.php was not found.
ERROR - 2017-07-15 16:31:18 --> $config['composer_autoload'] is set to TRUE but /Code/PHP/zd_app/code/ExamPlat/app/vendor/autoload.php was not found.
ERROR - 2017-07-15 16:31:21 --> $config['composer_autoload'] is set to TRUE but /Code/PHP/zd_app/code/ExamPlat/app/vendor/autoload.php was not found.
ERROR - 2017-07-15 16:31:23 --> $config['composer_autoload'] is set to TRUE but /Code/PHP/zd_app/code/ExamPlat/app/vendor/autoload.php was not found.
ERROR - 2017-07-15 16:31:26 --> $config['composer_autoload'] is set to TRUE but /Code/PHP/zd_app/code/ExamPlat/app/vendor/autoload.php was not found.
ERROR - 2017-07-15 16:31:28 --> $config['composer_autoload'] is set to TRUE but /Code/PHP/zd_app/code/ExamPlat/app/vendor/autoload.php was not found.
ERROR - 2017-07-15 16:31:30 --> $config['composer_autoload'] is set to TRUE but /Code/PHP/zd_app/code/ExamPlat/app/vendor/autoload.php was not found.
ERROR - 2017-07-15 16:31:33 --> $config['composer_autoload'] is set to TRUE but /Code/PHP/zd_app/code/ExamPlat/app/vendor/autoload.php was not found.
ERROR - 2017-07-15 16:31:35 --> $config['composer_autoload'] is set to TRUE but /Code/PHP/zd_app/code/ExamPlat/app/vendor/autoload.php was not found.
ERROR - 2017-07-15 16:31:37 --> $config['composer_autoload'] is set to TRUE but /Code/PHP/zd_app/code/ExamPlat/app/vendor/autoload.php was not found.
ERROR - 2017-07-15 16:31:38 --> $config['composer_autoload'] is set to TRUE but /Code/PHP/zd_app/code/ExamPlat/app/vendor/autoload.php was not found.
ERROR - 2017-07-15 16:31:40 --> $config['composer_autoload'] is set to TRUE but /Code/PHP/zd_app/code/ExamPlat/app/vendor/autoload.php was not found.
ERROR - 2017-07-15 16:31:41 --> $config['composer_autoload'] is set to TRUE but /Code/PHP/zd_app/code/ExamPlat/app/vendor/autoload.php was not found.
ERROR - 2017-07-15 16:31:43 --> $config['composer_autoload'] is set to TRUE but /Code/PHP/zd_app/code/ExamPlat/app/vendor/autoload.php was not found.
ERROR - 2017-07-15 16:31:45 --> $config['composer_autoload'] is set to TRUE but /Code/PHP/zd_app/code/ExamPlat/app/vendor/autoload.php was not found.
ERROR - 2017-07-15 16:31:47 --> $config['composer_autoload'] is set to TRUE but /Code/PHP/zd_app/code/ExamPlat/app/vendor/autoload.php was not found.
ERROR - 2017-07-15 16:31:49 --> $config['composer_autoload'] is set to TRUE but /Code/PHP/zd_app/code/ExamPlat/app/vendor/autoload.php was not found.
ERROR - 2017-07-15 16:31:51 --> $config['composer_autoload'] is set to TRUE but /Code/PHP/zd_app/code/ExamPlat/app/vendor/autoload.php was not found.
ERROR - 2017-07-15 16:31:53 --> $config['composer_autoload'] is set to TRUE but /Code/PHP/zd_app/code/ExamPlat/app/vendor/autoload.php was not found.
ERROR - 2017-07-15 16:31:56 --> $config['composer_autoload'] is set to TRUE but /Code/PHP/zd_app/code/ExamPlat/app/vendor/autoload.php was not found.
ERROR - 2017-07-15 16:31:57 --> $config['composer_autoload'] is set to TRUE but /Code/PHP/zd_app/code/ExamPlat/app/vendor/autoload.php was not found.
ERROR - 2017-07-15 16:32:07 --> $config['composer_autoload'] is set to TRUE but /Code/PHP/zd_app/code/ExamPlat/app/vendor/autoload.php was not found.
ERROR - 2017-07-15 16:32:13 --> $config['composer_autoload'] is set to TRUE but /Code/PHP/zd_app/code/ExamPlat/app/vendor/autoload.php was not found.
ERROR - 2017-07-15 16:32:15 --> $config['composer_autoload'] is set to TRUE but /Code/PHP/zd_app/code/ExamPlat/app/vendor/autoload.php was not found.
ERROR - 2017-07-15 16:32:20 --> $config['composer_autoload'] is set to TRUE but /Code/PHP/zd_app/code/ExamPlat/app/vendor/autoload.php was not found.
ERROR - 2017-07-15 16:32:23 --> $config['composer_autoload'] is set to TRUE but /Code/PHP/zd_app/code/ExamPlat/app/vendor/autoload.php was not found.
ERROR - 2017-07-15 16:32:25 --> $config['composer_autoload'] is set to TRUE but /Code/PHP/zd_app/code/ExamPlat/app/vendor/autoload.php was not found.
ERROR - 2017-07-15 16:32:27 --> $config['composer_autoload'] is set to TRUE but /Code/PHP/zd_app/code/ExamPlat/app/vendor/autoload.php was not found.
ERROR - 2017-07-15 16:32:28 --> $config['composer_autoload'] is set to TRUE but /Code/PHP/zd_app/code/ExamPlat/app/vendor/autoload.php was not found.
ERROR - 2017-07-15 16:32:30 --> $config['composer_autoload'] is set to TRUE but /Code/PHP/zd_app/code/ExamPlat/app/vendor/autoload.php was not found.
ERROR - 2017-07-15 16:35:09 --> $config['composer_autoload'] is set to TRUE but /Code/PHP/zd_app/code/ExamPlat/app/vendor/autoload.php was not found.
ERROR - 2017-07-15 16:35:13 --> $config['composer_autoload'] is set to TRUE but /Code/PHP/zd_app/code/ExamPlat/app/vendor/autoload.php was not found.
ERROR - 2017-07-15 16:35:15 --> $config['composer_autoload'] is set to TRUE but /Code/PHP/zd_app/code/ExamPlat/app/vendor/autoload.php was not found.
ERROR - 2017-07-15 16:35:18 --> $config['composer_autoload'] is set to TRUE but /Code/PHP/zd_app/code/ExamPlat/app/vendor/autoload.php was not found.
ERROR - 2017-07-15 16:35:20 --> $config['composer_autoload'] is set to TRUE but /Code/PHP/zd_app/code/ExamPlat/app/vendor/autoload.php was not found.
ERROR - 2017-07-15 16:35:22 --> $config['composer_autoload'] is set to TRUE but /Code/PHP/zd_app/code/ExamPlat/app/vendor/autoload.php was not found.
ERROR - 2017-07-15 16:35:24 --> $config['composer_autoload'] is set to TRUE but /Code/PHP/zd_app/code/ExamPlat/app/vendor/autoload.php was not found.
ERROR - 2017-07-15 16:38:03 --> $config['composer_autoload'] is set to TRUE but /Code/PHP/zd_app/code/ExamPlat/app/vendor/autoload.php was not found.
ERROR - 2017-07-15 16:38:06 --> $config['composer_autoload'] is set to TRUE but /Code/PHP/zd_app/code/ExamPlat/app/vendor/autoload.php was not found.
ERROR - 2017-07-15 16:38:09 --> $config['composer_autoload'] is set to TRUE but /Code/PHP/zd_app/code/ExamPlat/app/vendor/autoload.php was not found.
ERROR - 2017-07-15 16:38:13 --> $config['composer_autoload'] is set to TRUE but /Code/PHP/zd_app/code/ExamPlat/app/vendor/autoload.php was not found.
ERROR - 2017-07-15 16:38:15 --> $config['composer_autoload'] is set to TRUE but /Code/PHP/zd_app/code/ExamPlat/app/vendor/autoload.php was not found.
ERROR - 2017-07-15 16:38:18 --> $config['composer_autoload'] is set to TRUE but /Code/PHP/zd_app/code/ExamPlat/app/vendor/autoload.php was not found.
ERROR - 2017-07-15 16:38:20 --> $config['composer_autoload'] is set to TRUE but /Code/PHP/zd_app/code/ExamPlat/app/vendor/autoload.php was not found.
ERROR - 2017-07-15 16:38:27 --> $config['composer_autoload'] is set to TRUE but /Code/PHP/zd_app/code/ExamPlat/app/vendor/autoload.php was not found.
ERROR - 2017-07-15 16:41:08 --> $config['composer_autoload'] is set to TRUE but /Code/PHP/zd_app/code/ExamPlat/app/vendor/autoload.php was not found.
ERROR - 2017-07-15 16:41:10 --> $config['composer_autoload'] is set to TRUE but /Code/PHP/zd_app/code/ExamPlat/app/vendor/autoload.php was not found.
ERROR - 2017-07-15 16:41:12 --> $config['composer_autoload'] is set to TRUE but /Code/PHP/zd_app/code/ExamPlat/app/vendor/autoload.php was not found.
ERROR - 2017-07-15 16:41:15 --> $config['composer_autoload'] is set to TRUE but /Code/PHP/zd_app/code/ExamPlat/app/vendor/autoload.php was not found.
ERROR - 2017-07-15 16:41:18 --> $config['composer_autoload'] is set to TRUE but /Code/PHP/zd_app/code/ExamPlat/app/vendor/autoload.php was not found.
ERROR - 2017-07-15 16:41:20 --> $config['composer_autoload'] is set to TRUE but /Code/PHP/zd_app/code/ExamPlat/app/vendor/autoload.php was not found.
ERROR - 2017-07-15 16:43:59 --> $config['composer_autoload'] is set to TRUE but /Code/PHP/zd_app/code/ExamPlat/app/vendor/autoload.php was not found.
ERROR - 2017-07-15 16:44:01 --> $config['composer_autoload'] is set to TRUE but /Code/PHP/zd_app/code/ExamPlat/app/vendor/autoload.php was not found.
ERROR - 2017-07-15 16:44:03 --> $config['composer_autoload'] is set to TRUE but /Code/PHP/zd_app/code/ExamPlat/app/vendor/autoload.php was not found.
ERROR - 2017-07-15 16:44:05 --> $config['composer_autoload'] is set to TRUE but /Code/PHP/zd_app/code/ExamPlat/app/vendor/autoload.php was not found.
ERROR - 2017-07-15 16:44:09 --> $config['composer_autoload'] is set to TRUE but /Code/PHP/zd_app/code/ExamPlat/app/vendor/autoload.php was not found.
ERROR - 2017-07-15 16:44:11 --> $config['composer_autoload'] is set to TRUE but /Code/PHP/zd_app/code/ExamPlat/app/vendor/autoload.php was not found.
ERROR - 2017-07-15 16:44:13 --> $config['composer_autoload'] is set to TRUE but /Code/PHP/zd_app/code/ExamPlat/app/vendor/autoload.php was not found.
ERROR - 2017-07-15 16:46:52 --> $config['composer_autoload'] is set to TRUE but /Code/PHP/zd_app/code/ExamPlat/app/vendor/autoload.php was not found.
ERROR - 2017-07-15 16:46:55 --> $config['composer_autoload'] is set to TRUE but /Code/PHP/zd_app/code/ExamPlat/app/vendor/autoload.php was not found.
ERROR - 2017-07-15 16:46:57 --> $config['composer_autoload'] is set to TRUE but /Code/PHP/zd_app/code/ExamPlat/app/vendor/autoload.php was not found.
ERROR - 2017-07-15 16:47:01 --> $config['composer_autoload'] is set to TRUE but /Code/PHP/zd_app/code/ExamPlat/app/vendor/autoload.php was not found.
ERROR - 2017-07-15 16:47:03 --> $config['composer_autoload'] is set to TRUE but /Code/PHP/zd_app/code/ExamPlat/app/vendor/autoload.php was not found.
ERROR - 2017-07-15 16:47:06 --> $config['composer_autoload'] is set to TRUE but /Code/PHP/zd_app/code/ExamPlat/app/vendor/autoload.php was not found.
ERROR - 2017-07-15 16:47:08 --> $config['composer_autoload'] is set to TRUE but /Code/PHP/zd_app/code/ExamPlat/app/vendor/autoload.php was not found.
ERROR - 2017-07-15 16:47:08 --> $config['composer_autoload'] is set to TRUE but /Code/PHP/zd_app/code/ExamPlat/app/vendor/autoload.php was not found.
ERROR - 2017-07-15 16:47:31 --> $config['composer_autoload'] is set to TRUE but /Code/PHP/zd_app/code/ExamPlat/app/vendor/autoload.php was not found.
ERROR - 2017-07-15 16:47:38 --> $config['composer_autoload'] is set to TRUE but /Code/PHP/zd_app/code/ExamPlat/app/vendor/autoload.php was not found.
ERROR - 2017-07-15 16:49:07 --> $config['composer_autoload'] is set to TRUE but /Code/PHP/zd_app/code/ExamPlat/app/vendor/autoload.php was not found.
ERROR - 2017-07-15 16:49:07 --> $config['composer_autoload'] is set to TRUE but /Code/PHP/zd_app/code/ExamPlat/app/vendor/autoload.php was not found.
ERROR - 2017-07-15 16:50:38 --> $config['composer_autoload'] is set to TRUE but /Code/PHP/zd_app/code/ExamPlat/app/vendor/autoload.php was not found.
ERROR - 2017-07-15 16:50:38 --> $config['composer_autoload'] is set to TRUE but /Code/PHP/zd_app/code/ExamPlat/app/vendor/autoload.php was not found.
ERROR - 2017-07-15 16:50:38 --> 404 Page Not Found: Res/images
ERROR - 2017-07-15 16:50:39 --> $config['composer_autoload'] is set to TRUE but /Code/PHP/zd_app/code/ExamPlat/app/vendor/autoload.php was not found.
ERROR - 2017-07-15 16:53:10 --> $config['composer_autoload'] is set to TRUE but /Code/PHP/zd_app/code/ExamPlat/app/vendor/autoload.php was not found.
ERROR - 2017-07-15 16:53:11 --> $config['composer_autoload'] is set to TRUE but /Code/PHP/zd_app/code/ExamPlat/app/vendor/autoload.php was not found.
ERROR - 2017-07-15 16:55:35 --> $config['composer_autoload'] is set to TRUE but /Code/PHP/zd_app/code/ExamPlat/app/vendor/autoload.php was not found.
ERROR - 2017-07-15 16:55:36 --> $config['composer_autoload'] is set to TRUE but /Code/PHP/zd_app/code/ExamPlat/app/vendor/autoload.php was not found.
ERROR - 2017-07-15 16:57:44 --> $config['composer_autoload'] is set to TRUE but /Code/PHP/zd_app/code/ExamPlat/app/vendor/autoload.php was not found.
ERROR - 2017-07-15 16:57:44 --> $config['composer_autoload'] is set to TRUE but /Code/PHP/zd_app/code/ExamPlat/app/vendor/autoload.php was not found.
ERROR - 2017-07-15 16:59:50 --> $config['composer_autoload'] is set to TRUE but /Code/PHP/zd_app/code/ExamPlat/app/vendor/autoload.php was not found.
ERROR - 2017-07-15 16:59:50 --> $config['composer_autoload'] is set to TRUE but /Code/PHP/zd_app/code/ExamPlat/app/vendor/autoload.php was not found.
ERROR - 2017-07-15 16:59:51 --> $config['composer_autoload'] is set to TRUE but /Code/PHP/zd_app/code/ExamPlat/app/vendor/autoload.php was not found.
ERROR - 2017-07-15 16:59:57 --> $config['composer_autoload'] is set to TRUE but /Code/PHP/zd_app/code/ExamPlat/app/vendor/autoload.php was not found.
ERROR - 2017-07-15 16:59:58 --> $config['composer_autoload'] is set to TRUE but /Code/PHP/zd_app/code/ExamPlat/app/vendor/autoload.php was not found.
ERROR - 2017-07-15 17:00:02 --> $config['composer_autoload'] is set to TRUE but /Code/PHP/zd_app/code/ExamPlat/app/vendor/autoload.php was not found.
ERROR - 2017-07-15 17:00:12 --> $config['composer_autoload'] is set to TRUE but /Code/PHP/zd_app/code/ExamPlat/app/vendor/autoload.php was not found.
ERROR - 2017-07-15 17:01:00 --> $config['composer_autoload'] is set to TRUE but /Code/PHP/zd_app/code/ExamPlat/app/vendor/autoload.php was not found.
ERROR - 2017-07-15 17:01:02 --> $config['composer_autoload'] is set to TRUE but /Code/PHP/zd_app/code/ExamPlat/app/vendor/autoload.php was not found.
ERROR - 2017-07-15 17:01:08 --> $config['composer_autoload'] is set to TRUE but /Code/PHP/zd_app/code/ExamPlat/app/vendor/autoload.php was not found.
ERROR - 2017-07-15 17:01:08 --> $config['composer_autoload'] is set to TRUE but /Code/PHP/zd_app/code/ExamPlat/app/vendor/autoload.php was not found.
ERROR - 2017-07-15 17:01:40 --> $config['composer_autoload'] is set to TRUE but /Code/PHP/zd_app/code/ExamPlat/app/vendor/autoload.php was not found.
ERROR - 2017-07-15 17:01:41 --> $config['composer_autoload'] is set to TRUE but /Code/PHP/zd_app/code/ExamPlat/app/vendor/autoload.php was not found.
ERROR - 2017-07-15 17:01:41 --> $config['composer_autoload'] is set to TRUE but /Code/PHP/zd_app/code/ExamPlat/app/vendor/autoload.php was not found.
ERROR - 2017-07-15 17:01:41 --> 404 Page Not Found: Images/favicon.ico
ERROR - 2017-07-15 17:01:42 --> $config['composer_autoload'] is set to TRUE but /Code/PHP/zd_app/code/ExamPlat/app/vendor/autoload.php was not found.
ERROR - 2017-07-15 17:01:42 --> $config['composer_autoload'] is set to TRUE but /Code/PHP/zd_app/code/ExamPlat/app/vendor/autoload.php was not found.
ERROR - 2017-07-15 17:01:42 --> $config['composer_autoload'] is set to TRUE but /Code/PHP/zd_app/code/ExamPlat/app/vendor/autoload.php was not found.
ERROR - 2017-07-15 17:01:42 --> 404 Page Not Found: Mkadc/images
ERROR - 2017-07-15 17:01:46 --> $config['composer_autoload'] is set to TRUE but /Code/PHP/zd_app/code/ExamPlat/app/vendor/autoload.php was not found.
ERROR - 2017-07-15 17:01:46 --> $config['composer_autoload'] is set to TRUE but /Code/PHP/zd_app/code/ExamPlat/app/vendor/autoload.php was not found.
ERROR - 2017-07-15 17:01:48 --> $config['composer_autoload'] is set to TRUE but /Code/PHP/zd_app/code/ExamPlat/app/vendor/autoload.php was not found.
ERROR - 2017-07-15 17:01:50 --> $config['composer_autoload'] is set to TRUE but /Code/PHP/zd_app/code/ExamPlat/app/vendor/autoload.php was not found.
ERROR - 2017-07-15 17:04:21 --> $config['composer_autoload'] is set to TRUE but /Code/PHP/zd_app/code/ExamPlat/app/vendor/autoload.php was not found.
ERROR - 2017-07-15 17:04:51 --> $config['composer_autoload'] is set to TRUE but /Code/PHP/zd_app/code/ExamPlat/app/vendor/autoload.php was not found.
ERROR - 2017-07-15 17:06:07 --> $config['composer_autoload'] is set to TRUE but /Code/PHP/zd_app/code/ExamPlat/app/vendor/autoload.php was not found.
ERROR - 2017-07-15 17:06:08 --> $config['composer_autoload'] is set to TRUE but /Code/PHP/zd_app/code/ExamPlat/app/vendor/autoload.php was not found.
ERROR - 2017-07-15 17:06:08 --> $config['composer_autoload'] is set to TRUE but /Code/PHP/zd_app/code/ExamPlat/app/vendor/autoload.php was not found.
ERROR - 2017-07-15 17:06:09 --> $config['composer_autoload'] is set to TRUE but /Code/PHP/zd_app/code/ExamPlat/app/vendor/autoload.php was not found.
ERROR - 2017-07-15 17:06:12 --> $config['composer_autoload'] is set to TRUE but /Code/PHP/zd_app/code/ExamPlat/app/vendor/autoload.php was not found.
ERROR - 2017-07-15 17:06:13 --> $config['composer_autoload'] is set to TRUE but /Code/PHP/zd_app/code/ExamPlat/app/vendor/autoload.php was not found.
ERROR - 2017-07-15 17:06:17 --> $config['composer_autoload'] is set to TRUE but /Code/PHP/zd_app/code/ExamPlat/app/vendor/autoload.php was not found.
ERROR - 2017-07-15 17:06:29 --> $config['composer_autoload'] is set to TRUE but /Code/PHP/zd_app/code/ExamPlat/app/vendor/autoload.php was not found.
ERROR - 2017-07-15 17:06:29 --> $config['composer_autoload'] is set to TRUE but /Code/PHP/zd_app/code/ExamPlat/app/vendor/autoload.php was not found.
ERROR - 2017-07-15 17:06:34 --> $config['composer_autoload'] is set to TRUE but /Code/PHP/zd_app/code/ExamPlat/app/vendor/autoload.php was not found.
ERROR - 2017-07-15 17:06:37 --> $config['composer_autoload'] is set to TRUE but /Code/PHP/zd_app/code/ExamPlat/app/vendor/autoload.php was not found.
ERROR - 2017-07-15 17:06:37 --> $config['composer_autoload'] is set to TRUE but /Code/PHP/zd_app/code/ExamPlat/app/vendor/autoload.php was not found.
ERROR - 2017-07-15 17:06:40 --> $config['composer_autoload'] is set to TRUE but /Code/PHP/zd_app/code/ExamPlat/app/vendor/autoload.php was not found.
ERROR - 2017-07-15 17:10:48 --> $config['composer_autoload'] is set to TRUE but /Code/PHP/zd_app/code/ExamPlat/app/vendor/autoload.php was not found.
