ERROR - 2017-07-20 20:27:55 --> $config['composer_autoload'] is set to TRUE but /Code/PHP/zd_app/code/ExamPlat/app/vendor/autoload.php was not found.
ERROR - 2017-07-20 20:27:55 --> $config['composer_autoload'] is set to TRUE but /Code/PHP/zd_app/code/ExamPlat/app/vendor/autoload.php was not found.
ERROR - 2017-07-20 20:27:55 --> 404 Page Not Found: Mock/images
ERROR - 2017-07-20 20:27:59 --> $config['composer_autoload'] is set to TRUE but /Code/PHP/zd_app/code/ExamPlat/app/vendor/autoload.php was not found.
ERROR - 2017-07-20 20:28:00 --> $config['composer_autoload'] is set to TRUE but /Code/PHP/zd_app/code/ExamPlat/app/vendor/autoload.php was not found.
ERROR - 2017-07-20 20:28:14 --> $config['composer_autoload'] is set to TRUE but /Code/PHP/zd_app/code/ExamPlat/app/vendor/autoload.php was not found.
ERROR - 2017-07-20 20:28:42 --> $config['composer_autoload'] is set to TRUE but /Code/PHP/zd_app/code/ExamPlat/app/vendor/autoload.php was not found.
ERROR - 2017-07-20 20:28:43 --> $config['composer_autoload'] is set to TRUE but /Code/PHP/zd_app/code/ExamPlat/app/vendor/autoload.php was not found.
ERROR - 2017-07-20 20:28:55 --> $config['composer_autoload'] is set to TRUE but /Code/PHP/zd_app/code/ExamPlat/app/vendor/autoload.php was not found.
ERROR - 2017-07-20 20:28:56 --> $config['composer_autoload'] is set to TRUE but /Code/PHP/zd_app/code/ExamPlat/app/vendor/autoload.php was not found.
ERROR - 2017-07-20 20:29:50 --> $config['composer_autoload'] is set to TRUE but /Code/PHP/zd_app/code/ExamPlat/app/vendor/autoload.php was not found.
ERROR - 2017-07-20 20:29:51 --> $config['composer_autoload'] is set to TRUE but /Code/PHP/zd_app/code/ExamPlat/app/vendor/autoload.php was not found.
ERROR - 2017-07-20 20:29:51 --> $config['composer_autoload'] is set to TRUE but /Code/PHP/zd_app/code/ExamPlat/app/vendor/autoload.php was not found.
ERROR - 2017-07-20 20:29:51 --> $config['composer_autoload'] is set to TRUE but /Code/PHP/zd_app/code/ExamPlat/app/vendor/autoload.php was not found.
ERROR - 2017-07-20 20:29:51 --> 404 Page Not Found: Res/images
ERROR - 2017-07-20 20:30:19 --> $config['composer_autoload'] is set to TRUE but /Code/PHP/zd_app/code/ExamPlat/app/vendor/autoload.php was not found.
ERROR - 2017-07-20 20:30:20 --> $config['composer_autoload'] is set to TRUE but /Code/PHP/zd_app/code/ExamPlat/app/vendor/autoload.php was not found.
ERROR - 2017-07-20 20:30:20 --> $config['composer_autoload'] is set to TRUE but /Code/PHP/zd_app/code/ExamPlat/app/vendor/autoload.php was not found.
ERROR - 2017-07-20 20:32:20 --> $config['composer_autoload'] is set to TRUE but /Code/PHP/zd_app/code/ExamPlat/app/vendor/autoload.php was not found.
ERROR - 2017-07-20 20:32:22 --> $config['composer_autoload'] is set to TRUE but /Code/PHP/zd_app/code/ExamPlat/app/vendor/autoload.php was not found.
ERROR - 2017-07-20 20:32:22 --> $config['composer_autoload'] is set to TRUE but /Code/PHP/zd_app/code/ExamPlat/app/vendor/autoload.php was not found.
ERROR - 2017-07-20 20:32:22 --> $config['composer_autoload'] is set to TRUE but /Code/PHP/zd_app/code/ExamPlat/app/vendor/autoload.php was not found.
ERROR - 2017-07-20 20:32:22 --> 404 Page Not Found: Res/images
ERROR - 2017-07-20 20:32:25 --> $config['composer_autoload'] is set to TRUE but /Code/PHP/zd_app/code/ExamPlat/app/vendor/autoload.php was not found.
ERROR - 2017-07-20 20:34:56 --> $config['composer_autoload'] is set to TRUE but /Code/PHP/zd_app/code/ExamPlat/app/vendor/autoload.php was not found.
ERROR - 2017-07-20 20:34:57 --> $config['composer_autoload'] is set to TRUE but /Code/PHP/zd_app/code/ExamPlat/app/vendor/autoload.php was not found.
ERROR - 2017-07-20 20:34:57 --> $config['composer_autoload'] is set to TRUE but /Code/PHP/zd_app/code/ExamPlat/app/vendor/autoload.php was not found.
ERROR - 2017-07-20 20:34:57 --> $config['composer_autoload'] is set to TRUE but /Code/PHP/zd_app/code/ExamPlat/app/vendor/autoload.php was not found.
ERROR - 2017-07-20 20:34:57 --> 404 Page Not Found: Res/images
ERROR - 2017-07-20 20:34:59 --> $config['composer_autoload'] is set to TRUE but /Code/PHP/zd_app/code/ExamPlat/app/vendor/autoload.php was not found.
ERROR - 2017-07-20 20:35:10 --> $config['composer_autoload'] is set to TRUE but /Code/PHP/zd_app/code/ExamPlat/app/vendor/autoload.php was not found.
ERROR - 2017-07-20 20:35:18 --> $config['composer_autoload'] is set to TRUE but /Code/PHP/zd_app/code/ExamPlat/app/vendor/autoload.php was not found.
ERROR - 2017-07-20 20:35:18 --> $config['composer_autoload'] is set to TRUE but /Code/PHP/zd_app/code/ExamPlat/app/vendor/autoload.php was not found.
ERROR - 2017-07-20 20:35:18 --> 404 Page Not Found: Res/images
ERROR - 2017-07-20 20:35:19 --> $config['composer_autoload'] is set to TRUE but /Code/PHP/zd_app/code/ExamPlat/app/vendor/autoload.php was not found.
ERROR - 2017-07-20 20:35:22 --> $config['composer_autoload'] is set to TRUE but /Code/PHP/zd_app/code/ExamPlat/app/vendor/autoload.php was not found.
ERROR - 2017-07-20 20:37:01 --> $config['composer_autoload'] is set to TRUE but /Code/PHP/zd_app/code/ExamPlat/app/vendor/autoload.php was not found.
ERROR - 2017-07-20 20:37:02 --> $config['composer_autoload'] is set to TRUE but /Code/PHP/zd_app/code/ExamPlat/app/vendor/autoload.php was not found.
ERROR - 2017-07-20 20:37:02 --> $config['composer_autoload'] is set to TRUE but /Code/PHP/zd_app/code/ExamPlat/app/vendor/autoload.php was not found.
ERROR - 2017-07-20 20:37:02 --> $config['composer_autoload'] is set to TRUE but /Code/PHP/zd_app/code/ExamPlat/app/vendor/autoload.php was not found.
ERROR - 2017-07-20 20:37:02 --> 404 Page Not Found: Res/images
ERROR - 2017-07-20 20:37:04 --> $config['composer_autoload'] is set to TRUE but /Code/PHP/zd_app/code/ExamPlat/app/vendor/autoload.php was not found.
ERROR - 2017-07-20 20:37:06 --> $config['composer_autoload'] is set to TRUE but /Code/PHP/zd_app/code/ExamPlat/app/vendor/autoload.php was not found.
ERROR - 2017-07-20 20:38:22 --> $config['composer_autoload'] is set to TRUE but /Code/PHP/zd_app/code/ExamPlat/app/vendor/autoload.php was not found.
ERROR - 2017-07-20 20:38:33 --> $config['composer_autoload'] is set to TRUE but /Code/PHP/zd_app/code/ExamPlat/app/vendor/autoload.php was not found.
ERROR - 2017-07-20 20:38:34 --> $config['composer_autoload'] is set to TRUE but /Code/PHP/zd_app/code/ExamPlat/app/vendor/autoload.php was not found.
ERROR - 2017-07-20 20:38:34 --> $config['composer_autoload'] is set to TRUE but /Code/PHP/zd_app/code/ExamPlat/app/vendor/autoload.php was not found.
ERROR - 2017-07-20 20:38:34 --> $config['composer_autoload'] is set to TRUE but /Code/PHP/zd_app/code/ExamPlat/app/vendor/autoload.php was not found.
ERROR - 2017-07-20 20:38:34 --> 404 Page Not Found: Res/images
ERROR - 2017-07-20 20:38:56 --> $config['composer_autoload'] is set to TRUE but /Code/PHP/zd_app/code/ExamPlat/app/vendor/autoload.php was not found.
ERROR - 2017-07-20 20:42:08 --> $config['composer_autoload'] is set to TRUE but /Code/PHP/zd_app/code/ExamPlat/app/vendor/autoload.php was not found.
ERROR - 2017-07-20 20:43:10 --> $config['composer_autoload'] is set to TRUE but /Code/PHP/zd_app/code/ExamPlat/app/vendor/autoload.php was not found.
ERROR - 2017-07-20 20:43:12 --> $config['composer_autoload'] is set to TRUE but /Code/PHP/zd_app/code/ExamPlat/app/vendor/autoload.php was not found.
ERROR - 2017-07-20 20:43:18 --> $config['composer_autoload'] is set to TRUE but /Code/PHP/zd_app/code/ExamPlat/app/vendor/autoload.php was not found.
ERROR - 2017-07-20 20:43:20 --> $config['composer_autoload'] is set to TRUE but /Code/PHP/zd_app/code/ExamPlat/app/vendor/autoload.php was not found.
ERROR - 2017-07-20 20:44:46 --> $config['composer_autoload'] is set to TRUE but /Code/PHP/zd_app/code/ExamPlat/app/vendor/autoload.php was not found.
ERROR - 2017-07-20 20:44:46 --> Severity: error --> Exception: Error Processing Request /Code/PHP/zd_app/code/ExamPlat/app/models/student/Mock.php 214
ERROR - 2017-07-20 20:44:46 --> $config['composer_autoload'] is set to TRUE but /Code/PHP/zd_app/code/ExamPlat/app/vendor/autoload.php was not found.
ERROR - 2017-07-20 20:44:46 --> 404 Page Not Found: Faviconico/index
ERROR - 2017-07-20 20:44:50 --> $config['composer_autoload'] is set to TRUE but /Code/PHP/zd_app/code/ExamPlat/app/vendor/autoload.php was not found.
ERROR - 2017-07-20 20:44:59 --> $config['composer_autoload'] is set to TRUE but /Code/PHP/zd_app/code/ExamPlat/app/vendor/autoload.php was not found.
ERROR - 2017-07-20 20:44:59 --> $config['composer_autoload'] is set to TRUE but /Code/PHP/zd_app/code/ExamPlat/app/vendor/autoload.php was not found.
ERROR - 2017-07-20 20:45:00 --> $config['composer_autoload'] is set to TRUE but /Code/PHP/zd_app/code/ExamPlat/app/vendor/autoload.php was not found.
ERROR - 2017-07-20 20:45:01 --> $config['composer_autoload'] is set to TRUE but /Code/PHP/zd_app/code/ExamPlat/app/vendor/autoload.php was not found.
ERROR - 2017-07-20 20:45:02 --> $config['composer_autoload'] is set to TRUE but /Code/PHP/zd_app/code/ExamPlat/app/vendor/autoload.php was not found.
ERROR - 2017-07-20 20:45:03 --> $config['composer_autoload'] is set to TRUE but /Code/PHP/zd_app/code/ExamPlat/app/vendor/autoload.php was not found.
ERROR - 2017-07-20 20:55:26 --> $config['composer_autoload'] is set to TRUE but /Code/PHP/zd_app/code/ExamPlat/app/vendor/autoload.php was not found.
ERROR - 2017-07-20 20:55:26 --> Severity: error --> Exception: Error Processing Request /Code/PHP/zd_app/code/ExamPlat/app/models/student/Mock.php 214
ERROR - 2017-07-20 20:55:39 --> $config['composer_autoload'] is set to TRUE but /Code/PHP/zd_app/code/ExamPlat/app/vendor/autoload.php was not found.
ERROR - 2017-07-20 20:55:40 --> $config['composer_autoload'] is set to TRUE but /Code/PHP/zd_app/code/ExamPlat/app/vendor/autoload.php was not found.
ERROR - 2017-07-20 20:55:40 --> $config['composer_autoload'] is set to TRUE but /Code/PHP/zd_app/code/ExamPlat/app/vendor/autoload.php was not found.
ERROR - 2017-07-20 20:55:42 --> $config['composer_autoload'] is set to TRUE but /Code/PHP/zd_app/code/ExamPlat/app/vendor/autoload.php was not found.
ERROR - 2017-07-20 20:55:43 --> $config['composer_autoload'] is set to TRUE but /Code/PHP/zd_app/code/ExamPlat/app/vendor/autoload.php was not found.
ERROR - 2017-07-20 20:55:44 --> $config['composer_autoload'] is set to TRUE but /Code/PHP/zd_app/code/ExamPlat/app/vendor/autoload.php was not found.
ERROR - 2017-07-20 20:56:08 --> $config['composer_autoload'] is set to TRUE but /Code/PHP/zd_app/code/ExamPlat/app/vendor/autoload.php was not found.
ERROR - 2017-07-20 20:56:09 --> $config['composer_autoload'] is set to TRUE but /Code/PHP/zd_app/code/ExamPlat/app/vendor/autoload.php was not found.
ERROR - 2017-07-20 20:56:09 --> $config['composer_autoload'] is set to TRUE but /Code/PHP/zd_app/code/ExamPlat/app/vendor/autoload.php was not found.
ERROR - 2017-07-20 20:56:10 --> $config['composer_autoload'] is set to TRUE but /Code/PHP/zd_app/code/ExamPlat/app/vendor/autoload.php was not found.
ERROR - 2017-07-20 20:56:11 --> $config['composer_autoload'] is set to TRUE but /Code/PHP/zd_app/code/ExamPlat/app/vendor/autoload.php was not found.
ERROR - 2017-07-20 20:56:12 --> $config['composer_autoload'] is set to TRUE but /Code/PHP/zd_app/code/ExamPlat/app/vendor/autoload.php was not found.
ERROR - 2017-07-20 20:56:36 --> $config['composer_autoload'] is set to TRUE but /Code/PHP/zd_app/code/ExamPlat/app/vendor/autoload.php was not found.
ERROR - 2017-07-20 20:56:37 --> $config['composer_autoload'] is set to TRUE but /Code/PHP/zd_app/code/ExamPlat/app/vendor/autoload.php was not found.
ERROR - 2017-07-20 20:56:37 --> $config['composer_autoload'] is set to TRUE but /Code/PHP/zd_app/code/ExamPlat/app/vendor/autoload.php was not found.
ERROR - 2017-07-20 20:56:54 --> $config['composer_autoload'] is set to TRUE but /Code/PHP/zd_app/code/ExamPlat/app/vendor/autoload.php was not found.
ERROR - 2017-07-20 20:56:55 --> $config['composer_autoload'] is set to TRUE but /Code/PHP/zd_app/code/ExamPlat/app/vendor/autoload.php was not found.
ERROR - 2017-07-20 20:57:02 --> $config['composer_autoload'] is set to TRUE but /Code/PHP/zd_app/code/ExamPlat/app/vendor/autoload.php was not found.
ERROR - 2017-07-20 20:59:42 --> $config['composer_autoload'] is set to TRUE but /Code/PHP/zd_app/code/ExamPlat/app/vendor/autoload.php was not found.
ERROR - 2017-07-20 20:59:46 --> $config['composer_autoload'] is set to TRUE but /Code/PHP/zd_app/code/ExamPlat/app/vendor/autoload.php was not found.
ERROR - 2017-07-20 20:59:49 --> $config['composer_autoload'] is set to TRUE but /Code/PHP/zd_app/code/ExamPlat/app/vendor/autoload.php was not found.
ERROR - 2017-07-20 20:59:52 --> $config['composer_autoload'] is set to TRUE but /Code/PHP/zd_app/code/ExamPlat/app/vendor/autoload.php was not found.
ERROR - 2017-07-20 20:59:55 --> $config['composer_autoload'] is set to TRUE but /Code/PHP/zd_app/code/ExamPlat/app/vendor/autoload.php was not found.
ERROR - 2017-07-20 20:59:59 --> $config['composer_autoload'] is set to TRUE but /Code/PHP/zd_app/code/ExamPlat/app/vendor/autoload.php was not found.
ERROR - 2017-07-20 21:04:09 --> $config['composer_autoload'] is set to TRUE but /Code/PHP/zd_app/code/ExamPlat/app/vendor/autoload.php was not found.
ERROR - 2017-07-20 21:04:30 --> $config['composer_autoload'] is set to TRUE but /Code/PHP/zd_app/code/ExamPlat/app/vendor/autoload.php was not found.
ERROR - 2017-07-20 21:04:30 --> $config['composer_autoload'] is set to TRUE but /Code/PHP/zd_app/code/ExamPlat/app/vendor/autoload.php was not found.
ERROR - 2017-07-20 21:05:02 --> $config['composer_autoload'] is set to TRUE but /Code/PHP/zd_app/code/ExamPlat/app/vendor/autoload.php was not found.
ERROR - 2017-07-20 21:05:11 --> $config['composer_autoload'] is set to TRUE but /Code/PHP/zd_app/code/ExamPlat/app/vendor/autoload.php was not found.
ERROR - 2017-07-20 21:05:11 --> $config['composer_autoload'] is set to TRUE but /Code/PHP/zd_app/code/ExamPlat/app/vendor/autoload.php was not found.
ERROR - 2017-07-20 21:05:16 --> $config['composer_autoload'] is set to TRUE but /Code/PHP/zd_app/code/ExamPlat/app/vendor/autoload.php was not found.
ERROR - 2017-07-20 21:05:19 --> $config['composer_autoload'] is set to TRUE but /Code/PHP/zd_app/code/ExamPlat/app/vendor/autoload.php was not found.
ERROR - 2017-07-20 21:05:22 --> $config['composer_autoload'] is set to TRUE but /Code/PHP/zd_app/code/ExamPlat/app/vendor/autoload.php was not found.
ERROR - 2017-07-20 21:05:22 --> $config['composer_autoload'] is set to TRUE but /Code/PHP/zd_app/code/ExamPlat/app/vendor/autoload.php was not found.
ERROR - 2017-07-20 21:05:22 --> 404 Page Not Found: Res/images
ERROR - 2017-07-20 21:06:10 --> $config['composer_autoload'] is set to TRUE but /Code/PHP/zd_app/code/ExamPlat/app/vendor/autoload.php was not found.
ERROR - 2017-07-20 21:06:10 --> 404 Page Not Found: Res/images
ERROR - 2017-07-20 21:06:16 --> $config['composer_autoload'] is set to TRUE but /Code/PHP/zd_app/code/ExamPlat/app/vendor/autoload.php was not found.
ERROR - 2017-07-20 21:06:16 --> 404 Page Not Found: Res/images
ERROR - 2017-07-20 21:08:09 --> $config['composer_autoload'] is set to TRUE but /Code/PHP/zd_app/code/ExamPlat/app/vendor/autoload.php was not found.
ERROR - 2017-07-20 21:08:10 --> $config['composer_autoload'] is set to TRUE but /Code/PHP/zd_app/code/ExamPlat/app/vendor/autoload.php was not found.
ERROR - 2017-07-20 21:08:10 --> $config['composer_autoload'] is set to TRUE but /Code/PHP/zd_app/code/ExamPlat/app/vendor/autoload.php was not found.
ERROR - 2017-07-20 21:08:12 --> $config['composer_autoload'] is set to TRUE but /Code/PHP/zd_app/code/ExamPlat/app/vendor/autoload.php was not found.
ERROR - 2017-07-20 21:08:13 --> $config['composer_autoload'] is set to TRUE but /Code/PHP/zd_app/code/ExamPlat/app/vendor/autoload.php was not found.
ERROR - 2017-07-20 21:08:16 --> $config['composer_autoload'] is set to TRUE but /Code/PHP/zd_app/code/ExamPlat/app/vendor/autoload.php was not found.
