ERROR - 2017-07-26 12:51:53 --> $config['composer_autoload'] is set to TRUE but /Code/PHP/zd_app/code/ExamPlat/app/vendor/autoload.php was not found.
ERROR - 2017-07-26 12:51:53 --> $config['composer_autoload'] is set to TRUE but /Code/PHP/zd_app/code/ExamPlat/app/vendor/autoload.php was not found.
ERROR - 2017-07-26 12:51:53 --> 404 Page Not Found: Mock/images
ERROR - 2017-07-26 12:51:54 --> $config['composer_autoload'] is set to TRUE but /Code/PHP/zd_app/code/ExamPlat/app/vendor/autoload.php was not found.
ERROR - 2017-07-26 12:51:54 --> $config['composer_autoload'] is set to TRUE but /Code/PHP/zd_app/code/ExamPlat/app/vendor/autoload.php was not found.
ERROR - 2017-07-26 12:52:27 --> $config['composer_autoload'] is set to TRUE but /Code/PHP/zd_app/code/ExamPlat/app/vendor/autoload.php was not found.
ERROR - 2017-07-26 12:52:29 --> $config['composer_autoload'] is set to TRUE but /Code/PHP/zd_app/code/ExamPlat/app/vendor/autoload.php was not found.
ERROR - 2017-07-26 12:52:31 --> $config['composer_autoload'] is set to TRUE but /Code/PHP/zd_app/code/ExamPlat/app/vendor/autoload.php was not found.
ERROR - 2017-07-26 12:52:31 --> $config['composer_autoload'] is set to TRUE but /Code/PHP/zd_app/code/ExamPlat/app/vendor/autoload.php was not found.
ERROR - 2017-07-26 12:52:31 --> 404 Page Not Found: Mock/res
ERROR - 2017-07-26 12:53:46 --> $config['composer_autoload'] is set to TRUE but /Code/PHP/zd_app/code/ExamPlat/app/vendor/autoload.php was not found.
ERROR - 2017-07-26 12:54:58 --> $config['composer_autoload'] is set to TRUE but /Code/PHP/zd_app/code/ExamPlat/app/vendor/autoload.php was not found.
ERROR - 2017-07-26 12:56:38 --> $config['composer_autoload'] is set to TRUE but /Code/PHP/zd_app/code/ExamPlat/app/vendor/autoload.php was not found.
ERROR - 2017-07-26 12:56:44 --> $config['composer_autoload'] is set to TRUE but /Code/PHP/zd_app/code/ExamPlat/app/vendor/autoload.php was not found.
ERROR - 2017-07-26 12:56:44 --> $config['composer_autoload'] is set to TRUE but /Code/PHP/zd_app/code/ExamPlat/app/vendor/autoload.php was not found.
ERROR - 2017-07-26 12:58:58 --> $config['composer_autoload'] is set to TRUE but /Code/PHP/zd_app/code/ExamPlat/app/vendor/autoload.php was not found.
ERROR - 2017-07-26 12:58:59 --> $config['composer_autoload'] is set to TRUE but /Code/PHP/zd_app/code/ExamPlat/app/vendor/autoload.php was not found.
ERROR - 2017-07-26 12:58:59 --> $config['composer_autoload'] is set to TRUE but /Code/PHP/zd_app/code/ExamPlat/app/vendor/autoload.php was not found.
ERROR - 2017-07-26 12:58:59 --> 404 Page Not Found: Images/favicon.ico
ERROR - 2017-07-26 12:59:00 --> $config['composer_autoload'] is set to TRUE but /Code/PHP/zd_app/code/ExamPlat/app/vendor/autoload.php was not found.
ERROR - 2017-07-26 12:59:00 --> $config['composer_autoload'] is set to TRUE but /Code/PHP/zd_app/code/ExamPlat/app/vendor/autoload.php was not found.
ERROR - 2017-07-26 12:59:01 --> $config['composer_autoload'] is set to TRUE but /Code/PHP/zd_app/code/ExamPlat/app/vendor/autoload.php was not found.
ERROR - 2017-07-26 12:59:01 --> 404 Page Not Found: Mkadc/images
ERROR - 2017-07-26 12:59:02 --> $config['composer_autoload'] is set to TRUE but /Code/PHP/zd_app/code/ExamPlat/app/vendor/autoload.php was not found.
ERROR - 2017-07-26 12:59:04 --> $config['composer_autoload'] is set to TRUE but /Code/PHP/zd_app/code/ExamPlat/app/vendor/autoload.php was not found.
ERROR - 2017-07-26 13:04:57 --> $config['composer_autoload'] is set to TRUE but /Code/PHP/zd_app/code/ExamPlat/app/vendor/autoload.php was not found.
ERROR - 2017-07-26 13:04:57 --> $config['composer_autoload'] is set to TRUE but /Code/PHP/zd_app/code/ExamPlat/app/vendor/autoload.php was not found.
ERROR - 2017-07-26 13:06:38 --> $config['composer_autoload'] is set to TRUE but /Code/PHP/zd_app/code/ExamPlat/app/vendor/autoload.php was not found.
ERROR - 2017-07-26 13:06:38 --> Severity: Notice --> Undefined index: student_answer /Code/PHP/zd_app/code/ExamPlat/gui/adc/result.php 151
ERROR - 2017-07-26 13:06:38 --> Severity: Notice --> Undefined index: student_answer /Code/PHP/zd_app/code/ExamPlat/gui/adc/result.php 151
ERROR - 2017-07-26 13:07:17 --> $config['composer_autoload'] is set to TRUE but /Code/PHP/zd_app/code/ExamPlat/app/vendor/autoload.php was not found.
ERROR - 2017-07-26 13:07:23 --> $config['composer_autoload'] is set to TRUE but /Code/PHP/zd_app/code/ExamPlat/app/vendor/autoload.php was not found.
ERROR - 2017-07-26 13:07:24 --> $config['composer_autoload'] is set to TRUE but /Code/PHP/zd_app/code/ExamPlat/app/vendor/autoload.php was not found.
ERROR - 2017-07-26 13:07:24 --> 404 Page Not Found: Faviconico/index
ERROR - 2017-07-26 13:08:02 --> $config['composer_autoload'] is set to TRUE but /Code/PHP/zd_app/code/ExamPlat/app/vendor/autoload.php was not found.
ERROR - 2017-07-26 13:08:44 --> $config['composer_autoload'] is set to TRUE but /Code/PHP/zd_app/code/ExamPlat/app/vendor/autoload.php was not found.
ERROR - 2017-07-26 13:10:51 --> $config['composer_autoload'] is set to TRUE but /Code/PHP/zd_app/code/ExamPlat/app/vendor/autoload.php was not found.
ERROR - 2017-07-26 13:10:51 --> $config['composer_autoload'] is set to TRUE but /Code/PHP/zd_app/code/ExamPlat/app/vendor/autoload.php was not found.
ERROR - 2017-07-26 13:10:53 --> $config['composer_autoload'] is set to TRUE but /Code/PHP/zd_app/code/ExamPlat/app/vendor/autoload.php was not found.
ERROR - 2017-07-26 13:10:54 --> $config['composer_autoload'] is set to TRUE but /Code/PHP/zd_app/code/ExamPlat/app/vendor/autoload.php was not found.
ERROR - 2017-07-26 13:11:18 --> $config['composer_autoload'] is set to TRUE but /Code/PHP/zd_app/code/ExamPlat/app/vendor/autoload.php was not found.
ERROR - 2017-07-26 13:11:24 --> $config['composer_autoload'] is set to TRUE but /Code/PHP/zd_app/code/ExamPlat/app/vendor/autoload.php was not found.
ERROR - 2017-07-26 13:11:24 --> $config['composer_autoload'] is set to TRUE but /Code/PHP/zd_app/code/ExamPlat/app/vendor/autoload.php was not found.
ERROR - 2017-07-26 13:11:24 --> $config['composer_autoload'] is set to TRUE but /Code/PHP/zd_app/code/ExamPlat/app/vendor/autoload.php was not found.
ERROR - 2017-07-26 13:14:46 --> $config['composer_autoload'] is set to TRUE but /Code/PHP/zd_app/code/ExamPlat/app/vendor/autoload.php was not found.
ERROR - 2017-07-26 13:14:47 --> $config['composer_autoload'] is set to TRUE but /Code/PHP/zd_app/code/ExamPlat/app/vendor/autoload.php was not found.
ERROR - 2017-07-26 13:14:47 --> $config['composer_autoload'] is set to TRUE but /Code/PHP/zd_app/code/ExamPlat/app/vendor/autoload.php was not found.
ERROR - 2017-07-26 13:15:59 --> $config['composer_autoload'] is set to TRUE but /Code/PHP/zd_app/code/ExamPlat/app/vendor/autoload.php was not found.
ERROR - 2017-07-26 13:15:59 --> $config['composer_autoload'] is set to TRUE but /Code/PHP/zd_app/code/ExamPlat/app/vendor/autoload.php was not found.
ERROR - 2017-07-26 13:16:23 --> $config['composer_autoload'] is set to TRUE but /Code/PHP/zd_app/code/ExamPlat/app/vendor/autoload.php was not found.
ERROR - 2017-07-26 13:16:23 --> $config['composer_autoload'] is set to TRUE but /Code/PHP/zd_app/code/ExamPlat/app/vendor/autoload.php was not found.
ERROR - 2017-07-26 13:16:25 --> $config['composer_autoload'] is set to TRUE but /Code/PHP/zd_app/code/ExamPlat/app/vendor/autoload.php was not found.
ERROR - 2017-07-26 13:16:29 --> $config['composer_autoload'] is set to TRUE but /Code/PHP/zd_app/code/ExamPlat/app/vendor/autoload.php was not found.
ERROR - 2017-07-26 13:16:33 --> $config['composer_autoload'] is set to TRUE but /Code/PHP/zd_app/code/ExamPlat/app/vendor/autoload.php was not found.
ERROR - 2017-07-26 13:16:34 --> $config['composer_autoload'] is set to TRUE but /Code/PHP/zd_app/code/ExamPlat/app/vendor/autoload.php was not found.
ERROR - 2017-07-26 13:16:36 --> $config['composer_autoload'] is set to TRUE but /Code/PHP/zd_app/code/ExamPlat/app/vendor/autoload.php was not found.
ERROR - 2017-07-26 13:16:37 --> $config['composer_autoload'] is set to TRUE but /Code/PHP/zd_app/code/ExamPlat/app/vendor/autoload.php was not found.
ERROR - 2017-07-26 13:16:39 --> $config['composer_autoload'] is set to TRUE but /Code/PHP/zd_app/code/ExamPlat/app/vendor/autoload.php was not found.
ERROR - 2017-07-26 13:16:41 --> $config['composer_autoload'] is set to TRUE but /Code/PHP/zd_app/code/ExamPlat/app/vendor/autoload.php was not found.
ERROR - 2017-07-26 13:16:42 --> $config['composer_autoload'] is set to TRUE but /Code/PHP/zd_app/code/ExamPlat/app/vendor/autoload.php was not found.
ERROR - 2017-07-26 13:16:44 --> $config['composer_autoload'] is set to TRUE but /Code/PHP/zd_app/code/ExamPlat/app/vendor/autoload.php was not found.
ERROR - 2017-07-26 13:16:45 --> $config['composer_autoload'] is set to TRUE but /Code/PHP/zd_app/code/ExamPlat/app/vendor/autoload.php was not found.
ERROR - 2017-07-26 13:16:47 --> $config['composer_autoload'] is set to TRUE but /Code/PHP/zd_app/code/ExamPlat/app/vendor/autoload.php was not found.
ERROR - 2017-07-26 13:16:48 --> $config['composer_autoload'] is set to TRUE but /Code/PHP/zd_app/code/ExamPlat/app/vendor/autoload.php was not found.
ERROR - 2017-07-26 13:16:50 --> $config['composer_autoload'] is set to TRUE but /Code/PHP/zd_app/code/ExamPlat/app/vendor/autoload.php was not found.
ERROR - 2017-07-26 13:16:53 --> $config['composer_autoload'] is set to TRUE but /Code/PHP/zd_app/code/ExamPlat/app/vendor/autoload.php was not found.
ERROR - 2017-07-26 13:16:56 --> $config['composer_autoload'] is set to TRUE but /Code/PHP/zd_app/code/ExamPlat/app/vendor/autoload.php was not found.
ERROR - 2017-07-26 13:16:59 --> $config['composer_autoload'] is set to TRUE but /Code/PHP/zd_app/code/ExamPlat/app/vendor/autoload.php was not found.
ERROR - 2017-07-26 13:17:01 --> $config['composer_autoload'] is set to TRUE but /Code/PHP/zd_app/code/ExamPlat/app/vendor/autoload.php was not found.
ERROR - 2017-07-26 13:17:03 --> $config['composer_autoload'] is set to TRUE but /Code/PHP/zd_app/code/ExamPlat/app/vendor/autoload.php was not found.
ERROR - 2017-07-26 13:17:05 --> $config['composer_autoload'] is set to TRUE but /Code/PHP/zd_app/code/ExamPlat/app/vendor/autoload.php was not found.
ERROR - 2017-07-26 13:17:06 --> $config['composer_autoload'] is set to TRUE but /Code/PHP/zd_app/code/ExamPlat/app/vendor/autoload.php was not found.
ERROR - 2017-07-26 13:17:08 --> $config['composer_autoload'] is set to TRUE but /Code/PHP/zd_app/code/ExamPlat/app/vendor/autoload.php was not found.
ERROR - 2017-07-26 13:17:09 --> $config['composer_autoload'] is set to TRUE but /Code/PHP/zd_app/code/ExamPlat/app/vendor/autoload.php was not found.
ERROR - 2017-07-26 13:17:11 --> $config['composer_autoload'] is set to TRUE but /Code/PHP/zd_app/code/ExamPlat/app/vendor/autoload.php was not found.
ERROR - 2017-07-26 13:17:13 --> $config['composer_autoload'] is set to TRUE but /Code/PHP/zd_app/code/ExamPlat/app/vendor/autoload.php was not found.
ERROR - 2017-07-26 13:17:15 --> $config['composer_autoload'] is set to TRUE but /Code/PHP/zd_app/code/ExamPlat/app/vendor/autoload.php was not found.
ERROR - 2017-07-26 13:17:17 --> $config['composer_autoload'] is set to TRUE but /Code/PHP/zd_app/code/ExamPlat/app/vendor/autoload.php was not found.
ERROR - 2017-07-26 13:17:18 --> $config['composer_autoload'] is set to TRUE but /Code/PHP/zd_app/code/ExamPlat/app/vendor/autoload.php was not found.
ERROR - 2017-07-26 13:17:20 --> $config['composer_autoload'] is set to TRUE but /Code/PHP/zd_app/code/ExamPlat/app/vendor/autoload.php was not found.
ERROR - 2017-07-26 13:17:22 --> $config['composer_autoload'] is set to TRUE but /Code/PHP/zd_app/code/ExamPlat/app/vendor/autoload.php was not found.
ERROR - 2017-07-26 13:17:27 --> $config['composer_autoload'] is set to TRUE but /Code/PHP/zd_app/code/ExamPlat/app/vendor/autoload.php was not found.
ERROR - 2017-07-26 13:17:29 --> $config['composer_autoload'] is set to TRUE but /Code/PHP/zd_app/code/ExamPlat/app/vendor/autoload.php was not found.
ERROR - 2017-07-26 13:17:31 --> $config['composer_autoload'] is set to TRUE but /Code/PHP/zd_app/code/ExamPlat/app/vendor/autoload.php was not found.
ERROR - 2017-07-26 13:17:33 --> $config['composer_autoload'] is set to TRUE but /Code/PHP/zd_app/code/ExamPlat/app/vendor/autoload.php was not found.
ERROR - 2017-07-26 13:17:34 --> $config['composer_autoload'] is set to TRUE but /Code/PHP/zd_app/code/ExamPlat/app/vendor/autoload.php was not found.
ERROR - 2017-07-26 13:17:36 --> $config['composer_autoload'] is set to TRUE but /Code/PHP/zd_app/code/ExamPlat/app/vendor/autoload.php was not found.
ERROR - 2017-07-26 13:17:38 --> $config['composer_autoload'] is set to TRUE but /Code/PHP/zd_app/code/ExamPlat/app/vendor/autoload.php was not found.
ERROR - 2017-07-26 13:17:39 --> $config['composer_autoload'] is set to TRUE but /Code/PHP/zd_app/code/ExamPlat/app/vendor/autoload.php was not found.
ERROR - 2017-07-26 13:17:41 --> $config['composer_autoload'] is set to TRUE but /Code/PHP/zd_app/code/ExamPlat/app/vendor/autoload.php was not found.
ERROR - 2017-07-26 13:17:42 --> $config['composer_autoload'] is set to TRUE but /Code/PHP/zd_app/code/ExamPlat/app/vendor/autoload.php was not found.
ERROR - 2017-07-26 13:17:44 --> $config['composer_autoload'] is set to TRUE but /Code/PHP/zd_app/code/ExamPlat/app/vendor/autoload.php was not found.
ERROR - 2017-07-26 13:17:46 --> $config['composer_autoload'] is set to TRUE but /Code/PHP/zd_app/code/ExamPlat/app/vendor/autoload.php was not found.
ERROR - 2017-07-26 13:17:48 --> $config['composer_autoload'] is set to TRUE but /Code/PHP/zd_app/code/ExamPlat/app/vendor/autoload.php was not found.
ERROR - 2017-07-26 13:17:51 --> $config['composer_autoload'] is set to TRUE but /Code/PHP/zd_app/code/ExamPlat/app/vendor/autoload.php was not found.
ERROR - 2017-07-26 13:17:53 --> $config['composer_autoload'] is set to TRUE but /Code/PHP/zd_app/code/ExamPlat/app/vendor/autoload.php was not found.
ERROR - 2017-07-26 13:17:59 --> $config['composer_autoload'] is set to TRUE but /Code/PHP/zd_app/code/ExamPlat/app/vendor/autoload.php was not found.
ERROR - 2017-07-26 13:17:59 --> $config['composer_autoload'] is set to TRUE but /Code/PHP/zd_app/code/ExamPlat/app/vendor/autoload.php was not found.
ERROR - 2017-07-26 13:18:24 --> $config['composer_autoload'] is set to TRUE but /Code/PHP/zd_app/code/ExamPlat/app/vendor/autoload.php was not found.
ERROR - 2017-07-26 13:18:43 --> $config['composer_autoload'] is set to TRUE but /Code/PHP/zd_app/code/ExamPlat/app/vendor/autoload.php was not found.
ERROR - 2017-07-26 13:18:43 --> $config['composer_autoload'] is set to TRUE but /Code/PHP/zd_app/code/ExamPlat/app/vendor/autoload.php was not found.
ERROR - 2017-07-26 13:18:45 --> $config['composer_autoload'] is set to TRUE but /Code/PHP/zd_app/code/ExamPlat/app/vendor/autoload.php was not found.
ERROR - 2017-07-26 13:18:46 --> $config['composer_autoload'] is set to TRUE but /Code/PHP/zd_app/code/ExamPlat/app/vendor/autoload.php was not found.
ERROR - 2017-07-26 13:18:48 --> $config['composer_autoload'] is set to TRUE but /Code/PHP/zd_app/code/ExamPlat/app/vendor/autoload.php was not found.
ERROR - 2017-07-26 13:18:50 --> $config['composer_autoload'] is set to TRUE but /Code/PHP/zd_app/code/ExamPlat/app/vendor/autoload.php was not found.
ERROR - 2017-07-26 13:22:47 --> $config['composer_autoload'] is set to TRUE but /Code/PHP/zd_app/code/ExamPlat/app/vendor/autoload.php was not found.
ERROR - 2017-07-26 13:25:18 --> $config['composer_autoload'] is set to TRUE but /Code/PHP/zd_app/code/ExamPlat/app/vendor/autoload.php was not found.
ERROR - 2017-07-26 13:31:45 --> $config['composer_autoload'] is set to TRUE but /Code/PHP/zd_app/code/ExamPlat/app/vendor/autoload.php was not found.
ERROR - 2017-07-26 13:31:47 --> $config['composer_autoload'] is set to TRUE but /Code/PHP/zd_app/code/ExamPlat/app/vendor/autoload.php was not found.
ERROR - 2017-07-26 13:32:44 --> $config['composer_autoload'] is set to TRUE but /Code/PHP/zd_app/code/ExamPlat/app/vendor/autoload.php was not found.
ERROR - 2017-07-26 13:52:57 --> $config['composer_autoload'] is set to TRUE but /Code/PHP/zd_app/code/ExamPlat/app/vendor/autoload.php was not found.
ERROR - 2017-07-26 13:53:12 --> $config['composer_autoload'] is set to TRUE but /Code/PHP/zd_app/code/ExamPlat/app/vendor/autoload.php was not found.
ERROR - 2017-07-26 13:53:33 --> $config['composer_autoload'] is set to TRUE but /Code/PHP/zd_app/code/ExamPlat/app/vendor/autoload.php was not found.
ERROR - 2017-07-26 13:53:42 --> $config['composer_autoload'] is set to TRUE but /Code/PHP/zd_app/code/ExamPlat/app/vendor/autoload.php was not found.
ERROR - 2017-07-26 13:55:05 --> $config['composer_autoload'] is set to TRUE but /Code/PHP/zd_app/code/ExamPlat/app/vendor/autoload.php was not found.
ERROR - 2017-07-26 13:55:21 --> $config['composer_autoload'] is set to TRUE but /Code/PHP/zd_app/code/ExamPlat/app/vendor/autoload.php was not found.
ERROR - 2017-07-26 13:55:58 --> $config['composer_autoload'] is set to TRUE but /Code/PHP/zd_app/code/ExamPlat/app/vendor/autoload.php was not found.
ERROR - 2017-07-26 13:55:58 --> $config['composer_autoload'] is set to TRUE but /Code/PHP/zd_app/code/ExamPlat/app/vendor/autoload.php was not found.
ERROR - 2017-07-26 13:56:02 --> $config['composer_autoload'] is set to TRUE but /Code/PHP/zd_app/code/ExamPlat/app/vendor/autoload.php was not found.
ERROR - 2017-07-26 13:57:08 --> $config['composer_autoload'] is set to TRUE but /Code/PHP/zd_app/code/ExamPlat/app/vendor/autoload.php was not found.
ERROR - 2017-07-26 13:57:49 --> $config['composer_autoload'] is set to TRUE but /Code/PHP/zd_app/code/ExamPlat/app/vendor/autoload.php was not found.
ERROR - 2017-07-26 13:58:08 --> $config['composer_autoload'] is set to TRUE but /Code/PHP/zd_app/code/ExamPlat/app/vendor/autoload.php was not found.
ERROR - 2017-07-26 13:59:48 --> $config['composer_autoload'] is set to TRUE but /Code/PHP/zd_app/code/ExamPlat/app/vendor/autoload.php was not found.
ERROR - 2017-07-26 14:00:40 --> $config['composer_autoload'] is set to TRUE but /Code/PHP/zd_app/code/ExamPlat/app/vendor/autoload.php was not found.
ERROR - 2017-07-26 14:13:49 --> $config['composer_autoload'] is set to TRUE but /Code/PHP/zd_app/code/ExamPlat/app/vendor/autoload.php was not found.
ERROR - 2017-07-26 14:25:24 --> $config['composer_autoload'] is set to TRUE but /Code/PHP/zd_app/code/ExamPlat/app/vendor/autoload.php was not found.
ERROR - 2017-07-26 14:25:24 --> $config['composer_autoload'] is set to TRUE but /Code/PHP/zd_app/code/ExamPlat/app/vendor/autoload.php was not found.
ERROR - 2017-07-26 14:25:25 --> $config['composer_autoload'] is set to TRUE but /Code/PHP/zd_app/code/ExamPlat/app/vendor/autoload.php was not found.
ERROR - 2017-07-26 14:25:27 --> $config['composer_autoload'] is set to TRUE but /Code/PHP/zd_app/code/ExamPlat/app/vendor/autoload.php was not found.
ERROR - 2017-07-26 14:25:28 --> $config['composer_autoload'] is set to TRUE but /Code/PHP/zd_app/code/ExamPlat/app/vendor/autoload.php was not found.
ERROR - 2017-07-26 14:26:00 --> $config['composer_autoload'] is set to TRUE but /Code/PHP/zd_app/code/ExamPlat/app/vendor/autoload.php was not found.
ERROR - 2017-07-26 14:26:01 --> $config['composer_autoload'] is set to TRUE but /Code/PHP/zd_app/code/ExamPlat/app/vendor/autoload.php was not found.
ERROR - 2017-07-26 14:26:03 --> $config['composer_autoload'] is set to TRUE but /Code/PHP/zd_app/code/ExamPlat/app/vendor/autoload.php was not found.
ERROR - 2017-07-26 14:28:08 --> $config['composer_autoload'] is set to TRUE but /Code/PHP/zd_app/code/ExamPlat/app/vendor/autoload.php was not found.
ERROR - 2017-07-26 14:28:08 --> $config['composer_autoload'] is set to TRUE but /Code/PHP/zd_app/code/ExamPlat/app/vendor/autoload.php was not found.
ERROR - 2017-07-26 14:28:10 --> $config['composer_autoload'] is set to TRUE but /Code/PHP/zd_app/code/ExamPlat/app/vendor/autoload.php was not found.
ERROR - 2017-07-26 14:28:42 --> $config['composer_autoload'] is set to TRUE but /Code/PHP/zd_app/code/ExamPlat/app/vendor/autoload.php was not found.
ERROR - 2017-07-26 14:28:52 --> $config['composer_autoload'] is set to TRUE but /Code/PHP/zd_app/code/ExamPlat/app/vendor/autoload.php was not found.
ERROR - 2017-07-26 14:28:54 --> $config['composer_autoload'] is set to TRUE but /Code/PHP/zd_app/code/ExamPlat/app/vendor/autoload.php was not found.
ERROR - 2017-07-26 14:28:55 --> $config['composer_autoload'] is set to TRUE but /Code/PHP/zd_app/code/ExamPlat/app/vendor/autoload.php was not found.
ERROR - 2017-07-26 14:28:57 --> $config['composer_autoload'] is set to TRUE but /Code/PHP/zd_app/code/ExamPlat/app/vendor/autoload.php was not found.
ERROR - 2017-07-26 14:28:59 --> $config['composer_autoload'] is set to TRUE but /Code/PHP/zd_app/code/ExamPlat/app/vendor/autoload.php was not found.
ERROR - 2017-07-26 14:34:21 --> $config['composer_autoload'] is set to TRUE but /Code/PHP/zd_app/code/ExamPlat/app/vendor/autoload.php was not found.
ERROR - 2017-07-26 14:36:14 --> $config['composer_autoload'] is set to TRUE but /Code/PHP/zd_app/code/ExamPlat/app/vendor/autoload.php was not found.
ERROR - 2017-07-26 14:36:17 --> $config['composer_autoload'] is set to TRUE but /Code/PHP/zd_app/code/ExamPlat/app/vendor/autoload.php was not found.
ERROR - 2017-07-26 14:36:19 --> $config['composer_autoload'] is set to TRUE but /Code/PHP/zd_app/code/ExamPlat/app/vendor/autoload.php was not found.
ERROR - 2017-07-26 14:36:21 --> $config['composer_autoload'] is set to TRUE but /Code/PHP/zd_app/code/ExamPlat/app/vendor/autoload.php was not found.
ERROR - 2017-07-26 14:36:23 --> $config['composer_autoload'] is set to TRUE but /Code/PHP/zd_app/code/ExamPlat/app/vendor/autoload.php was not found.
ERROR - 2017-07-26 14:36:25 --> $config['composer_autoload'] is set to TRUE but /Code/PHP/zd_app/code/ExamPlat/app/vendor/autoload.php was not found.
ERROR - 2017-07-26 14:41:17 --> $config['composer_autoload'] is set to TRUE but /Code/PHP/zd_app/code/ExamPlat/app/vendor/autoload.php was not found.
ERROR - 2017-07-26 14:41:24 --> $config['composer_autoload'] is set to TRUE but /Code/PHP/zd_app/code/ExamPlat/app/vendor/autoload.php was not found.
ERROR - 2017-07-26 14:41:28 --> $config['composer_autoload'] is set to TRUE but /Code/PHP/zd_app/code/ExamPlat/app/vendor/autoload.php was not found.
ERROR - 2017-07-26 14:41:30 --> $config['composer_autoload'] is set to TRUE but /Code/PHP/zd_app/code/ExamPlat/app/vendor/autoload.php was not found.
ERROR - 2017-07-26 14:41:32 --> $config['composer_autoload'] is set to TRUE but /Code/PHP/zd_app/code/ExamPlat/app/vendor/autoload.php was not found.
ERROR - 2017-07-26 14:41:34 --> $config['composer_autoload'] is set to TRUE but /Code/PHP/zd_app/code/ExamPlat/app/vendor/autoload.php was not found.
ERROR - 2017-07-26 14:41:37 --> $config['composer_autoload'] is set to TRUE but /Code/PHP/zd_app/code/ExamPlat/app/vendor/autoload.php was not found.
ERROR - 2017-07-26 14:41:39 --> $config['composer_autoload'] is set to TRUE but /Code/PHP/zd_app/code/ExamPlat/app/vendor/autoload.php was not found.
ERROR - 2017-07-26 14:41:41 --> $config['composer_autoload'] is set to TRUE but /Code/PHP/zd_app/code/ExamPlat/app/vendor/autoload.php was not found.
ERROR - 2017-07-26 14:41:51 --> $config['composer_autoload'] is set to TRUE but /Code/PHP/zd_app/code/ExamPlat/app/vendor/autoload.php was not found.
ERROR - 2017-07-26 14:42:00 --> $config['composer_autoload'] is set to TRUE but /Code/PHP/zd_app/code/ExamPlat/app/vendor/autoload.php was not found.
ERROR - 2017-07-26 14:42:00 --> $config['composer_autoload'] is set to TRUE but /Code/PHP/zd_app/code/ExamPlat/app/vendor/autoload.php was not found.
ERROR - 2017-07-26 14:42:03 --> $config['composer_autoload'] is set to TRUE but /Code/PHP/zd_app/code/ExamPlat/app/vendor/autoload.php was not found.
ERROR - 2017-07-26 14:42:04 --> $config['composer_autoload'] is set to TRUE but /Code/PHP/zd_app/code/ExamPlat/app/vendor/autoload.php was not found.
ERROR - 2017-07-26 14:44:22 --> $config['composer_autoload'] is set to TRUE but /Code/PHP/zd_app/code/ExamPlat/app/vendor/autoload.php was not found.
ERROR - 2017-07-26 14:44:28 --> $config['composer_autoload'] is set to TRUE but /Code/PHP/zd_app/code/ExamPlat/app/vendor/autoload.php was not found.
ERROR - 2017-07-26 14:44:31 --> $config['composer_autoload'] is set to TRUE but /Code/PHP/zd_app/code/ExamPlat/app/vendor/autoload.php was not found.
ERROR - 2017-07-26 14:44:32 --> $config['composer_autoload'] is set to TRUE but /Code/PHP/zd_app/code/ExamPlat/app/vendor/autoload.php was not found.
ERROR - 2017-07-26 14:44:34 --> $config['composer_autoload'] is set to TRUE but /Code/PHP/zd_app/code/ExamPlat/app/vendor/autoload.php was not found.
ERROR - 2017-07-26 14:44:37 --> $config['composer_autoload'] is set to TRUE but /Code/PHP/zd_app/code/ExamPlat/app/vendor/autoload.php was not found.
ERROR - 2017-07-26 14:49:51 --> $config['composer_autoload'] is set to TRUE but /Code/PHP/zd_app/code/ExamPlat/app/vendor/autoload.php was not found.
ERROR - 2017-07-26 14:51:30 --> $config['composer_autoload'] is set to TRUE but /Code/PHP/zd_app/code/ExamPlat/app/vendor/autoload.php was not found.
ERROR - 2017-07-26 14:51:32 --> $config['composer_autoload'] is set to TRUE but /Code/PHP/zd_app/code/ExamPlat/app/vendor/autoload.php was not found.
ERROR - 2017-07-26 14:51:34 --> $config['composer_autoload'] is set to TRUE but /Code/PHP/zd_app/code/ExamPlat/app/vendor/autoload.php was not found.
ERROR - 2017-07-26 14:51:38 --> $config['composer_autoload'] is set to TRUE but /Code/PHP/zd_app/code/ExamPlat/app/vendor/autoload.php was not found.
ERROR - 2017-07-26 14:51:40 --> $config['composer_autoload'] is set to TRUE but /Code/PHP/zd_app/code/ExamPlat/app/vendor/autoload.php was not found.
ERROR - 2017-07-26 14:52:17 --> $config['composer_autoload'] is set to TRUE but /Code/PHP/zd_app/code/ExamPlat/app/vendor/autoload.php was not found.
ERROR - 2017-07-26 14:57:30 --> $config['composer_autoload'] is set to TRUE but /Code/PHP/zd_app/code/ExamPlat/app/vendor/autoload.php was not found.
ERROR - 2017-07-26 14:57:49 --> $config['composer_autoload'] is set to TRUE but /Code/PHP/zd_app/code/ExamPlat/app/vendor/autoload.php was not found.
ERROR - 2017-07-26 14:57:52 --> $config['composer_autoload'] is set to TRUE but /Code/PHP/zd_app/code/ExamPlat/app/vendor/autoload.php was not found.
ERROR - 2017-07-26 14:57:54 --> $config['composer_autoload'] is set to TRUE but /Code/PHP/zd_app/code/ExamPlat/app/vendor/autoload.php was not found.
ERROR - 2017-07-26 14:58:01 --> $config['composer_autoload'] is set to TRUE but /Code/PHP/zd_app/code/ExamPlat/app/vendor/autoload.php was not found.
ERROR - 2017-07-26 14:58:08 --> $config['composer_autoload'] is set to TRUE but /Code/PHP/zd_app/code/ExamPlat/app/vendor/autoload.php was not found.
ERROR - 2017-07-26 14:58:08 --> $config['composer_autoload'] is set to TRUE but /Code/PHP/zd_app/code/ExamPlat/app/vendor/autoload.php was not found.
ERROR - 2017-07-26 14:58:09 --> $config['composer_autoload'] is set to TRUE but /Code/PHP/zd_app/code/ExamPlat/app/vendor/autoload.php was not found.
ERROR - 2017-07-26 14:58:27 --> $config['composer_autoload'] is set to TRUE but /Code/PHP/zd_app/code/ExamPlat/app/vendor/autoload.php was not found.
ERROR - 2017-07-26 14:58:27 --> $config['composer_autoload'] is set to TRUE but /Code/PHP/zd_app/code/ExamPlat/app/vendor/autoload.php was not found.
ERROR - 2017-07-26 14:58:29 --> $config['composer_autoload'] is set to TRUE but /Code/PHP/zd_app/code/ExamPlat/app/vendor/autoload.php was not found.
ERROR - 2017-07-26 14:58:30 --> $config['composer_autoload'] is set to TRUE but /Code/PHP/zd_app/code/ExamPlat/app/vendor/autoload.php was not found.
ERROR - 2017-07-26 14:58:36 --> $config['composer_autoload'] is set to TRUE but /Code/PHP/zd_app/code/ExamPlat/app/vendor/autoload.php was not found.
ERROR - 2017-07-26 14:58:39 --> $config['composer_autoload'] is set to TRUE but /Code/PHP/zd_app/code/ExamPlat/app/vendor/autoload.php was not found.
ERROR - 2017-07-26 14:58:43 --> $config['composer_autoload'] is set to TRUE but /Code/PHP/zd_app/code/ExamPlat/app/vendor/autoload.php was not found.
ERROR - 2017-07-26 14:58:49 --> $config['composer_autoload'] is set to TRUE but /Code/PHP/zd_app/code/ExamPlat/app/vendor/autoload.php was not found.
ERROR - 2017-07-26 14:58:49 --> $config['composer_autoload'] is set to TRUE but /Code/PHP/zd_app/code/ExamPlat/app/vendor/autoload.php was not found.
ERROR - 2017-07-26 14:58:56 --> $config['composer_autoload'] is set to TRUE but /Code/PHP/zd_app/code/ExamPlat/app/vendor/autoload.php was not found.
ERROR - 2017-07-26 14:59:02 --> $config['composer_autoload'] is set to TRUE but /Code/PHP/zd_app/code/ExamPlat/app/vendor/autoload.php was not found.
ERROR - 2017-07-26 14:59:02 --> $config['composer_autoload'] is set to TRUE but /Code/PHP/zd_app/code/ExamPlat/app/vendor/autoload.php was not found.
ERROR - 2017-07-26 14:59:04 --> $config['composer_autoload'] is set to TRUE but /Code/PHP/zd_app/code/ExamPlat/app/vendor/autoload.php was not found.
ERROR - 2017-07-26 15:00:42 --> $config['composer_autoload'] is set to TRUE but /Code/PHP/zd_app/code/ExamPlat/app/vendor/autoload.php was not found.
ERROR - 2017-07-26 15:00:42 --> $config['composer_autoload'] is set to TRUE but /Code/PHP/zd_app/code/ExamPlat/app/vendor/autoload.php was not found.
ERROR - 2017-07-26 15:00:44 --> $config['composer_autoload'] is set to TRUE but /Code/PHP/zd_app/code/ExamPlat/app/vendor/autoload.php was not found.
ERROR - 2017-07-26 15:00:46 --> $config['composer_autoload'] is set to TRUE but /Code/PHP/zd_app/code/ExamPlat/app/vendor/autoload.php was not found.
ERROR - 2017-07-26 15:09:48 --> $config['composer_autoload'] is set to TRUE but /Code/PHP/zd_app/code/ExamPlat/app/vendor/autoload.php was not found.
ERROR - 2017-07-26 15:09:48 --> Severity: Warning --> Unknown: open(/var/tmp//sess_qb8d27k7c73suga59fju59qtf2, O_RDWR) failed: Permission denied (13) Unknown 0
ERROR - 2017-07-26 15:09:48 --> Severity: Warning --> Unknown: Failed to write session data (files). Please verify that the current setting of session.save_path is correct () Unknown 0
ERROR - 2017-07-26 15:09:48 --> $config['composer_autoload'] is set to TRUE but /Code/PHP/zd_app/code/ExamPlat/app/vendor/autoload.php was not found.
ERROR - 2017-07-26 15:09:48 --> Severity: Warning --> Unknown: open(/var/tmp//sess_qb8d27k7c73suga59fju59qtf2, O_RDWR) failed: Permission denied (13) Unknown 0
ERROR - 2017-07-26 15:09:48 --> Severity: Warning --> Unknown: Failed to write session data (files). Please verify that the current setting of session.save_path is correct () Unknown 0
ERROR - 2017-07-26 15:16:00 --> $config['composer_autoload'] is set to TRUE but /Code/PHP/zd_app/code/ExamPlat/app/vendor/autoload.php was not found.
ERROR - 2017-07-26 15:16:01 --> $config['composer_autoload'] is set to TRUE but /Code/PHP/zd_app/code/ExamPlat/app/vendor/autoload.php was not found.
ERROR - 2017-07-26 15:16:01 --> $config['composer_autoload'] is set to TRUE but /Code/PHP/zd_app/code/ExamPlat/app/vendor/autoload.php was not found.
ERROR - 2017-07-26 15:16:01 --> Severity: error --> Exception: Session parameter is error in prespeaking /Code/PHP/zd_app/code/ExamPlat/app/models/student/Mock.php 278
ERROR - 2017-07-26 15:18:04 --> $config['composer_autoload'] is set to TRUE but /Code/PHP/zd_app/code/ExamPlat/app/vendor/autoload.php was not found.
ERROR - 2017-07-26 15:18:04 --> $config['composer_autoload'] is set to TRUE but /Code/PHP/zd_app/code/ExamPlat/app/vendor/autoload.php was not found.
ERROR - 2017-07-26 15:18:04 --> $config['composer_autoload'] is set to TRUE but /Code/PHP/zd_app/code/ExamPlat/app/vendor/autoload.php was not found.
ERROR - 2017-07-26 15:18:12 --> $config['composer_autoload'] is set to TRUE but /Code/PHP/zd_app/code/ExamPlat/app/vendor/autoload.php was not found.
ERROR - 2017-07-26 15:18:13 --> $config['composer_autoload'] is set to TRUE but /Code/PHP/zd_app/code/ExamPlat/app/vendor/autoload.php was not found.
ERROR - 2017-07-26 15:18:59 --> $config['composer_autoload'] is set to TRUE but /Code/PHP/zd_app/code/ExamPlat/app/vendor/autoload.php was not found.
ERROR - 2017-07-26 15:19:00 --> $config['composer_autoload'] is set to TRUE but /Code/PHP/zd_app/code/ExamPlat/app/vendor/autoload.php was not found.
ERROR - 2017-07-26 15:19:00 --> $config['composer_autoload'] is set to TRUE but /Code/PHP/zd_app/code/ExamPlat/app/vendor/autoload.php was not found.
ERROR - 2017-07-26 15:19:00 --> 404 Page Not Found: Images/favicon.ico
ERROR - 2017-07-26 15:19:01 --> $config['composer_autoload'] is set to TRUE but /Code/PHP/zd_app/code/ExamPlat/app/vendor/autoload.php was not found.
ERROR - 2017-07-26 15:19:01 --> $config['composer_autoload'] is set to TRUE but /Code/PHP/zd_app/code/ExamPlat/app/vendor/autoload.php was not found.
ERROR - 2017-07-26 15:19:01 --> $config['composer_autoload'] is set to TRUE but /Code/PHP/zd_app/code/ExamPlat/app/vendor/autoload.php was not found.
ERROR - 2017-07-26 15:19:01 --> 404 Page Not Found: Mkadc/images
ERROR - 2017-07-26 15:19:03 --> $config['composer_autoload'] is set to TRUE but /Code/PHP/zd_app/code/ExamPlat/app/vendor/autoload.php was not found.
ERROR - 2017-07-26 15:19:05 --> $config['composer_autoload'] is set to TRUE but /Code/PHP/zd_app/code/ExamPlat/app/vendor/autoload.php was not found.
ERROR - 2017-07-26 15:19:52 --> $config['composer_autoload'] is set to TRUE but /Code/PHP/zd_app/code/ExamPlat/app/vendor/autoload.php was not found.
ERROR - 2017-07-26 15:19:52 --> $config['composer_autoload'] is set to TRUE but /Code/PHP/zd_app/code/ExamPlat/app/vendor/autoload.php was not found.
ERROR - 2017-07-26 15:19:57 --> $config['composer_autoload'] is set to TRUE but /Code/PHP/zd_app/code/ExamPlat/app/vendor/autoload.php was not found.
ERROR - 2017-07-26 15:21:38 --> $config['composer_autoload'] is set to TRUE but /Code/PHP/zd_app/code/ExamPlat/app/vendor/autoload.php was not found.
ERROR - 2017-07-26 15:21:39 --> $config['composer_autoload'] is set to TRUE but /Code/PHP/zd_app/code/ExamPlat/app/vendor/autoload.php was not found.
ERROR - 2017-07-26 15:24:07 --> $config['composer_autoload'] is set to TRUE but /Code/PHP/zd_app/code/ExamPlat/app/vendor/autoload.php was not found.
ERROR - 2017-07-26 15:27:13 --> $config['composer_autoload'] is set to TRUE but /Code/PHP/zd_app/code/ExamPlat/app/vendor/autoload.php was not found.
ERROR - 2017-07-26 15:27:13 --> $config['composer_autoload'] is set to TRUE but /Code/PHP/zd_app/code/ExamPlat/app/vendor/autoload.php was not found.
ERROR - 2017-07-26 15:29:57 --> $config['composer_autoload'] is set to TRUE but /Code/PHP/zd_app/code/ExamPlat/app/vendor/autoload.php was not found.
ERROR - 2017-07-26 15:30:27 --> $config['composer_autoload'] is set to TRUE but /Code/PHP/zd_app/code/ExamPlat/app/vendor/autoload.php was not found.
ERROR - 2017-07-26 15:30:28 --> $config['composer_autoload'] is set to TRUE but /Code/PHP/zd_app/code/ExamPlat/app/vendor/autoload.php was not found.
ERROR - 2017-07-26 15:30:34 --> $config['composer_autoload'] is set to TRUE but /Code/PHP/zd_app/code/ExamPlat/app/vendor/autoload.php was not found.
ERROR - 2017-07-26 15:33:58 --> $config['composer_autoload'] is set to TRUE but /Code/PHP/zd_app/code/ExamPlat/app/vendor/autoload.php was not found.
ERROR - 2017-07-26 15:33:58 --> $config['composer_autoload'] is set to TRUE but /Code/PHP/zd_app/code/ExamPlat/app/vendor/autoload.php was not found.
ERROR - 2017-07-26 15:39:39 --> $config['composer_autoload'] is set to TRUE but /Code/PHP/zd_app/code/ExamPlat/app/vendor/autoload.php was not found.
ERROR - 2017-07-26 15:39:39 --> $config['composer_autoload'] is set to TRUE but /Code/PHP/zd_app/code/ExamPlat/app/vendor/autoload.php was not found.
ERROR - 2017-07-26 15:39:39 --> $config['composer_autoload'] is set to TRUE but /Code/PHP/zd_app/code/ExamPlat/app/vendor/autoload.php was not found.
ERROR - 2017-07-26 15:40:08 --> $config['composer_autoload'] is set to TRUE but /Code/PHP/zd_app/code/ExamPlat/app/vendor/autoload.php was not found.
ERROR - 2017-07-26 15:40:12 --> $config['composer_autoload'] is set to TRUE but /Code/PHP/zd_app/code/ExamPlat/app/vendor/autoload.php was not found.
ERROR - 2017-07-26 15:40:13 --> $config['composer_autoload'] is set to TRUE but /Code/PHP/zd_app/code/ExamPlat/app/vendor/autoload.php was not found.
ERROR - 2017-07-26 15:40:14 --> $config['composer_autoload'] is set to TRUE but /Code/PHP/zd_app/code/ExamPlat/app/vendor/autoload.php was not found.
ERROR - 2017-07-26 15:42:55 --> $config['composer_autoload'] is set to TRUE but /Code/PHP/zd_app/code/ExamPlat/app/vendor/autoload.php was not found.
ERROR - 2017-07-26 15:43:23 --> $config['composer_autoload'] is set to TRUE but /Code/PHP/zd_app/code/ExamPlat/app/vendor/autoload.php was not found.
ERROR - 2017-07-26 15:43:25 --> $config['composer_autoload'] is set to TRUE but /Code/PHP/zd_app/code/ExamPlat/app/vendor/autoload.php was not found.
ERROR - 2017-07-26 15:44:02 --> $config['composer_autoload'] is set to TRUE but /Code/PHP/zd_app/code/ExamPlat/app/vendor/autoload.php was not found.
ERROR - 2017-07-26 15:44:02 --> $config['composer_autoload'] is set to TRUE but /Code/PHP/zd_app/code/ExamPlat/app/vendor/autoload.php was not found.
ERROR - 2017-07-26 15:44:05 --> $config['composer_autoload'] is set to TRUE but /Code/PHP/zd_app/code/ExamPlat/app/vendor/autoload.php was not found.
ERROR - 2017-07-26 15:44:27 --> $config['composer_autoload'] is set to TRUE but /Code/PHP/zd_app/code/ExamPlat/app/vendor/autoload.php was not found.
ERROR - 2017-07-26 15:44:32 --> $config['composer_autoload'] is set to TRUE but /Code/PHP/zd_app/code/ExamPlat/app/vendor/autoload.php was not found.
ERROR - 2017-07-26 15:44:37 --> $config['composer_autoload'] is set to TRUE but /Code/PHP/zd_app/code/ExamPlat/app/vendor/autoload.php was not found.
ERROR - 2017-07-26 15:44:37 --> $config['composer_autoload'] is set to TRUE but /Code/PHP/zd_app/code/ExamPlat/app/vendor/autoload.php was not found.
ERROR - 2017-07-26 15:44:40 --> $config['composer_autoload'] is set to TRUE but /Code/PHP/zd_app/code/ExamPlat/app/vendor/autoload.php was not found.
ERROR - 2017-07-26 15:44:42 --> $config['composer_autoload'] is set to TRUE but /Code/PHP/zd_app/code/ExamPlat/app/vendor/autoload.php was not found.
ERROR - 2017-07-26 15:44:42 --> 404 Page Not Found: Faviconico/index
ERROR - 2017-07-26 15:46:52 --> $config['composer_autoload'] is set to TRUE but /Code/PHP/zd_app/code/ExamPlat/app/vendor/autoload.php was not found.
ERROR - 2017-07-26 15:47:52 --> $config['composer_autoload'] is set to TRUE but /Code/PHP/zd_app/code/ExamPlat/app/vendor/autoload.php was not found.
ERROR - 2017-07-26 15:49:02 --> $config['composer_autoload'] is set to TRUE but /Code/PHP/zd_app/code/ExamPlat/app/vendor/autoload.php was not found.
ERROR - 2017-07-26 15:49:24 --> $config['composer_autoload'] is set to TRUE but /Code/PHP/zd_app/code/ExamPlat/app/vendor/autoload.php was not found.
ERROR - 2017-07-26 16:49:38 --> $config['composer_autoload'] is set to TRUE but /Code/PHP/zd_app/code/ExamPlat/app/vendor/autoload.php was not found.
ERROR - 2017-07-26 16:49:39 --> $config['composer_autoload'] is set to TRUE but /Code/PHP/zd_app/code/ExamPlat/app/vendor/autoload.php was not found.
ERROR - 2017-07-26 16:49:40 --> $config['composer_autoload'] is set to TRUE but /Code/PHP/zd_app/code/ExamPlat/app/vendor/autoload.php was not found.
ERROR - 2017-07-26 16:49:40 --> $config['composer_autoload'] is set to TRUE but /Code/PHP/zd_app/code/ExamPlat/app/vendor/autoload.php was not found.
ERROR - 2017-07-26 16:50:10 --> $config['composer_autoload'] is set to TRUE but /Code/PHP/zd_app/code/ExamPlat/app/vendor/autoload.php was not found.
ERROR - 2017-07-26 16:50:14 --> $config['composer_autoload'] is set to TRUE but /Code/PHP/zd_app/code/ExamPlat/app/vendor/autoload.php was not found.
ERROR - 2017-07-26 16:50:14 --> $config['composer_autoload'] is set to TRUE but /Code/PHP/zd_app/code/ExamPlat/app/vendor/autoload.php was not found.
ERROR - 2017-07-26 16:50:14 --> $config['composer_autoload'] is set to TRUE but /Code/PHP/zd_app/code/ExamPlat/app/vendor/autoload.php was not found.
ERROR - 2017-07-26 16:50:16 --> $config['composer_autoload'] is set to TRUE but /Code/PHP/zd_app/code/ExamPlat/app/vendor/autoload.php was not found.
ERROR - 2017-07-26 16:51:19 --> $config['composer_autoload'] is set to TRUE but /Code/PHP/zd_app/code/ExamPlat/app/vendor/autoload.php was not found.
ERROR - 2017-07-26 16:51:20 --> $config['composer_autoload'] is set to TRUE but /Code/PHP/zd_app/code/ExamPlat/app/vendor/autoload.php was not found.
ERROR - 2017-07-26 16:51:20 --> $config['composer_autoload'] is set to TRUE but /Code/PHP/zd_app/code/ExamPlat/app/vendor/autoload.php was not found.
ERROR - 2017-07-26 16:51:22 --> $config['composer_autoload'] is set to TRUE but /Code/PHP/zd_app/code/ExamPlat/app/vendor/autoload.php was not found.
ERROR - 2017-07-26 16:51:24 --> $config['composer_autoload'] is set to TRUE but /Code/PHP/zd_app/code/ExamPlat/app/vendor/autoload.php was not found.
ERROR - 2017-07-26 16:51:26 --> $config['composer_autoload'] is set to TRUE but /Code/PHP/zd_app/code/ExamPlat/app/vendor/autoload.php was not found.
ERROR - 2017-07-26 16:51:28 --> $config['composer_autoload'] is set to TRUE but /Code/PHP/zd_app/code/ExamPlat/app/vendor/autoload.php was not found.
ERROR - 2017-07-26 16:51:30 --> $config['composer_autoload'] is set to TRUE but /Code/PHP/zd_app/code/ExamPlat/app/vendor/autoload.php was not found.
ERROR - 2017-07-26 16:51:31 --> $config['composer_autoload'] is set to TRUE but /Code/PHP/zd_app/code/ExamPlat/app/vendor/autoload.php was not found.
ERROR - 2017-07-26 16:51:33 --> $config['composer_autoload'] is set to TRUE but /Code/PHP/zd_app/code/ExamPlat/app/vendor/autoload.php was not found.
ERROR - 2017-07-26 16:51:34 --> $config['composer_autoload'] is set to TRUE but /Code/PHP/zd_app/code/ExamPlat/app/vendor/autoload.php was not found.
ERROR - 2017-07-26 16:51:36 --> $config['composer_autoload'] is set to TRUE but /Code/PHP/zd_app/code/ExamPlat/app/vendor/autoload.php was not found.
ERROR - 2017-07-26 16:51:37 --> $config['composer_autoload'] is set to TRUE but /Code/PHP/zd_app/code/ExamPlat/app/vendor/autoload.php was not found.
ERROR - 2017-07-26 16:51:38 --> $config['composer_autoload'] is set to TRUE but /Code/PHP/zd_app/code/ExamPlat/app/vendor/autoload.php was not found.
ERROR - 2017-07-26 16:51:40 --> $config['composer_autoload'] is set to TRUE but /Code/PHP/zd_app/code/ExamPlat/app/vendor/autoload.php was not found.
ERROR - 2017-07-26 16:51:42 --> $config['composer_autoload'] is set to TRUE but /Code/PHP/zd_app/code/ExamPlat/app/vendor/autoload.php was not found.
ERROR - 2017-07-26 16:51:43 --> $config['composer_autoload'] is set to TRUE but /Code/PHP/zd_app/code/ExamPlat/app/vendor/autoload.php was not found.
ERROR - 2017-07-26 16:51:46 --> $config['composer_autoload'] is set to TRUE but /Code/PHP/zd_app/code/ExamPlat/app/vendor/autoload.php was not found.
ERROR - 2017-07-26 16:51:50 --> $config['composer_autoload'] is set to TRUE but /Code/PHP/zd_app/code/ExamPlat/app/vendor/autoload.php was not found.
ERROR - 2017-07-26 16:51:53 --> $config['composer_autoload'] is set to TRUE but /Code/PHP/zd_app/code/ExamPlat/app/vendor/autoload.php was not found.
ERROR - 2017-07-26 16:51:55 --> $config['composer_autoload'] is set to TRUE but /Code/PHP/zd_app/code/ExamPlat/app/vendor/autoload.php was not found.
ERROR - 2017-07-26 16:51:56 --> $config['composer_autoload'] is set to TRUE but /Code/PHP/zd_app/code/ExamPlat/app/vendor/autoload.php was not found.
ERROR - 2017-07-26 16:51:58 --> $config['composer_autoload'] is set to TRUE but /Code/PHP/zd_app/code/ExamPlat/app/vendor/autoload.php was not found.
ERROR - 2017-07-26 16:51:59 --> $config['composer_autoload'] is set to TRUE but /Code/PHP/zd_app/code/ExamPlat/app/vendor/autoload.php was not found.
ERROR - 2017-07-26 16:52:01 --> $config['composer_autoload'] is set to TRUE but /Code/PHP/zd_app/code/ExamPlat/app/vendor/autoload.php was not found.
ERROR - 2017-07-26 16:52:03 --> $config['composer_autoload'] is set to TRUE but /Code/PHP/zd_app/code/ExamPlat/app/vendor/autoload.php was not found.
ERROR - 2017-07-26 16:52:04 --> $config['composer_autoload'] is set to TRUE but /Code/PHP/zd_app/code/ExamPlat/app/vendor/autoload.php was not found.
ERROR - 2017-07-26 16:52:05 --> $config['composer_autoload'] is set to TRUE but /Code/PHP/zd_app/code/ExamPlat/app/vendor/autoload.php was not found.
ERROR - 2017-07-26 16:52:06 --> $config['composer_autoload'] is set to TRUE but /Code/PHP/zd_app/code/ExamPlat/app/vendor/autoload.php was not found.
ERROR - 2017-07-26 16:52:08 --> $config['composer_autoload'] is set to TRUE but /Code/PHP/zd_app/code/ExamPlat/app/vendor/autoload.php was not found.
ERROR - 2017-07-26 16:52:09 --> $config['composer_autoload'] is set to TRUE but /Code/PHP/zd_app/code/ExamPlat/app/vendor/autoload.php was not found.
ERROR - 2017-07-26 16:52:11 --> $config['composer_autoload'] is set to TRUE but /Code/PHP/zd_app/code/ExamPlat/app/vendor/autoload.php was not found.
ERROR - 2017-07-26 16:52:14 --> $config['composer_autoload'] is set to TRUE but /Code/PHP/zd_app/code/ExamPlat/app/vendor/autoload.php was not found.
ERROR - 2017-07-26 16:52:18 --> $config['composer_autoload'] is set to TRUE but /Code/PHP/zd_app/code/ExamPlat/app/vendor/autoload.php was not found.
ERROR - 2017-07-26 16:52:21 --> $config['composer_autoload'] is set to TRUE but /Code/PHP/zd_app/code/ExamPlat/app/vendor/autoload.php was not found.
ERROR - 2017-07-26 16:52:23 --> $config['composer_autoload'] is set to TRUE but /Code/PHP/zd_app/code/ExamPlat/app/vendor/autoload.php was not found.
ERROR - 2017-07-26 16:52:24 --> $config['composer_autoload'] is set to TRUE but /Code/PHP/zd_app/code/ExamPlat/app/vendor/autoload.php was not found.
ERROR - 2017-07-26 16:52:25 --> $config['composer_autoload'] is set to TRUE but /Code/PHP/zd_app/code/ExamPlat/app/vendor/autoload.php was not found.
ERROR - 2017-07-26 16:52:25 --> $config['composer_autoload'] is set to TRUE but /Code/PHP/zd_app/code/ExamPlat/app/vendor/autoload.php was not found.
ERROR - 2017-07-26 16:52:26 --> $config['composer_autoload'] is set to TRUE but /Code/PHP/zd_app/code/ExamPlat/app/vendor/autoload.php was not found.
ERROR - 2017-07-26 16:52:27 --> $config['composer_autoload'] is set to TRUE but /Code/PHP/zd_app/code/ExamPlat/app/vendor/autoload.php was not found.
ERROR - 2017-07-26 16:52:29 --> $config['composer_autoload'] is set to TRUE but /Code/PHP/zd_app/code/ExamPlat/app/vendor/autoload.php was not found.
ERROR - 2017-07-26 16:52:30 --> $config['composer_autoload'] is set to TRUE but /Code/PHP/zd_app/code/ExamPlat/app/vendor/autoload.php was not found.
ERROR - 2017-07-26 16:52:31 --> $config['composer_autoload'] is set to TRUE but /Code/PHP/zd_app/code/ExamPlat/app/vendor/autoload.php was not found.
ERROR - 2017-07-26 16:52:32 --> $config['composer_autoload'] is set to TRUE but /Code/PHP/zd_app/code/ExamPlat/app/vendor/autoload.php was not found.
ERROR - 2017-07-26 16:52:34 --> $config['composer_autoload'] is set to TRUE but /Code/PHP/zd_app/code/ExamPlat/app/vendor/autoload.php was not found.
ERROR - 2017-07-26 16:52:35 --> $config['composer_autoload'] is set to TRUE but /Code/PHP/zd_app/code/ExamPlat/app/vendor/autoload.php was not found.
ERROR - 2017-07-26 16:52:38 --> $config['composer_autoload'] is set to TRUE but /Code/PHP/zd_app/code/ExamPlat/app/vendor/autoload.php was not found.
ERROR - 2017-07-26 16:52:41 --> $config['composer_autoload'] is set to TRUE but /Code/PHP/zd_app/code/ExamPlat/app/vendor/autoload.php was not found.
ERROR - 2017-07-26 16:52:41 --> $config['composer_autoload'] is set to TRUE but /Code/PHP/zd_app/code/ExamPlat/app/vendor/autoload.php was not found.
ERROR - 2017-07-26 16:52:56 --> $config['composer_autoload'] is set to TRUE but /Code/PHP/zd_app/code/ExamPlat/app/vendor/autoload.php was not found.
ERROR - 2017-07-26 16:52:57 --> $config['composer_autoload'] is set to TRUE but /Code/PHP/zd_app/code/ExamPlat/app/vendor/autoload.php was not found.
ERROR - 2017-07-26 16:52:58 --> $config['composer_autoload'] is set to TRUE but /Code/PHP/zd_app/code/ExamPlat/app/vendor/autoload.php was not found.
ERROR - 2017-07-26 16:53:11 --> $config['composer_autoload'] is set to TRUE but /Code/PHP/zd_app/code/ExamPlat/app/vendor/autoload.php was not found.
ERROR - 2017-07-26 16:53:15 --> $config['composer_autoload'] is set to TRUE but /Code/PHP/zd_app/code/ExamPlat/app/vendor/autoload.php was not found.
ERROR - 2017-07-26 16:53:16 --> $config['composer_autoload'] is set to TRUE but /Code/PHP/zd_app/code/ExamPlat/app/vendor/autoload.php was not found.
ERROR - 2017-07-26 16:53:17 --> $config['composer_autoload'] is set to TRUE but /Code/PHP/zd_app/code/ExamPlat/app/vendor/autoload.php was not found.
ERROR - 2017-07-26 16:53:18 --> $config['composer_autoload'] is set to TRUE but /Code/PHP/zd_app/code/ExamPlat/app/vendor/autoload.php was not found.
ERROR - 2017-07-26 16:55:38 --> $config['composer_autoload'] is set to TRUE but /Code/PHP/zd_app/code/ExamPlat/app/vendor/autoload.php was not found.
ERROR - 2017-07-26 16:58:02 --> $config['composer_autoload'] is set to TRUE but /Code/PHP/zd_app/code/ExamPlat/app/vendor/autoload.php was not found.
ERROR - 2017-07-26 16:58:04 --> $config['composer_autoload'] is set to TRUE but /Code/PHP/zd_app/code/ExamPlat/app/vendor/autoload.php was not found.
ERROR - 2017-07-26 16:58:05 --> $config['composer_autoload'] is set to TRUE but /Code/PHP/zd_app/code/ExamPlat/app/vendor/autoload.php was not found.
ERROR - 2017-07-26 16:58:07 --> $config['composer_autoload'] is set to TRUE but /Code/PHP/zd_app/code/ExamPlat/app/vendor/autoload.php was not found.
ERROR - 2017-07-26 16:58:09 --> $config['composer_autoload'] is set to TRUE but /Code/PHP/zd_app/code/ExamPlat/app/vendor/autoload.php was not found.
ERROR - 2017-07-26 17:03:31 --> $config['composer_autoload'] is set to TRUE but /Code/PHP/zd_app/code/ExamPlat/app/vendor/autoload.php was not found.
ERROR - 2017-07-26 17:07:03 --> $config['composer_autoload'] is set to TRUE but /Code/PHP/zd_app/code/ExamPlat/app/vendor/autoload.php was not found.
ERROR - 2017-07-26 17:07:05 --> $config['composer_autoload'] is set to TRUE but /Code/PHP/zd_app/code/ExamPlat/app/vendor/autoload.php was not found.
ERROR - 2017-07-26 17:07:07 --> $config['composer_autoload'] is set to TRUE but /Code/PHP/zd_app/code/ExamPlat/app/vendor/autoload.php was not found.
ERROR - 2017-07-26 17:07:10 --> $config['composer_autoload'] is set to TRUE but /Code/PHP/zd_app/code/ExamPlat/app/vendor/autoload.php was not found.
ERROR - 2017-07-26 17:07:12 --> $config['composer_autoload'] is set to TRUE but /Code/PHP/zd_app/code/ExamPlat/app/vendor/autoload.php was not found.
ERROR - 2017-07-26 17:07:14 --> $config['composer_autoload'] is set to TRUE but /Code/PHP/zd_app/code/ExamPlat/app/vendor/autoload.php was not found.
ERROR - 2017-07-26 17:12:14 --> $config['composer_autoload'] is set to TRUE but /Code/PHP/zd_app/code/ExamPlat/app/vendor/autoload.php was not found.
ERROR - 2017-07-26 17:13:14 --> $config['composer_autoload'] is set to TRUE but /Code/PHP/zd_app/code/ExamPlat/app/vendor/autoload.php was not found.
ERROR - 2017-07-26 17:13:16 --> $config['composer_autoload'] is set to TRUE but /Code/PHP/zd_app/code/ExamPlat/app/vendor/autoload.php was not found.
ERROR - 2017-07-26 17:13:18 --> $config['composer_autoload'] is set to TRUE but /Code/PHP/zd_app/code/ExamPlat/app/vendor/autoload.php was not found.
ERROR - 2017-07-26 17:13:20 --> $config['composer_autoload'] is set to TRUE but /Code/PHP/zd_app/code/ExamPlat/app/vendor/autoload.php was not found.
ERROR - 2017-07-26 17:13:22 --> $config['composer_autoload'] is set to TRUE but /Code/PHP/zd_app/code/ExamPlat/app/vendor/autoload.php was not found.
ERROR - 2017-07-26 17:13:24 --> $config['composer_autoload'] is set to TRUE but /Code/PHP/zd_app/code/ExamPlat/app/vendor/autoload.php was not found.
ERROR - 2017-07-26 17:13:27 --> $config['composer_autoload'] is set to TRUE but /Code/PHP/zd_app/code/ExamPlat/app/vendor/autoload.php was not found.
ERROR - 2017-07-26 17:16:08 --> $config['composer_autoload'] is set to TRUE but /Code/PHP/zd_app/code/ExamPlat/app/vendor/autoload.php was not found.
ERROR - 2017-07-26 17:17:24 --> $config['composer_autoload'] is set to TRUE but /Code/PHP/zd_app/code/ExamPlat/app/vendor/autoload.php was not found.
ERROR - 2017-07-26 17:17:26 --> $config['composer_autoload'] is set to TRUE but /Code/PHP/zd_app/code/ExamPlat/app/vendor/autoload.php was not found.
ERROR - 2017-07-26 17:17:27 --> $config['composer_autoload'] is set to TRUE but /Code/PHP/zd_app/code/ExamPlat/app/vendor/autoload.php was not found.
ERROR - 2017-07-26 17:17:30 --> $config['composer_autoload'] is set to TRUE but /Code/PHP/zd_app/code/ExamPlat/app/vendor/autoload.php was not found.
ERROR - 2017-07-26 17:17:32 --> $config['composer_autoload'] is set to TRUE but /Code/PHP/zd_app/code/ExamPlat/app/vendor/autoload.php was not found.
ERROR - 2017-07-26 17:20:32 --> $config['composer_autoload'] is set to TRUE but /Code/PHP/zd_app/code/ExamPlat/app/vendor/autoload.php was not found.
ERROR - 2017-07-26 17:22:47 --> $config['composer_autoload'] is set to TRUE but /Code/PHP/zd_app/code/ExamPlat/app/vendor/autoload.php was not found.
ERROR - 2017-07-26 17:24:00 --> $config['composer_autoload'] is set to TRUE but /Code/PHP/zd_app/code/ExamPlat/app/vendor/autoload.php was not found.
ERROR - 2017-07-26 17:24:02 --> $config['composer_autoload'] is set to TRUE but /Code/PHP/zd_app/code/ExamPlat/app/vendor/autoload.php was not found.
ERROR - 2017-07-26 17:24:04 --> $config['composer_autoload'] is set to TRUE but /Code/PHP/zd_app/code/ExamPlat/app/vendor/autoload.php was not found.
ERROR - 2017-07-26 17:24:07 --> $config['composer_autoload'] is set to TRUE but /Code/PHP/zd_app/code/ExamPlat/app/vendor/autoload.php was not found.
ERROR - 2017-07-26 17:24:08 --> $config['composer_autoload'] is set to TRUE but /Code/PHP/zd_app/code/ExamPlat/app/vendor/autoload.php was not found.
ERROR - 2017-07-26 17:24:46 --> $config['composer_autoload'] is set to TRUE but /Code/PHP/zd_app/code/ExamPlat/app/vendor/autoload.php was not found.
ERROR - 2017-07-26 17:29:59 --> $config['composer_autoload'] is set to TRUE but /Code/PHP/zd_app/code/ExamPlat/app/vendor/autoload.php was not found.
ERROR - 2017-07-26 17:30:06 --> $config['composer_autoload'] is set to TRUE but /Code/PHP/zd_app/code/ExamPlat/app/vendor/autoload.php was not found.
ERROR - 2017-07-26 17:30:08 --> $config['composer_autoload'] is set to TRUE but /Code/PHP/zd_app/code/ExamPlat/app/vendor/autoload.php was not found.
ERROR - 2017-07-26 17:30:11 --> $config['composer_autoload'] is set to TRUE but /Code/PHP/zd_app/code/ExamPlat/app/vendor/autoload.php was not found.
ERROR - 2017-07-26 17:30:14 --> $config['composer_autoload'] is set to TRUE but /Code/PHP/zd_app/code/ExamPlat/app/vendor/autoload.php was not found.
