ERROR - 2017-08-02 18:58:10 --> $config['composer_autoload'] is set to TRUE but /Code/php/workspace/zd_app/ExamPlat/app/vendor/autoload.php was not found.
ERROR - 2017-08-02 18:58:11 --> $config['composer_autoload'] is set to TRUE but /Code/php/workspace/zd_app/ExamPlat/app/vendor/autoload.php was not found.
ERROR - 2017-08-02 18:58:11 --> $config['composer_autoload'] is set to TRUE but /Code/php/workspace/zd_app/ExamPlat/app/vendor/autoload.php was not found.
ERROR - 2017-08-02 18:58:11 --> 404 Page Not Found: Images/favicon.ico
ERROR - 2017-08-02 18:58:13 --> $config['composer_autoload'] is set to TRUE but /Code/php/workspace/zd_app/ExamPlat/app/vendor/autoload.php was not found.
ERROR - 2017-08-02 18:58:13 --> $config['composer_autoload'] is set to TRUE but /Code/php/workspace/zd_app/ExamPlat/app/vendor/autoload.php was not found.
ERROR - 2017-08-02 18:58:13 --> $config['composer_autoload'] is set to TRUE but /Code/php/workspace/zd_app/ExamPlat/app/vendor/autoload.php was not found.
ERROR - 2017-08-02 18:58:13 --> 404 Page Not Found: Mkadc/images
ERROR - 2017-08-02 18:58:14 --> $config['composer_autoload'] is set to TRUE but /Code/php/workspace/zd_app/ExamPlat/app/vendor/autoload.php was not found.
ERROR - 2017-08-02 18:58:16 --> $config['composer_autoload'] is set to TRUE but /Code/php/workspace/zd_app/ExamPlat/app/vendor/autoload.php was not found.
ERROR - 2017-08-02 18:58:43 --> $config['composer_autoload'] is set to TRUE but /Code/php/workspace/zd_app/ExamPlat/app/vendor/autoload.php was not found.
ERROR - 2017-08-02 18:58:43 --> $config['composer_autoload'] is set to TRUE but /Code/php/workspace/zd_app/ExamPlat/app/vendor/autoload.php was not found.
ERROR - 2017-08-02 18:58:45 --> $config['composer_autoload'] is set to TRUE but /Code/php/workspace/zd_app/ExamPlat/app/vendor/autoload.php was not found.
ERROR - 2017-08-02 18:58:46 --> $config['composer_autoload'] is set to TRUE but /Code/php/workspace/zd_app/ExamPlat/app/vendor/autoload.php was not found.
ERROR - 2017-08-02 18:58:46 --> $config['composer_autoload'] is set to TRUE but /Code/php/workspace/zd_app/ExamPlat/app/vendor/autoload.php was not found.
ERROR - 2017-08-02 18:58:46 --> 404 Page Not Found: Job/Test
ERROR - 2017-08-02 18:58:58 --> $config['composer_autoload'] is set to TRUE but /Code/php/workspace/zd_app/ExamPlat/app/vendor/autoload.php was not found.
ERROR - 2017-08-02 18:58:58 --> $config['composer_autoload'] is set to TRUE but /Code/php/workspace/zd_app/ExamPlat/app/vendor/autoload.php was not found.
ERROR - 2017-08-02 18:58:58 --> 404 Page Not Found: Job/Test
ERROR - 2017-08-02 18:59:09 --> $config['composer_autoload'] is set to TRUE but /Code/php/workspace/zd_app/ExamPlat/app/vendor/autoload.php was not found.
ERROR - 2017-08-02 20:03:19 --> $config['composer_autoload'] is set to TRUE but /Code/php/workspace/zd_app/ExamPlat/app/vendor/autoload.php was not found.
ERROR - 2017-08-02 20:03:25 --> $config['composer_autoload'] is set to TRUE but /Code/php/workspace/zd_app/ExamPlat/app/vendor/autoload.php was not found.
ERROR - 2017-08-02 20:03:25 --> $config['composer_autoload'] is set to TRUE but /Code/php/workspace/zd_app/ExamPlat/app/vendor/autoload.php was not found.
ERROR - 2017-08-02 20:03:25 --> 404 Page Not Found: Job/Test
ERROR - 2017-08-02 20:03:42 --> $config['composer_autoload'] is set to TRUE but /Code/php/workspace/zd_app/ExamPlat/app/vendor/autoload.php was not found.
ERROR - 2017-08-02 20:03:45 --> $config['composer_autoload'] is set to TRUE but /Code/php/workspace/zd_app/ExamPlat/app/vendor/autoload.php was not found.
ERROR - 2017-08-02 20:03:45 --> $config['composer_autoload'] is set to TRUE but /Code/php/workspace/zd_app/ExamPlat/app/vendor/autoload.php was not found.
ERROR - 2017-08-02 20:03:45 --> 404 Page Not Found: Job/Test
ERROR - 2017-08-02 20:04:04 --> $config['composer_autoload'] is set to TRUE but /Code/php/workspace/zd_app/ExamPlat/app/vendor/autoload.php was not found.
ERROR - 2017-08-02 20:04:04 --> $config['composer_autoload'] is set to TRUE but /Code/php/workspace/zd_app/ExamPlat/app/vendor/autoload.php was not found.
ERROR - 2017-08-02 20:04:16 --> $config['composer_autoload'] is set to TRUE but /Code/php/workspace/zd_app/ExamPlat/app/vendor/autoload.php was not found.
ERROR - 2017-08-02 20:04:18 --> $config['composer_autoload'] is set to TRUE but /Code/php/workspace/zd_app/ExamPlat/app/vendor/autoload.php was not found.
ERROR - 2017-08-02 20:04:18 --> 404 Page Not Found: Faviconico/index
ERROR - 2017-08-02 20:04:39 --> $config['composer_autoload'] is set to TRUE but /Code/php/workspace/zd_app/ExamPlat/app/vendor/autoload.php was not found.
ERROR - 2017-08-02 20:04:40 --> $config['composer_autoload'] is set to TRUE but /Code/php/workspace/zd_app/ExamPlat/app/vendor/autoload.php was not found.
ERROR - 2017-08-02 20:06:30 --> $config['composer_autoload'] is set to TRUE but /Code/php/workspace/zd_app/ExamPlat/app/vendor/autoload.php was not found.
ERROR - 2017-08-02 20:06:30 --> $config['composer_autoload'] is set to TRUE but /Code/php/workspace/zd_app/ExamPlat/app/vendor/autoload.php was not found.
ERROR - 2017-08-02 20:06:30 --> 404 Page Not Found: Job/Test
ERROR - 2017-08-02 20:06:31 --> $config['composer_autoload'] is set to TRUE but /Code/php/workspace/zd_app/ExamPlat/app/vendor/autoload.php was not found.
ERROR - 2017-08-02 20:06:31 --> $config['composer_autoload'] is set to TRUE but /Code/php/workspace/zd_app/ExamPlat/app/vendor/autoload.php was not found.
ERROR - 2017-08-02 20:06:33 --> $config['composer_autoload'] is set to TRUE but /Code/php/workspace/zd_app/ExamPlat/app/vendor/autoload.php was not found.
ERROR - 2017-08-02 20:06:35 --> $config['composer_autoload'] is set to TRUE but /Code/php/workspace/zd_app/ExamPlat/app/vendor/autoload.php was not found.
ERROR - 2017-08-02 20:06:35 --> $config['composer_autoload'] is set to TRUE but /Code/php/workspace/zd_app/ExamPlat/app/vendor/autoload.php was not found.
ERROR - 2017-08-02 20:06:35 --> 404 Page Not Found: Job/Test
ERROR - 2017-08-02 20:06:59 --> $config['composer_autoload'] is set to TRUE but /Code/php/workspace/zd_app/ExamPlat/app/vendor/autoload.php was not found.
ERROR - 2017-08-02 20:07:09 --> $config['composer_autoload'] is set to TRUE but /Code/php/workspace/zd_app/ExamPlat/app/vendor/autoload.php was not found.
ERROR - 2017-08-02 20:07:09 --> $config['composer_autoload'] is set to TRUE but /Code/php/workspace/zd_app/ExamPlat/app/vendor/autoload.php was not found.
ERROR - 2017-08-02 20:07:10 --> $config['composer_autoload'] is set to TRUE but /Code/php/workspace/zd_app/ExamPlat/app/vendor/autoload.php was not found.
ERROR - 2017-08-02 20:07:42 --> $config['composer_autoload'] is set to TRUE but /Code/php/workspace/zd_app/ExamPlat/app/vendor/autoload.php was not found.
ERROR - 2017-08-02 20:07:42 --> $config['composer_autoload'] is set to TRUE but /Code/php/workspace/zd_app/ExamPlat/app/vendor/autoload.php was not found.
ERROR - 2017-08-02 20:07:42 --> 404 Page Not Found: Job/Test
ERROR - 2017-08-02 20:07:44 --> $config['composer_autoload'] is set to TRUE but /Code/php/workspace/zd_app/ExamPlat/app/vendor/autoload.php was not found.
ERROR - 2017-08-02 20:07:44 --> $config['composer_autoload'] is set to TRUE but /Code/php/workspace/zd_app/ExamPlat/app/vendor/autoload.php was not found.
ERROR - 2017-08-02 20:07:47 --> $config['composer_autoload'] is set to TRUE but /Code/php/workspace/zd_app/ExamPlat/app/vendor/autoload.php was not found.
ERROR - 2017-08-02 20:08:02 --> $config['composer_autoload'] is set to TRUE but /Code/php/workspace/zd_app/ExamPlat/app/vendor/autoload.php was not found.
ERROR - 2017-08-02 20:08:02 --> $config['composer_autoload'] is set to TRUE but /Code/php/workspace/zd_app/ExamPlat/app/vendor/autoload.php was not found.
ERROR - 2017-08-02 20:08:02 --> 404 Page Not Found: Job/Test
ERROR - 2017-08-02 20:08:23 --> $config['composer_autoload'] is set to TRUE but /Code/php/workspace/zd_app/ExamPlat/app/vendor/autoload.php was not found.
ERROR - 2017-08-02 20:08:29 --> $config['composer_autoload'] is set to TRUE but /Code/php/workspace/zd_app/ExamPlat/app/vendor/autoload.php was not found.
ERROR - 2017-08-02 20:08:29 --> $config['composer_autoload'] is set to TRUE but /Code/php/workspace/zd_app/ExamPlat/app/vendor/autoload.php was not found.
ERROR - 2017-08-02 20:08:30 --> $config['composer_autoload'] is set to TRUE but /Code/php/workspace/zd_app/ExamPlat/app/vendor/autoload.php was not found.
ERROR - 2017-08-02 20:08:42 --> $config['composer_autoload'] is set to TRUE but /Code/php/workspace/zd_app/ExamPlat/app/vendor/autoload.php was not found.
ERROR - 2017-08-02 20:09:05 --> $config['composer_autoload'] is set to TRUE but /Code/php/workspace/zd_app/ExamPlat/app/vendor/autoload.php was not found.
ERROR - 2017-08-02 20:09:05 --> $config['composer_autoload'] is set to TRUE but /Code/php/workspace/zd_app/ExamPlat/app/vendor/autoload.php was not found.
ERROR - 2017-08-02 20:09:05 --> 404 Page Not Found: Job/Test
ERROR - 2017-08-02 20:09:35 --> $config['composer_autoload'] is set to TRUE but /Code/php/workspace/zd_app/ExamPlat/app/vendor/autoload.php was not found.
ERROR - 2017-08-02 20:09:39 --> $config['composer_autoload'] is set to TRUE but /Code/php/workspace/zd_app/ExamPlat/app/vendor/autoload.php was not found.
ERROR - 2017-08-02 20:09:39 --> $config['composer_autoload'] is set to TRUE but /Code/php/workspace/zd_app/ExamPlat/app/vendor/autoload.php was not found.
ERROR - 2017-08-02 20:09:40 --> $config['composer_autoload'] is set to TRUE but /Code/php/workspace/zd_app/ExamPlat/app/vendor/autoload.php was not found.
ERROR - 2017-08-02 20:10:32 --> $config['composer_autoload'] is set to TRUE but /Code/php/workspace/zd_app/ExamPlat/app/vendor/autoload.php was not found.
ERROR - 2017-08-02 20:10:32 --> $config['composer_autoload'] is set to TRUE but /Code/php/workspace/zd_app/ExamPlat/app/vendor/autoload.php was not found.
ERROR - 2017-08-02 20:10:32 --> 404 Page Not Found: Job/Test
ERROR - 2017-08-02 20:10:36 --> $config['composer_autoload'] is set to TRUE but /Code/php/workspace/zd_app/ExamPlat/app/vendor/autoload.php was not found.
ERROR - 2017-08-02 20:10:36 --> $config['composer_autoload'] is set to TRUE but /Code/php/workspace/zd_app/ExamPlat/app/vendor/autoload.php was not found.
ERROR - 2017-08-02 20:10:36 --> 404 Page Not Found: Job/Test
ERROR - 2017-08-02 20:10:53 --> $config['composer_autoload'] is set to TRUE but /Code/php/workspace/zd_app/ExamPlat/app/vendor/autoload.php was not found.
ERROR - 2017-08-02 20:10:55 --> $config['composer_autoload'] is set to TRUE but /Code/php/workspace/zd_app/ExamPlat/app/vendor/autoload.php was not found.
ERROR - 2017-08-02 20:10:55 --> $config['composer_autoload'] is set to TRUE but /Code/php/workspace/zd_app/ExamPlat/app/vendor/autoload.php was not found.
ERROR - 2017-08-02 20:10:57 --> $config['composer_autoload'] is set to TRUE but /Code/php/workspace/zd_app/ExamPlat/app/vendor/autoload.php was not found.
ERROR - 2017-08-02 20:11:08 --> $config['composer_autoload'] is set to TRUE but /Code/php/workspace/zd_app/ExamPlat/app/vendor/autoload.php was not found.
ERROR - 2017-08-02 20:11:10 --> $config['composer_autoload'] is set to TRUE but /Code/php/workspace/zd_app/ExamPlat/app/vendor/autoload.php was not found.
ERROR - 2017-08-02 20:11:10 --> $config['composer_autoload'] is set to TRUE but /Code/php/workspace/zd_app/ExamPlat/app/vendor/autoload.php was not found.
ERROR - 2017-08-02 20:11:34 --> $config['composer_autoload'] is set to TRUE but /Code/php/workspace/zd_app/ExamPlat/app/vendor/autoload.php was not found.
ERROR - 2017-08-02 20:11:38 --> $config['composer_autoload'] is set to TRUE but /Code/php/workspace/zd_app/ExamPlat/app/vendor/autoload.php was not found.
ERROR - 2017-08-02 20:11:56 --> $config['composer_autoload'] is set to TRUE but /Code/php/workspace/zd_app/ExamPlat/app/vendor/autoload.php was not found.
ERROR - 2017-08-02 20:11:57 --> $config['composer_autoload'] is set to TRUE but /Code/php/workspace/zd_app/ExamPlat/app/vendor/autoload.php was not found.
ERROR - 2017-08-02 20:11:57 --> 404 Page Not Found: Job/Test
ERROR - 2017-08-02 20:13:04 --> $config['composer_autoload'] is set to TRUE but /Code/php/workspace/zd_app/ExamPlat/app/vendor/autoload.php was not found.
ERROR - 2017-08-02 20:13:07 --> $config['composer_autoload'] is set to TRUE but /Code/php/workspace/zd_app/ExamPlat/app/vendor/autoload.php was not found.
ERROR - 2017-08-02 20:13:08 --> $config['composer_autoload'] is set to TRUE but /Code/php/workspace/zd_app/ExamPlat/app/vendor/autoload.php was not found.
ERROR - 2017-08-02 20:13:08 --> $config['composer_autoload'] is set to TRUE but /Code/php/workspace/zd_app/ExamPlat/app/vendor/autoload.php was not found.
ERROR - 2017-08-02 20:13:14 --> $config['composer_autoload'] is set to TRUE but /Code/php/workspace/zd_app/ExamPlat/app/vendor/autoload.php was not found.
ERROR - 2017-08-02 20:13:37 --> $config['composer_autoload'] is set to TRUE but /Code/php/workspace/zd_app/ExamPlat/app/vendor/autoload.php was not found.
ERROR - 2017-08-02 20:13:52 --> $config['composer_autoload'] is set to TRUE but /Code/php/workspace/zd_app/ExamPlat/app/vendor/autoload.php was not found.
ERROR - 2017-08-02 20:13:52 --> $config['composer_autoload'] is set to TRUE but /Code/php/workspace/zd_app/ExamPlat/app/vendor/autoload.php was not found.
ERROR - 2017-08-02 20:13:52 --> 404 Page Not Found: Job/Test
ERROR - 2017-08-02 20:14:12 --> $config['composer_autoload'] is set to TRUE but /Code/php/workspace/zd_app/ExamPlat/app/vendor/autoload.php was not found.
ERROR - 2017-08-02 20:14:14 --> $config['composer_autoload'] is set to TRUE but /Code/php/workspace/zd_app/ExamPlat/app/vendor/autoload.php was not found.
ERROR - 2017-08-02 20:14:14 --> $config['composer_autoload'] is set to TRUE but /Code/php/workspace/zd_app/ExamPlat/app/vendor/autoload.php was not found.
ERROR - 2017-08-02 20:14:15 --> $config['composer_autoload'] is set to TRUE but /Code/php/workspace/zd_app/ExamPlat/app/vendor/autoload.php was not found.
ERROR - 2017-08-02 20:14:36 --> $config['composer_autoload'] is set to TRUE but /Code/php/workspace/zd_app/ExamPlat/app/vendor/autoload.php was not found.
ERROR - 2017-08-02 20:14:37 --> $config['composer_autoload'] is set to TRUE but /Code/php/workspace/zd_app/ExamPlat/app/vendor/autoload.php was not found.
ERROR - 2017-08-02 20:14:37 --> $config['composer_autoload'] is set to TRUE but /Code/php/workspace/zd_app/ExamPlat/app/vendor/autoload.php was not found.
ERROR - 2017-08-02 20:14:53 --> $config['composer_autoload'] is set to TRUE but /Code/php/workspace/zd_app/ExamPlat/app/vendor/autoload.php was not found.
ERROR - 2017-08-02 20:14:53 --> $config['composer_autoload'] is set to TRUE but /Code/php/workspace/zd_app/ExamPlat/app/vendor/autoload.php was not found.
ERROR - 2017-08-02 20:14:54 --> $config['composer_autoload'] is set to TRUE but /Code/php/workspace/zd_app/ExamPlat/app/vendor/autoload.php was not found.
ERROR - 2017-08-02 20:14:57 --> $config['composer_autoload'] is set to TRUE but /Code/php/workspace/zd_app/ExamPlat/app/vendor/autoload.php was not found.
ERROR - 2017-08-02 20:14:57 --> $config['composer_autoload'] is set to TRUE but /Code/php/workspace/zd_app/ExamPlat/app/vendor/autoload.php was not found.
ERROR - 2017-08-02 20:14:57 --> 404 Page Not Found: Job/Test
ERROR - 2017-08-02 20:15:14 --> $config['composer_autoload'] is set to TRUE but /Code/php/workspace/zd_app/ExamPlat/app/vendor/autoload.php was not found.
ERROR - 2017-08-02 20:15:15 --> $config['composer_autoload'] is set to TRUE but /Code/php/workspace/zd_app/ExamPlat/app/vendor/autoload.php was not found.
ERROR - 2017-08-02 20:15:15 --> $config['composer_autoload'] is set to TRUE but /Code/php/workspace/zd_app/ExamPlat/app/vendor/autoload.php was not found.
ERROR - 2017-08-02 20:15:17 --> $config['composer_autoload'] is set to TRUE but /Code/php/workspace/zd_app/ExamPlat/app/vendor/autoload.php was not found.
ERROR - 2017-08-02 20:51:50 --> $config['composer_autoload'] is set to TRUE but /Code/php/workspace/zd_app/ExamPlat/app/vendor/autoload.php was not found.
ERROR - 2017-08-02 20:52:40 --> $config['composer_autoload'] is set to TRUE but /Code/php/workspace/zd_app/ExamPlat/app/vendor/autoload.php was not found.
ERROR - 2017-08-02 20:52:40 --> $config['composer_autoload'] is set to TRUE but /Code/php/workspace/zd_app/ExamPlat/app/vendor/autoload.php was not found.
ERROR - 2017-08-02 20:52:41 --> $config['composer_autoload'] is set to TRUE but /Code/php/workspace/zd_app/ExamPlat/app/vendor/autoload.php was not found.
ERROR - 2017-08-02 20:52:41 --> 404 Page Not Found: Mock/images
ERROR - 2017-08-02 20:52:42 --> $config['composer_autoload'] is set to TRUE but /Code/php/workspace/zd_app/ExamPlat/app/vendor/autoload.php was not found.
ERROR - 2017-08-02 20:53:02 --> $config['composer_autoload'] is set to TRUE but /Code/php/workspace/zd_app/ExamPlat/app/vendor/autoload.php was not found.
ERROR - 2017-08-02 20:53:03 --> $config['composer_autoload'] is set to TRUE but /Code/php/workspace/zd_app/ExamPlat/app/vendor/autoload.php was not found.
ERROR - 2017-08-02 20:53:03 --> $config['composer_autoload'] is set to TRUE but /Code/php/workspace/zd_app/ExamPlat/app/vendor/autoload.php was not found.
ERROR - 2017-08-02 20:53:35 --> $config['composer_autoload'] is set to TRUE but /Code/php/workspace/zd_app/ExamPlat/app/vendor/autoload.php was not found.
ERROR - 2017-08-02 20:53:36 --> $config['composer_autoload'] is set to TRUE but /Code/php/workspace/zd_app/ExamPlat/app/vendor/autoload.php was not found.
ERROR - 2017-08-02 20:53:36 --> $config['composer_autoload'] is set to TRUE but /Code/php/workspace/zd_app/ExamPlat/app/vendor/autoload.php was not found.
ERROR - 2017-08-02 20:53:41 --> $config['composer_autoload'] is set to TRUE but /Code/php/workspace/zd_app/ExamPlat/app/vendor/autoload.php was not found.
ERROR - 2017-08-02 20:53:44 --> $config['composer_autoload'] is set to TRUE but /Code/php/workspace/zd_app/ExamPlat/app/vendor/autoload.php was not found.
ERROR - 2017-08-02 20:53:47 --> $config['composer_autoload'] is set to TRUE but /Code/php/workspace/zd_app/ExamPlat/app/vendor/autoload.php was not found.
ERROR - 2017-08-02 20:55:44 --> $config['composer_autoload'] is set to TRUE but /Code/php/workspace/zd_app/ExamPlat/app/vendor/autoload.php was not found.
ERROR - 2017-08-02 20:55:46 --> $config['composer_autoload'] is set to TRUE but /Code/php/workspace/zd_app/ExamPlat/app/vendor/autoload.php was not found.
ERROR - 2017-08-02 20:56:31 --> $config['composer_autoload'] is set to TRUE but /Code/php/workspace/zd_app/ExamPlat/app/vendor/autoload.php was not found.
ERROR - 2017-08-02 20:56:32 --> $config['composer_autoload'] is set to TRUE but /Code/php/workspace/zd_app/ExamPlat/app/vendor/autoload.php was not found.
ERROR - 2017-08-02 20:57:35 --> $config['composer_autoload'] is set to TRUE but /Code/php/workspace/zd_app/ExamPlat/app/vendor/autoload.php was not found.
ERROR - 2017-08-02 20:57:36 --> $config['composer_autoload'] is set to TRUE but /Code/php/workspace/zd_app/ExamPlat/app/vendor/autoload.php was not found.
ERROR - 2017-08-02 20:57:36 --> $config['composer_autoload'] is set to TRUE but /Code/php/workspace/zd_app/ExamPlat/app/vendor/autoload.php was not found.
ERROR - 2017-08-02 20:57:38 --> $config['composer_autoload'] is set to TRUE but /Code/php/workspace/zd_app/ExamPlat/app/vendor/autoload.php was not found.
ERROR - 2017-08-02 20:57:42 --> $config['composer_autoload'] is set to TRUE but /Code/php/workspace/zd_app/ExamPlat/app/vendor/autoload.php was not found.
ERROR - 2017-08-02 20:57:43 --> $config['composer_autoload'] is set to TRUE but /Code/php/workspace/zd_app/ExamPlat/app/vendor/autoload.php was not found.
ERROR - 2017-08-02 20:58:05 --> $config['composer_autoload'] is set to TRUE but /Code/php/workspace/zd_app/ExamPlat/app/vendor/autoload.php was not found.
ERROR - 2017-08-02 20:58:06 --> $config['composer_autoload'] is set to TRUE but /Code/php/workspace/zd_app/ExamPlat/app/vendor/autoload.php was not found.
ERROR - 2017-08-02 20:58:10 --> $config['composer_autoload'] is set to TRUE but /Code/php/workspace/zd_app/ExamPlat/app/vendor/autoload.php was not found.
ERROR - 2017-08-02 20:58:24 --> $config['composer_autoload'] is set to TRUE but /Code/php/workspace/zd_app/ExamPlat/app/vendor/autoload.php was not found.
ERROR - 2017-08-02 20:58:27 --> $config['composer_autoload'] is set to TRUE but /Code/php/workspace/zd_app/ExamPlat/app/vendor/autoload.php was not found.
ERROR - 2017-08-02 20:58:32 --> $config['composer_autoload'] is set to TRUE but /Code/php/workspace/zd_app/ExamPlat/app/vendor/autoload.php was not found.
ERROR - 2017-08-02 20:58:33 --> $config['composer_autoload'] is set to TRUE but /Code/php/workspace/zd_app/ExamPlat/app/vendor/autoload.php was not found.
ERROR - 2017-08-02 20:58:36 --> $config['composer_autoload'] is set to TRUE but /Code/php/workspace/zd_app/ExamPlat/app/vendor/autoload.php was not found.
ERROR - 2017-08-02 20:58:40 --> $config['composer_autoload'] is set to TRUE but /Code/php/workspace/zd_app/ExamPlat/app/vendor/autoload.php was not found.
ERROR - 2017-08-02 20:58:42 --> $config['composer_autoload'] is set to TRUE but /Code/php/workspace/zd_app/ExamPlat/app/vendor/autoload.php was not found.
ERROR - 2017-08-02 20:58:47 --> $config['composer_autoload'] is set to TRUE but /Code/php/workspace/zd_app/ExamPlat/app/vendor/autoload.php was not found.
ERROR - 2017-08-02 20:58:48 --> $config['composer_autoload'] is set to TRUE but /Code/php/workspace/zd_app/ExamPlat/app/vendor/autoload.php was not found.
ERROR - 2017-08-02 20:58:49 --> $config['composer_autoload'] is set to TRUE but /Code/php/workspace/zd_app/ExamPlat/app/vendor/autoload.php was not found.
ERROR - 2017-08-02 20:58:55 --> $config['composer_autoload'] is set to TRUE but /Code/php/workspace/zd_app/ExamPlat/app/vendor/autoload.php was not found.
ERROR - 2017-08-02 20:58:57 --> $config['composer_autoload'] is set to TRUE but /Code/php/workspace/zd_app/ExamPlat/app/vendor/autoload.php was not found.
ERROR - 2017-08-02 20:58:59 --> $config['composer_autoload'] is set to TRUE but /Code/php/workspace/zd_app/ExamPlat/app/vendor/autoload.php was not found.
ERROR - 2017-08-02 21:00:14 --> $config['composer_autoload'] is set to TRUE but /Code/php/workspace/zd_app/ExamPlat/app/vendor/autoload.php was not found.
ERROR - 2017-08-02 21:00:15 --> $config['composer_autoload'] is set to TRUE but /Code/php/workspace/zd_app/ExamPlat/app/vendor/autoload.php was not found.
ERROR - 2017-08-02 21:00:52 --> $config['composer_autoload'] is set to TRUE but /Code/php/workspace/zd_app/ExamPlat/app/vendor/autoload.php was not found.
ERROR - 2017-08-02 21:00:54 --> $config['composer_autoload'] is set to TRUE but /Code/php/workspace/zd_app/ExamPlat/app/vendor/autoload.php was not found.
ERROR - 2017-08-02 21:00:56 --> $config['composer_autoload'] is set to TRUE but /Code/php/workspace/zd_app/ExamPlat/app/vendor/autoload.php was not found.
ERROR - 2017-08-02 21:00:59 --> $config['composer_autoload'] is set to TRUE but /Code/php/workspace/zd_app/ExamPlat/app/vendor/autoload.php was not found.
ERROR - 2017-08-02 21:01:00 --> $config['composer_autoload'] is set to TRUE but /Code/php/workspace/zd_app/ExamPlat/app/vendor/autoload.php was not found.
ERROR - 2017-08-02 21:01:04 --> $config['composer_autoload'] is set to TRUE but /Code/php/workspace/zd_app/ExamPlat/app/vendor/autoload.php was not found.
ERROR - 2017-08-02 21:01:06 --> $config['composer_autoload'] is set to TRUE but /Code/php/workspace/zd_app/ExamPlat/app/vendor/autoload.php was not found.
ERROR - 2017-08-02 21:01:06 --> $config['composer_autoload'] is set to TRUE but /Code/php/workspace/zd_app/ExamPlat/app/vendor/autoload.php was not found.
ERROR - 2017-08-02 21:01:07 --> $config['composer_autoload'] is set to TRUE but /Code/php/workspace/zd_app/ExamPlat/app/vendor/autoload.php was not found.
ERROR - 2017-08-02 21:01:10 --> $config['composer_autoload'] is set to TRUE but /Code/php/workspace/zd_app/ExamPlat/app/vendor/autoload.php was not found.
ERROR - 2017-08-02 21:01:10 --> $config['composer_autoload'] is set to TRUE but /Code/php/workspace/zd_app/ExamPlat/app/vendor/autoload.php was not found.
ERROR - 2017-08-02 21:01:11 --> $config['composer_autoload'] is set to TRUE but /Code/php/workspace/zd_app/ExamPlat/app/vendor/autoload.php was not found.
ERROR - 2017-08-02 21:01:12 --> $config['composer_autoload'] is set to TRUE but /Code/php/workspace/zd_app/ExamPlat/app/vendor/autoload.php was not found.
ERROR - 2017-08-02 21:01:13 --> $config['composer_autoload'] is set to TRUE but /Code/php/workspace/zd_app/ExamPlat/app/vendor/autoload.php was not found.
ERROR - 2017-08-02 21:01:15 --> $config['composer_autoload'] is set to TRUE but /Code/php/workspace/zd_app/ExamPlat/app/vendor/autoload.php was not found.
ERROR - 2017-08-02 21:01:17 --> $config['composer_autoload'] is set to TRUE but /Code/php/workspace/zd_app/ExamPlat/app/vendor/autoload.php was not found.
ERROR - 2017-08-02 21:01:52 --> $config['composer_autoload'] is set to TRUE but /Code/php/workspace/zd_app/ExamPlat/app/vendor/autoload.php was not found.
ERROR - 2017-08-02 21:01:54 --> $config['composer_autoload'] is set to TRUE but /Code/php/workspace/zd_app/ExamPlat/app/vendor/autoload.php was not found.
ERROR - 2017-08-02 21:01:55 --> $config['composer_autoload'] is set to TRUE but /Code/php/workspace/zd_app/ExamPlat/app/vendor/autoload.php was not found.
ERROR - 2017-08-02 21:01:57 --> $config['composer_autoload'] is set to TRUE but /Code/php/workspace/zd_app/ExamPlat/app/vendor/autoload.php was not found.
ERROR - 2017-08-02 21:03:47 --> $config['composer_autoload'] is set to TRUE but /Code/php/workspace/zd_app/ExamPlat/app/vendor/autoload.php was not found.
ERROR - 2017-08-02 21:03:48 --> $config['composer_autoload'] is set to TRUE but /Code/php/workspace/zd_app/ExamPlat/app/vendor/autoload.php was not found.
ERROR - 2017-08-02 21:03:52 --> $config['composer_autoload'] is set to TRUE but /Code/php/workspace/zd_app/ExamPlat/app/vendor/autoload.php was not found.
ERROR - 2017-08-02 21:03:53 --> $config['composer_autoload'] is set to TRUE but /Code/php/workspace/zd_app/ExamPlat/app/vendor/autoload.php was not found.
ERROR - 2017-08-02 21:05:37 --> $config['composer_autoload'] is set to TRUE but /Code/php/workspace/zd_app/ExamPlat/app/vendor/autoload.php was not found.
ERROR - 2017-08-02 21:05:38 --> $config['composer_autoload'] is set to TRUE but /Code/php/workspace/zd_app/ExamPlat/app/vendor/autoload.php was not found.
ERROR - 2017-08-02 21:05:38 --> Severity: Warning --> Invalid argument supplied for foreach() /Code/php/workspace/zd_app/ExamPlat/gui/student/reading/read_type_radio.php 38
ERROR - 2017-08-02 21:06:50 --> $config['composer_autoload'] is set to TRUE but /Code/php/workspace/zd_app/ExamPlat/app/vendor/autoload.php was not found.
ERROR - 2017-08-02 21:06:51 --> $config['composer_autoload'] is set to TRUE but /Code/php/workspace/zd_app/ExamPlat/app/vendor/autoload.php was not found.
ERROR - 2017-08-02 21:07:04 --> $config['composer_autoload'] is set to TRUE but /Code/php/workspace/zd_app/ExamPlat/app/vendor/autoload.php was not found.
ERROR - 2017-08-02 21:07:05 --> $config['composer_autoload'] is set to TRUE but /Code/php/workspace/zd_app/ExamPlat/app/vendor/autoload.php was not found.
ERROR - 2017-08-02 21:08:32 --> $config['composer_autoload'] is set to TRUE but /Code/php/workspace/zd_app/ExamPlat/app/vendor/autoload.php was not found.
ERROR - 2017-08-02 21:08:33 --> $config['composer_autoload'] is set to TRUE but /Code/php/workspace/zd_app/ExamPlat/app/vendor/autoload.php was not found.
ERROR - 2017-08-02 21:09:04 --> $config['composer_autoload'] is set to TRUE but /Code/php/workspace/zd_app/ExamPlat/app/vendor/autoload.php was not found.
ERROR - 2017-08-02 21:09:06 --> $config['composer_autoload'] is set to TRUE but /Code/php/workspace/zd_app/ExamPlat/app/vendor/autoload.php was not found.
ERROR - 2017-08-02 21:09:16 --> $config['composer_autoload'] is set to TRUE but /Code/php/workspace/zd_app/ExamPlat/app/vendor/autoload.php was not found.
ERROR - 2017-08-02 21:09:17 --> $config['composer_autoload'] is set to TRUE but /Code/php/workspace/zd_app/ExamPlat/app/vendor/autoload.php was not found.
ERROR - 2017-08-02 21:09:59 --> $config['composer_autoload'] is set to TRUE but /Code/php/workspace/zd_app/ExamPlat/app/vendor/autoload.php was not found.
ERROR - 2017-08-02 21:10:00 --> $config['composer_autoload'] is set to TRUE but /Code/php/workspace/zd_app/ExamPlat/app/vendor/autoload.php was not found.
ERROR - 2017-08-02 21:10:12 --> $config['composer_autoload'] is set to TRUE but /Code/php/workspace/zd_app/ExamPlat/app/vendor/autoload.php was not found.
ERROR - 2017-08-02 21:10:13 --> $config['composer_autoload'] is set to TRUE but /Code/php/workspace/zd_app/ExamPlat/app/vendor/autoload.php was not found.
ERROR - 2017-08-02 21:10:21 --> $config['composer_autoload'] is set to TRUE but /Code/php/workspace/zd_app/ExamPlat/app/vendor/autoload.php was not found.
ERROR - 2017-08-02 21:10:22 --> $config['composer_autoload'] is set to TRUE but /Code/php/workspace/zd_app/ExamPlat/app/vendor/autoload.php was not found.
ERROR - 2017-08-02 21:10:23 --> $config['composer_autoload'] is set to TRUE but /Code/php/workspace/zd_app/ExamPlat/app/vendor/autoload.php was not found.
ERROR - 2017-08-02 21:10:55 --> $config['composer_autoload'] is set to TRUE but /Code/php/workspace/zd_app/ExamPlat/app/vendor/autoload.php was not found.
ERROR - 2017-08-02 21:10:58 --> $config['composer_autoload'] is set to TRUE but /Code/php/workspace/zd_app/ExamPlat/app/vendor/autoload.php was not found.
ERROR - 2017-08-02 21:11:00 --> $config['composer_autoload'] is set to TRUE but /Code/php/workspace/zd_app/ExamPlat/app/vendor/autoload.php was not found.
ERROR - 2017-08-02 21:11:01 --> $config['composer_autoload'] is set to TRUE but /Code/php/workspace/zd_app/ExamPlat/app/vendor/autoload.php was not found.
ERROR - 2017-08-02 21:11:03 --> $config['composer_autoload'] is set to TRUE but /Code/php/workspace/zd_app/ExamPlat/app/vendor/autoload.php was not found.
ERROR - 2017-08-02 21:11:06 --> $config['composer_autoload'] is set to TRUE but /Code/php/workspace/zd_app/ExamPlat/app/vendor/autoload.php was not found.
ERROR - 2017-08-02 21:11:10 --> $config['composer_autoload'] is set to TRUE but /Code/php/workspace/zd_app/ExamPlat/app/vendor/autoload.php was not found.
ERROR - 2017-08-02 21:11:19 --> $config['composer_autoload'] is set to TRUE but /Code/php/workspace/zd_app/ExamPlat/app/vendor/autoload.php was not found.
ERROR - 2017-08-02 21:11:24 --> $config['composer_autoload'] is set to TRUE but /Code/php/workspace/zd_app/ExamPlat/app/vendor/autoload.php was not found.
ERROR - 2017-08-02 21:11:25 --> $config['composer_autoload'] is set to TRUE but /Code/php/workspace/zd_app/ExamPlat/app/vendor/autoload.php was not found.
ERROR - 2017-08-02 21:13:22 --> $config['composer_autoload'] is set to TRUE but /Code/php/workspace/zd_app/ExamPlat/app/vendor/autoload.php was not found.
ERROR - 2017-08-02 21:13:23 --> $config['composer_autoload'] is set to TRUE but /Code/php/workspace/zd_app/ExamPlat/app/vendor/autoload.php was not found.
ERROR - 2017-08-02 21:13:27 --> $config['composer_autoload'] is set to TRUE but /Code/php/workspace/zd_app/ExamPlat/app/vendor/autoload.php was not found.
ERROR - 2017-08-02 21:14:06 --> $config['composer_autoload'] is set to TRUE but /Code/php/workspace/zd_app/ExamPlat/app/vendor/autoload.php was not found.
ERROR - 2017-08-02 21:14:06 --> $config['composer_autoload'] is set to TRUE but /Code/php/workspace/zd_app/ExamPlat/app/vendor/autoload.php was not found.
ERROR - 2017-08-02 21:14:10 --> $config['composer_autoload'] is set to TRUE but /Code/php/workspace/zd_app/ExamPlat/app/vendor/autoload.php was not found.
ERROR - 2017-08-02 21:14:16 --> $config['composer_autoload'] is set to TRUE but /Code/php/workspace/zd_app/ExamPlat/app/vendor/autoload.php was not found.
ERROR - 2017-08-02 21:14:27 --> $config['composer_autoload'] is set to TRUE but /Code/php/workspace/zd_app/ExamPlat/app/vendor/autoload.php was not found.
