ERROR - 2017-07-02 09:28:29 --> $config['composer_autoload'] is set to TRUE but /Code/PHP/zd_app/code/ExamPlat/app/vendor/autoload.php was not found.
ERROR - 2017-07-02 09:28:30 --> $config['composer_autoload'] is set to TRUE but /Code/PHP/zd_app/code/ExamPlat/app/vendor/autoload.php was not found.
ERROR - 2017-07-02 09:28:30 --> $config['composer_autoload'] is set to TRUE but /Code/PHP/zd_app/code/ExamPlat/app/vendor/autoload.php was not found.
ERROR - 2017-07-02 09:28:42 --> $config['composer_autoload'] is set to TRUE but /Code/PHP/zd_app/code/ExamPlat/app/vendor/autoload.php was not found.
ERROR - 2017-07-02 09:28:44 --> $config['composer_autoload'] is set to TRUE but /Code/PHP/zd_app/code/ExamPlat/app/vendor/autoload.php was not found.
ERROR - 2017-07-02 09:29:22 --> $config['composer_autoload'] is set to TRUE but /Code/PHP/zd_app/code/ExamPlat/app/vendor/autoload.php was not found.
ERROR - 2017-07-02 09:29:22 --> $config['composer_autoload'] is set to TRUE but /Code/PHP/zd_app/code/ExamPlat/app/vendor/autoload.php was not found.
ERROR - 2017-07-02 09:29:23 --> $config['composer_autoload'] is set to TRUE but /Code/PHP/zd_app/code/ExamPlat/app/vendor/autoload.php was not found.
ERROR - 2017-07-02 09:46:27 --> $config['composer_autoload'] is set to TRUE but /Code/PHP/zd_app/code/ExamPlat/app/vendor/autoload.php was not found.
ERROR - 2017-07-02 09:49:11 --> $config['composer_autoload'] is set to TRUE but /Code/PHP/zd_app/code/ExamPlat/app/vendor/autoload.php was not found.
ERROR - 2017-07-02 09:49:12 --> $config['composer_autoload'] is set to TRUE but /Code/PHP/zd_app/code/ExamPlat/app/vendor/autoload.php was not found.
ERROR - 2017-07-02 09:49:13 --> $config['composer_autoload'] is set to TRUE but /Code/PHP/zd_app/code/ExamPlat/app/vendor/autoload.php was not found.
ERROR - 2017-07-02 09:49:24 --> $config['composer_autoload'] is set to TRUE but /Code/PHP/zd_app/code/ExamPlat/app/vendor/autoload.php was not found.
ERROR - 2017-07-02 09:49:25 --> $config['composer_autoload'] is set to TRUE but /Code/PHP/zd_app/code/ExamPlat/app/vendor/autoload.php was not found.
ERROR - 2017-07-02 09:50:05 --> $config['composer_autoload'] is set to TRUE but /Code/PHP/zd_app/code/ExamPlat/app/vendor/autoload.php was not found.
ERROR - 2017-07-02 09:50:05 --> $config['composer_autoload'] is set to TRUE but /Code/PHP/zd_app/code/ExamPlat/app/vendor/autoload.php was not found.
ERROR - 2017-07-02 09:50:05 --> Severity: Notice --> Undefined index: student /Code/PHP/zd_app/code/ExamPlat/app/models/student/Mock.php 364
ERROR - 2017-07-02 09:50:05 --> Severity: Notice --> Undefined index: student /Code/PHP/zd_app/code/ExamPlat/app/models/student/Mock.php 365
ERROR - 2017-07-02 09:50:05 --> The upload destination folder does not appear to be writable.
ERROR - 2017-07-02 09:52:37 --> $config['composer_autoload'] is set to TRUE but /Code/PHP/zd_app/code/ExamPlat/app/vendor/autoload.php was not found.
ERROR - 2017-07-02 09:52:39 --> $config['composer_autoload'] is set to TRUE but /Code/PHP/zd_app/code/ExamPlat/app/vendor/autoload.php was not found.
ERROR - 2017-07-02 09:52:39 --> $config['composer_autoload'] is set to TRUE but /Code/PHP/zd_app/code/ExamPlat/app/vendor/autoload.php was not found.
ERROR - 2017-07-02 09:52:54 --> $config['composer_autoload'] is set to TRUE but /Code/PHP/zd_app/code/ExamPlat/app/vendor/autoload.php was not found.
ERROR - 2017-07-02 09:52:55 --> $config['composer_autoload'] is set to TRUE but /Code/PHP/zd_app/code/ExamPlat/app/vendor/autoload.php was not found.
ERROR - 2017-07-02 09:53:33 --> $config['composer_autoload'] is set to TRUE but /Code/PHP/zd_app/code/ExamPlat/app/vendor/autoload.php was not found.
ERROR - 2017-07-02 09:53:33 --> $config['composer_autoload'] is set to TRUE but /Code/PHP/zd_app/code/ExamPlat/app/vendor/autoload.php was not found.
ERROR - 2017-07-02 09:53:33 --> Severity: Notice --> Undefined index: student /Code/PHP/zd_app/code/ExamPlat/app/models/student/Mock.php 364
ERROR - 2017-07-02 09:53:33 --> Severity: Notice --> Undefined index: student /Code/PHP/zd_app/code/ExamPlat/app/models/student/Mock.php 365
ERROR - 2017-07-02 09:53:33 --> The upload destination folder does not appear to be writable.
ERROR - 2017-07-02 09:58:42 --> $config['composer_autoload'] is set to TRUE but /Code/PHP/zd_app/code/ExamPlat/app/vendor/autoload.php was not found.
ERROR - 2017-07-02 09:58:44 --> $config['composer_autoload'] is set to TRUE but /Code/PHP/zd_app/code/ExamPlat/app/vendor/autoload.php was not found.
ERROR - 2017-07-02 09:58:44 --> $config['composer_autoload'] is set to TRUE but /Code/PHP/zd_app/code/ExamPlat/app/vendor/autoload.php was not found.
ERROR - 2017-07-02 09:58:51 --> $config['composer_autoload'] is set to TRUE but /Code/PHP/zd_app/code/ExamPlat/app/vendor/autoload.php was not found.
ERROR - 2017-07-02 09:58:52 --> $config['composer_autoload'] is set to TRUE but /Code/PHP/zd_app/code/ExamPlat/app/vendor/autoload.php was not found.
ERROR - 2017-07-02 09:59:29 --> $config['composer_autoload'] is set to TRUE but /Code/PHP/zd_app/code/ExamPlat/app/vendor/autoload.php was not found.
ERROR - 2017-07-02 09:59:29 --> $config['composer_autoload'] is set to TRUE but /Code/PHP/zd_app/code/ExamPlat/app/vendor/autoload.php was not found.
ERROR - 2017-07-02 09:59:29 --> Severity: Notice --> Undefined index: student /Code/PHP/zd_app/code/ExamPlat/app/models/student/Mock.php 364
ERROR - 2017-07-02 09:59:29 --> Severity: Notice --> Undefined index: student /Code/PHP/zd_app/code/ExamPlat/app/models/student/Mock.php 365
ERROR - 2017-07-02 09:59:29 --> The upload destination folder does not appear to be writable.
ERROR - 2017-07-02 10:01:01 --> $config['composer_autoload'] is set to TRUE but /Code/PHP/zd_app/code/ExamPlat/app/vendor/autoload.php was not found.
ERROR - 2017-07-02 10:05:56 --> $config['composer_autoload'] is set to TRUE but /Code/PHP/zd_app/code/ExamPlat/app/vendor/autoload.php was not found.
ERROR - 2017-07-02 10:05:58 --> $config['composer_autoload'] is set to TRUE but /Code/PHP/zd_app/code/ExamPlat/app/vendor/autoload.php was not found.
ERROR - 2017-07-02 10:05:58 --> $config['composer_autoload'] is set to TRUE but /Code/PHP/zd_app/code/ExamPlat/app/vendor/autoload.php was not found.
ERROR - 2017-07-02 10:06:04 --> $config['composer_autoload'] is set to TRUE but /Code/PHP/zd_app/code/ExamPlat/app/vendor/autoload.php was not found.
ERROR - 2017-07-02 10:06:05 --> $config['composer_autoload'] is set to TRUE but /Code/PHP/zd_app/code/ExamPlat/app/vendor/autoload.php was not found.
ERROR - 2017-07-02 10:06:42 --> $config['composer_autoload'] is set to TRUE but /Code/PHP/zd_app/code/ExamPlat/app/vendor/autoload.php was not found.
ERROR - 2017-07-02 10:06:42 --> $config['composer_autoload'] is set to TRUE but /Code/PHP/zd_app/code/ExamPlat/app/vendor/autoload.php was not found.
ERROR - 2017-07-02 10:06:42 --> Severity: Notice --> Undefined index: student /Code/PHP/zd_app/code/ExamPlat/app/models/student/Mock.php 364
ERROR - 2017-07-02 10:06:42 --> Severity: Notice --> Undefined index: student /Code/PHP/zd_app/code/ExamPlat/app/models/student/Mock.php 365
ERROR - 2017-07-02 10:06:42 --> The upload destination folder does not appear to be writable.
ERROR - 2017-07-02 10:09:37 --> $config['composer_autoload'] is set to TRUE but /Code/PHP/zd_app/code/ExamPlat/app/vendor/autoload.php was not found.
ERROR - 2017-07-02 10:09:37 --> $config['composer_autoload'] is set to TRUE but /Code/PHP/zd_app/code/ExamPlat/app/vendor/autoload.php was not found.
ERROR - 2017-07-02 10:09:37 --> $config['composer_autoload'] is set to TRUE but /Code/PHP/zd_app/code/ExamPlat/app/vendor/autoload.php was not found.
ERROR - 2017-07-02 10:09:44 --> $config['composer_autoload'] is set to TRUE but /Code/PHP/zd_app/code/ExamPlat/app/vendor/autoload.php was not found.
ERROR - 2017-07-02 10:09:45 --> $config['composer_autoload'] is set to TRUE but /Code/PHP/zd_app/code/ExamPlat/app/vendor/autoload.php was not found.
ERROR - 2017-07-02 10:10:10 --> $config['composer_autoload'] is set to TRUE but /Code/PHP/zd_app/code/ExamPlat/app/vendor/autoload.php was not found.
ERROR - 2017-07-02 10:10:12 --> $config['composer_autoload'] is set to TRUE but /Code/PHP/zd_app/code/ExamPlat/app/vendor/autoload.php was not found.
ERROR - 2017-07-02 10:10:12 --> $config['composer_autoload'] is set to TRUE but /Code/PHP/zd_app/code/ExamPlat/app/vendor/autoload.php was not found.
ERROR - 2017-07-02 10:10:18 --> $config['composer_autoload'] is set to TRUE but /Code/PHP/zd_app/code/ExamPlat/app/vendor/autoload.php was not found.
ERROR - 2017-07-02 10:10:21 --> $config['composer_autoload'] is set to TRUE but /Code/PHP/zd_app/code/ExamPlat/app/vendor/autoload.php was not found.
ERROR - 2017-07-02 10:10:58 --> $config['composer_autoload'] is set to TRUE but /Code/PHP/zd_app/code/ExamPlat/app/vendor/autoload.php was not found.
ERROR - 2017-07-02 10:10:58 --> $config['composer_autoload'] is set to TRUE but /Code/PHP/zd_app/code/ExamPlat/app/vendor/autoload.php was not found.
ERROR - 2017-07-02 10:10:58 --> Severity: Notice --> Undefined index: student /Code/PHP/zd_app/code/ExamPlat/app/models/student/Mock.php 364
ERROR - 2017-07-02 10:10:58 --> Severity: Notice --> Undefined index: student /Code/PHP/zd_app/code/ExamPlat/app/models/student/Mock.php 365
ERROR - 2017-07-02 10:10:58 --> The upload destination folder does not appear to be writable.
ERROR - 2017-07-02 10:10:58 --> Severity: Notice --> Undefined index: student /Code/PHP/zd_app/code/ExamPlat/app/models/student/Mock.php 386
ERROR - 2017-07-02 10:22:27 --> $config['composer_autoload'] is set to TRUE but /Code/PHP/zd_app/code/ExamPlat/app/vendor/autoload.php was not found.
ERROR - 2017-07-02 10:22:28 --> $config['composer_autoload'] is set to TRUE but /Code/PHP/zd_app/code/ExamPlat/app/vendor/autoload.php was not found.
ERROR - 2017-07-02 10:22:28 --> $config['composer_autoload'] is set to TRUE but /Code/PHP/zd_app/code/ExamPlat/app/vendor/autoload.php was not found.
ERROR - 2017-07-02 10:22:35 --> $config['composer_autoload'] is set to TRUE but /Code/PHP/zd_app/code/ExamPlat/app/vendor/autoload.php was not found.
ERROR - 2017-07-02 10:22:36 --> $config['composer_autoload'] is set to TRUE but /Code/PHP/zd_app/code/ExamPlat/app/vendor/autoload.php was not found.
ERROR - 2017-07-02 10:23:13 --> $config['composer_autoload'] is set to TRUE but /Code/PHP/zd_app/code/ExamPlat/app/vendor/autoload.php was not found.
ERROR - 2017-07-02 10:23:13 --> $config['composer_autoload'] is set to TRUE but /Code/PHP/zd_app/code/ExamPlat/app/vendor/autoload.php was not found.
ERROR - 2017-07-02 10:23:13 --> Severity: Notice --> Undefined index: student /Code/PHP/zd_app/code/ExamPlat/app/models/student/Mock.php 364
ERROR - 2017-07-02 10:23:13 --> Severity: Notice --> Undefined index: student /Code/PHP/zd_app/code/ExamPlat/app/models/student/Mock.php 365
ERROR - 2017-07-02 10:23:13 --> The upload destination folder does not appear to be writable.
ERROR - 2017-07-02 10:23:13 --> Severity: Notice --> Undefined index: student /Code/PHP/zd_app/code/ExamPlat/app/models/student/Mock.php 386
ERROR - 2017-07-02 10:29:56 --> $config['composer_autoload'] is set to TRUE but /Code/PHP/zd_app/code/ExamPlat/app/vendor/autoload.php was not found.
ERROR - 2017-07-02 10:29:56 --> Severity: Notice --> Undefined variable: student /Code/PHP/zd_app/code/ExamPlat/app/models/student/Login.php 52
ERROR - 2017-07-02 10:29:56 --> Severity: Notice --> Undefined variable: student /Code/PHP/zd_app/code/ExamPlat/app/models/student/Login.php 53
ERROR - 2017-07-02 10:29:56 --> Severity: Notice --> Undefined variable: student /Code/PHP/zd_app/code/ExamPlat/app/models/student/Login.php 54
ERROR - 2017-07-02 10:29:56 --> Severity: Notice --> Undefined variable: student /Code/PHP/zd_app/code/ExamPlat/app/models/student/Login.php 55
ERROR - 2017-07-02 10:29:56 --> Severity: Notice --> Undefined variable: student /Code/PHP/zd_app/code/ExamPlat/app/models/student/Login.php 56
ERROR - 2017-07-02 10:29:57 --> $config['composer_autoload'] is set to TRUE but /Code/PHP/zd_app/code/ExamPlat/app/vendor/autoload.php was not found.
ERROR - 2017-07-02 10:29:57 --> 404 Page Not Found: Faviconico/index
ERROR - 2017-07-02 10:30:37 --> $config['composer_autoload'] is set to TRUE but /Code/PHP/zd_app/code/ExamPlat/app/vendor/autoload.php was not found.
ERROR - 2017-07-02 10:30:37 --> $config['composer_autoload'] is set to TRUE but /Code/PHP/zd_app/code/ExamPlat/app/vendor/autoload.php was not found.
ERROR - 2017-07-02 10:30:37 --> 404 Page Not Found: Mock/images
ERROR - 2017-07-02 10:30:40 --> $config['composer_autoload'] is set to TRUE but /Code/PHP/zd_app/code/ExamPlat/app/vendor/autoload.php was not found.
ERROR - 2017-07-02 10:31:26 --> $config['composer_autoload'] is set to TRUE but /Code/PHP/zd_app/code/ExamPlat/app/vendor/autoload.php was not found.
ERROR - 2017-07-02 10:31:28 --> $config['composer_autoload'] is set to TRUE but /Code/PHP/zd_app/code/ExamPlat/app/vendor/autoload.php was not found.
ERROR - 2017-07-02 10:34:15 --> $config['composer_autoload'] is set to TRUE but /Code/PHP/zd_app/code/ExamPlat/app/vendor/autoload.php was not found.
ERROR - 2017-07-02 10:34:15 --> Severity: Parsing Error --> parse error /Code/PHP/zd_app/code/ExamPlat/app/models/student/Login.php 34
ERROR - 2017-07-02 10:34:21 --> $config['composer_autoload'] is set to TRUE but /Code/PHP/zd_app/code/ExamPlat/app/vendor/autoload.php was not found.
ERROR - 2017-07-02 10:34:21 --> Severity: Parsing Error --> parse error /Code/PHP/zd_app/code/ExamPlat/app/models/student/Login.php 34
ERROR - 2017-07-02 10:34:31 --> $config['composer_autoload'] is set to TRUE but /Code/PHP/zd_app/code/ExamPlat/app/vendor/autoload.php was not found.
ERROR - 2017-07-02 10:34:33 --> $config['composer_autoload'] is set to TRUE but /Code/PHP/zd_app/code/ExamPlat/app/vendor/autoload.php was not found.
ERROR - 2017-07-02 10:35:04 --> $config['composer_autoload'] is set to TRUE but /Code/PHP/zd_app/code/ExamPlat/app/vendor/autoload.php was not found.
ERROR - 2017-07-02 10:35:14 --> $config['composer_autoload'] is set to TRUE but /Code/PHP/zd_app/code/ExamPlat/app/vendor/autoload.php was not found.
ERROR - 2017-07-02 10:35:16 --> $config['composer_autoload'] is set to TRUE but /Code/PHP/zd_app/code/ExamPlat/app/vendor/autoload.php was not found.
ERROR - 2017-07-02 10:40:02 --> $config['composer_autoload'] is set to TRUE but /Code/PHP/zd_app/code/ExamPlat/app/vendor/autoload.php was not found.
ERROR - 2017-07-02 10:40:04 --> $config['composer_autoload'] is set to TRUE but /Code/PHP/zd_app/code/ExamPlat/app/vendor/autoload.php was not found.
ERROR - 2017-07-02 10:40:04 --> Severity: Warning --> fopen(/code/php/zd_app/code/ExamPlat/./job/Sandy/testfile.txt): failed to open stream: No such file or directory /Code/PHP/zd_app/code/ExamPlat/app/models/student/Login.php 33
ERROR - 2017-07-02 10:40:04 --> Severity: Warning --> fwrite() expects parameter 1 to be resource, boolean given /Code/PHP/zd_app/code/ExamPlat/app/models/student/Login.php 34
ERROR - 2017-07-02 10:40:04 --> Severity: Warning --> fclose() expects parameter 1 to be resource, boolean given /Code/PHP/zd_app/code/ExamPlat/app/models/student/Login.php 35
ERROR - 2017-07-02 10:40:33 --> $config['composer_autoload'] is set to TRUE but /Code/PHP/zd_app/code/ExamPlat/app/vendor/autoload.php was not found.
ERROR - 2017-07-02 10:40:34 --> $config['composer_autoload'] is set to TRUE but /Code/PHP/zd_app/code/ExamPlat/app/vendor/autoload.php was not found.
ERROR - 2017-07-02 10:42:20 --> $config['composer_autoload'] is set to TRUE but /Code/PHP/zd_app/code/ExamPlat/app/vendor/autoload.php was not found.
ERROR - 2017-07-02 10:42:21 --> $config['composer_autoload'] is set to TRUE but /Code/PHP/zd_app/code/ExamPlat/app/vendor/autoload.php was not found.
ERROR - 2017-07-02 10:42:21 --> $config['composer_autoload'] is set to TRUE but /Code/PHP/zd_app/code/ExamPlat/app/vendor/autoload.php was not found.
ERROR - 2017-07-02 10:42:29 --> $config['composer_autoload'] is set to TRUE but /Code/PHP/zd_app/code/ExamPlat/app/vendor/autoload.php was not found.
ERROR - 2017-07-02 10:42:30 --> $config['composer_autoload'] is set to TRUE but /Code/PHP/zd_app/code/ExamPlat/app/vendor/autoload.php was not found.
ERROR - 2017-07-02 10:43:07 --> $config['composer_autoload'] is set to TRUE but /Code/PHP/zd_app/code/ExamPlat/app/vendor/autoload.php was not found.
ERROR - 2017-07-02 10:43:07 --> $config['composer_autoload'] is set to TRUE but /Code/PHP/zd_app/code/ExamPlat/app/vendor/autoload.php was not found.
ERROR - 2017-07-02 10:43:07 --> Severity: Notice --> Undefined index: student /Code/PHP/zd_app/code/ExamPlat/app/models/student/Mock.php 364
ERROR - 2017-07-02 10:43:07 --> The upload destination folder does not appear to be writable.
ERROR - 2017-07-02 10:43:07 --> Severity: Notice --> Undefined index: student /Code/PHP/zd_app/code/ExamPlat/app/models/student/Mock.php 386
ERROR - 2017-07-02 10:46:07 --> $config['composer_autoload'] is set to TRUE but /Code/PHP/zd_app/code/ExamPlat/app/vendor/autoload.php was not found.
ERROR - 2017-07-02 10:46:08 --> $config['composer_autoload'] is set to TRUE but /Code/PHP/zd_app/code/ExamPlat/app/vendor/autoload.php was not found.
ERROR - 2017-07-02 10:59:19 --> $config['composer_autoload'] is set to TRUE but /Code/PHP/zd_app/code/ExamPlat/app/vendor/autoload.php was not found.
ERROR - 2017-07-02 11:02:37 --> $config['composer_autoload'] is set to TRUE but /Code/PHP/zd_app/code/ExamPlat/app/vendor/autoload.php was not found.
ERROR - 2017-07-02 11:02:56 --> $config['composer_autoload'] is set to TRUE but /Code/PHP/zd_app/code/ExamPlat/app/vendor/autoload.php was not found.
ERROR - 2017-07-02 11:02:57 --> $config['composer_autoload'] is set to TRUE but /Code/PHP/zd_app/code/ExamPlat/app/vendor/autoload.php was not found.
ERROR - 2017-07-02 11:02:57 --> $config['composer_autoload'] is set to TRUE but /Code/PHP/zd_app/code/ExamPlat/app/vendor/autoload.php was not found.
ERROR - 2017-07-02 11:03:03 --> $config['composer_autoload'] is set to TRUE but /Code/PHP/zd_app/code/ExamPlat/app/vendor/autoload.php was not found.
ERROR - 2017-07-02 11:03:04 --> $config['composer_autoload'] is set to TRUE but /Code/PHP/zd_app/code/ExamPlat/app/vendor/autoload.php was not found.
ERROR - 2017-07-02 11:04:25 --> $config['composer_autoload'] is set to TRUE but /Code/PHP/zd_app/code/ExamPlat/app/vendor/autoload.php was not found.
ERROR - 2017-07-02 11:04:25 --> $config['composer_autoload'] is set to TRUE but /Code/PHP/zd_app/code/ExamPlat/app/vendor/autoload.php was not found.
ERROR - 2017-07-02 11:04:26 --> $config['composer_autoload'] is set to TRUE but /Code/PHP/zd_app/code/ExamPlat/app/vendor/autoload.php was not found.
ERROR - 2017-07-02 11:04:48 --> $config['composer_autoload'] is set to TRUE but /Code/PHP/zd_app/code/ExamPlat/app/vendor/autoload.php was not found.
ERROR - 2017-07-02 11:04:50 --> $config['composer_autoload'] is set to TRUE but /Code/PHP/zd_app/code/ExamPlat/app/vendor/autoload.php was not found.
ERROR - 2017-07-02 11:04:51 --> $config['composer_autoload'] is set to TRUE but /Code/PHP/zd_app/code/ExamPlat/app/vendor/autoload.php was not found.
ERROR - 2017-07-02 11:05:03 --> $config['composer_autoload'] is set to TRUE but /Code/PHP/zd_app/code/ExamPlat/app/vendor/autoload.php was not found.
ERROR - 2017-07-02 11:05:03 --> Severity: error --> Exception: Session parameter is error in prespeaking /Code/PHP/zd_app/code/ExamPlat/app/models/student/Mock.php 284
ERROR - 2017-07-02 11:05:07 --> $config['composer_autoload'] is set to TRUE but /Code/PHP/zd_app/code/ExamPlat/app/vendor/autoload.php was not found.
ERROR - 2017-07-02 11:05:15 --> $config['composer_autoload'] is set to TRUE but /Code/PHP/zd_app/code/ExamPlat/app/vendor/autoload.php was not found.
ERROR - 2017-07-02 11:05:17 --> $config['composer_autoload'] is set to TRUE but /Code/PHP/zd_app/code/ExamPlat/app/vendor/autoload.php was not found.
ERROR - 2017-07-02 11:05:17 --> $config['composer_autoload'] is set to TRUE but /Code/PHP/zd_app/code/ExamPlat/app/vendor/autoload.php was not found.
ERROR - 2017-07-02 11:05:19 --> $config['composer_autoload'] is set to TRUE but /Code/PHP/zd_app/code/ExamPlat/app/vendor/autoload.php was not found.
ERROR - 2017-07-02 11:05:20 --> $config['composer_autoload'] is set to TRUE but /Code/PHP/zd_app/code/ExamPlat/app/vendor/autoload.php was not found.
ERROR - 2017-07-02 11:06:20 --> $config['composer_autoload'] is set to TRUE but /Code/PHP/zd_app/code/ExamPlat/app/vendor/autoload.php was not found.
ERROR - 2017-07-02 11:06:22 --> $config['composer_autoload'] is set to TRUE but /Code/PHP/zd_app/code/ExamPlat/app/vendor/autoload.php was not found.
ERROR - 2017-07-02 11:06:22 --> $config['composer_autoload'] is set to TRUE but /Code/PHP/zd_app/code/ExamPlat/app/vendor/autoload.php was not found.
ERROR - 2017-07-02 11:06:28 --> $config['composer_autoload'] is set to TRUE but /Code/PHP/zd_app/code/ExamPlat/app/vendor/autoload.php was not found.
ERROR - 2017-07-02 11:06:30 --> $config['composer_autoload'] is set to TRUE but /Code/PHP/zd_app/code/ExamPlat/app/vendor/autoload.php was not found.
ERROR - 2017-07-02 11:09:28 --> $config['composer_autoload'] is set to TRUE but /Code/PHP/zd_app/code/ExamPlat/app/vendor/autoload.php was not found.
ERROR - 2017-07-02 11:09:31 --> $config['composer_autoload'] is set to TRUE but /Code/PHP/zd_app/code/ExamPlat/app/vendor/autoload.php was not found.
ERROR - 2017-07-02 11:09:31 --> $config['composer_autoload'] is set to TRUE but /Code/PHP/zd_app/code/ExamPlat/app/vendor/autoload.php was not found.
ERROR - 2017-07-02 11:09:33 --> $config['composer_autoload'] is set to TRUE but /Code/PHP/zd_app/code/ExamPlat/app/vendor/autoload.php was not found.
ERROR - 2017-07-02 11:09:35 --> $config['composer_autoload'] is set to TRUE but /Code/PHP/zd_app/code/ExamPlat/app/vendor/autoload.php was not found.
ERROR - 2017-07-02 11:12:01 --> $config['composer_autoload'] is set to TRUE but /Code/PHP/zd_app/code/ExamPlat/app/vendor/autoload.php was not found.
ERROR - 2017-07-02 11:12:02 --> $config['composer_autoload'] is set to TRUE but /Code/PHP/zd_app/code/ExamPlat/app/vendor/autoload.php was not found.
ERROR - 2017-07-02 11:12:02 --> $config['composer_autoload'] is set to TRUE but /Code/PHP/zd_app/code/ExamPlat/app/vendor/autoload.php was not found.
ERROR - 2017-07-02 11:12:05 --> $config['composer_autoload'] is set to TRUE but /Code/PHP/zd_app/code/ExamPlat/app/vendor/autoload.php was not found.
ERROR - 2017-07-02 11:12:06 --> $config['composer_autoload'] is set to TRUE but /Code/PHP/zd_app/code/ExamPlat/app/vendor/autoload.php was not found.
ERROR - 2017-07-02 11:12:43 --> $config['composer_autoload'] is set to TRUE but /Code/PHP/zd_app/code/ExamPlat/app/vendor/autoload.php was not found.
ERROR - 2017-07-02 11:12:43 --> $config['composer_autoload'] is set to TRUE but /Code/PHP/zd_app/code/ExamPlat/app/vendor/autoload.php was not found.
ERROR - 2017-07-02 11:14:28 --> $config['composer_autoload'] is set to TRUE but /Code/PHP/zd_app/code/ExamPlat/app/vendor/autoload.php was not found.
ERROR - 2017-07-02 11:14:29 --> $config['composer_autoload'] is set to TRUE but /Code/PHP/zd_app/code/ExamPlat/app/vendor/autoload.php was not found.
ERROR - 2017-07-02 11:14:30 --> $config['composer_autoload'] is set to TRUE but /Code/PHP/zd_app/code/ExamPlat/app/vendor/autoload.php was not found.
ERROR - 2017-07-02 11:14:31 --> $config['composer_autoload'] is set to TRUE but /Code/PHP/zd_app/code/ExamPlat/app/vendor/autoload.php was not found.
ERROR - 2017-07-02 11:14:32 --> $config['composer_autoload'] is set to TRUE but /Code/PHP/zd_app/code/ExamPlat/app/vendor/autoload.php was not found.
ERROR - 2017-07-02 11:15:09 --> $config['composer_autoload'] is set to TRUE but /Code/PHP/zd_app/code/ExamPlat/app/vendor/autoload.php was not found.
ERROR - 2017-07-02 11:15:09 --> $config['composer_autoload'] is set to TRUE but /Code/PHP/zd_app/code/ExamPlat/app/vendor/autoload.php was not found.
ERROR - 2017-07-02 11:20:10 --> $config['composer_autoload'] is set to TRUE but /Code/PHP/zd_app/code/ExamPlat/app/vendor/autoload.php was not found.
ERROR - 2017-07-02 11:20:11 --> $config['composer_autoload'] is set to TRUE but /Code/PHP/zd_app/code/ExamPlat/app/vendor/autoload.php was not found.
ERROR - 2017-07-02 11:20:11 --> $config['composer_autoload'] is set to TRUE but /Code/PHP/zd_app/code/ExamPlat/app/vendor/autoload.php was not found.
ERROR - 2017-07-02 11:20:23 --> $config['composer_autoload'] is set to TRUE but /Code/PHP/zd_app/code/ExamPlat/app/vendor/autoload.php was not found.
ERROR - 2017-07-02 11:20:24 --> $config['composer_autoload'] is set to TRUE but /Code/PHP/zd_app/code/ExamPlat/app/vendor/autoload.php was not found.
ERROR - 2017-07-02 11:21:01 --> $config['composer_autoload'] is set to TRUE but /Code/PHP/zd_app/code/ExamPlat/app/vendor/autoload.php was not found.
ERROR - 2017-07-02 11:21:02 --> $config['composer_autoload'] is set to TRUE but /Code/PHP/zd_app/code/ExamPlat/app/vendor/autoload.php was not found.
